------------------------------------------------------------------------------------------------------------------------

[2025-05-12 11:46:03 #1 store] 
Database 'C:\Users\gaizk\Desktop\SI1\Workspace\PROJECTO\America.odb' is opened by 13644@Gaizka

[2025-05-12 11:46:03 #2 store] 
Configuration path: ?

[2025-05-12 11:46:03 #3 type] 
Type domain.Sala is not enhanced.

[2025-05-12 11:46:03 #4 type] 
Type domain.Sesion is not enhanced.

[2025-05-12 11:46:03 #5 type] 
Type domain.Reserva is not enhanced.

[2025-05-12 11:46:03 #6 type] 
Type domain.Socio is not enhanced.

[2025-05-12 11:46:03 #7 type] 
Type domain.Actividad is not enhanced.

[2025-05-12 11:46:03 #8 type] 
Type domain.Factura is not enhanced.

------------------------------------------------------------------------------------------------------------------------

[2025-05-12 11:47:12 #1 store] 
Database 'C:\Users\gaizk\Desktop\SI1\Workspace\PROJECTO\America.odb' is opened by 12676@Gaizka

[2025-05-12 11:47:12 #2 store] 
Configuration path: ?

[2025-05-12 11:47:12 #3 type] 
Type domain.Sala is not enhanced.

[2025-05-12 11:47:12 #4 type] 
Type domain.Sesion is not enhanced.

[2025-05-12 11:47:12 #5 type] 
Type domain.Reserva is not enhanced.

[2025-05-12 11:47:12 #6 type] 
Type domain.Socio is not enhanced.

[2025-05-12 11:47:12 #7 type] 
Type domain.Actividad is not enhanced.

[2025-05-12 11:47:12 #8 type] 
Type domain.Factura is not enhanced.

------------------------------------------------------------------------------------------------------------------------

[2025-05-12 11:49:37 #1 store] 
Database 'C:\Users\gaizk\Desktop\SI1\Workspace\PROJECTO\America.odb' is opened by 4824@Gaizka

[2025-05-12 11:49:37 #2 store] 
Configuration path: ?

[2025-05-12 11:49:37 #3 type] 
Type domain.Sala is not enhanced.

[2025-05-12 11:49:37 #4 type] 
Type domain.Sesion is not enhanced.

[2025-05-12 11:49:37 #5 type] 
Type domain.Reserva is not enhanced.

[2025-05-12 11:49:37 #6 type] 
Type domain.Socio is not enhanced.

[2025-05-12 11:49:37 #7 type] 
Type domain.Actividad is not enhanced.

[2025-05-12 11:49:37 #8 type] 
Type domain.Factura is not enhanced.

------------------------------------------------------------------------------------------------------------------------

[2025-05-12 12:02:16 #1 store] 
Database 'C:\Users\gaizk\Desktop\SI1\Workspace\PROJECTO\America.odb' is opened by 5280@Gaizka

[2025-05-12 12:02:16 #2 store] 
Configuration path: ?

[2025-05-12 12:02:16 #3 type] 
Type domain.Sala is not enhanced.

[2025-05-12 12:02:16 #4 type] 
Type domain.Sesion is not enhanced.

[2025-05-12 12:02:16 #5 type] 
Type domain.Reserva is not enhanced.

[2025-05-12 12:02:16 #6 type] 
Type domain.Socio is not enhanced.

[2025-05-12 12:02:16 #7 type] 
Type domain.Actividad is not enhanced.

[2025-05-12 12:02:16 #8 type] 
Type domain.Factura is not enhanced.

------------------------------------------------------------------------------------------------------------------------

[2025-05-12 12:05:07 #1 store] 
Database 'C:\Users\gaizk\Desktop\SI1\Workspace\PROJECTO\America.odb' is opened by 12268@Gaizka

[2025-05-12 12:05:07 #2 store] 
Configuration path: ?

[2025-05-12 12:05:08 #3 type] 
Type domain.Sala is not enhanced.

[2025-05-12 12:05:08 #4 type] 
Type domain.Sesion is not enhanced.

[2025-05-12 12:05:08 #5 type] 
Type domain.Reserva is not enhanced.

[2025-05-12 12:05:08 #6 type] 
Type domain.Socio is not enhanced.

[2025-05-12 12:05:08 #7 type] 
Type domain.Actividad is not enhanced.

[2025-05-12 12:05:08 #8 type] 
Type domain.Factura is not enhanced.

------------------------------------------------------------------------------------------------------------------------

[2025-05-12 12:13:31 #1 store] 
Database 'C:\Users\gaizk\Desktop\SI1\Workspace\PROJECTO\America.odb' is opened by 7592@Gaizka

[2025-05-12 12:13:31 #2 store] 
Configuration path: ?

[2025-05-12 12:13:31 #3 type] 
Type domain.Sala is not enhanced.

[2025-05-12 12:13:31 #4 type] 
Type domain.Sesion is not enhanced.

[2025-05-12 12:13:31 #5 type] 
Type domain.Reserva is not enhanced.

[2025-05-12 12:13:31 #6 type] 
Type domain.Socio is not enhanced.

[2025-05-12 12:13:31 #7 type] 
Type domain.Actividad is not enhanced.

[2025-05-12 12:13:31 #8 type] 
Type domain.Factura is not enhanced.

------------------------------------------------------------------------------------------------------------------------

[2025-05-12 12:22:34 #1 store] 
Database 'C:\Users\gaizk\Desktop\SI1\Workspace\PROJECTO\America.odb' is opened by 10312@Gaizka

[2025-05-12 12:22:34 #2 store] 
Configuration path: ?

[2025-05-12 12:22:34 #3 type] 
Type domain.Sala is not enhanced.

[2025-05-12 12:22:34 #4 type] 
Type domain.Sesion is not enhanced.

[2025-05-12 12:22:34 #5 type] 
Type domain.Reserva is not enhanced.

[2025-05-12 12:22:34 #6 type] 
Type domain.Socio is not enhanced.

[2025-05-12 12:22:34 #7 type] 
Type domain.Actividad is not enhanced.

[2025-05-12 12:22:34 #8 type] 
Type domain.Factura is not enhanced.

------------------------------------------------------------------------------------------------------------------------

[2025-05-12 12:25:45 #1 store] 
Database 'C:\Users\gaizk\Desktop\SI1\Workspace\PROJECTO\America.odb' is opened by 15296@Gaizka

[2025-05-12 12:25:45 #2 store] 
Configuration path: ?

[2025-05-12 12:25:45 #3 type] 
Type domain.Sala is not enhanced.

[2025-05-12 12:25:45 #4 type] 
Type domain.Sesion is not enhanced.

[2025-05-12 12:25:45 #5 type] 
Type domain.Reserva is not enhanced.

[2025-05-12 12:25:45 #6 type] 
Type domain.Socio is not enhanced.

[2025-05-12 12:25:45 #7 type] 
Type domain.Actividad is not enhanced.

[2025-05-12 12:25:45 #8 type] 
Type domain.Factura is not enhanced.

------------------------------------------------------------------------------------------------------------------------

[2025-05-12 12:29:28 #1 store] 
Database 'C:\Users\gaizk\Desktop\SI1\Workspace\PROJECTO\America.odb' has been recovered (tr. 9-9)

[2025-05-12 12:29:28 #2 store] 
Database 'C:\Users\gaizk\Desktop\SI1\Workspace\PROJECTO\America.odb' is opened by 12888@Gaizka

[2025-05-12 12:29:28 #3 store] 
Configuration path: ?

[2025-05-12 12:29:28 #4 type] 
Type domain.Sala is not enhanced.

[2025-05-12 12:29:28 #5 type] 
Type domain.Sesion is not enhanced.

[2025-05-12 12:29:28 #6 type] 
Type domain.Reserva is not enhanced.

[2025-05-12 12:29:28 #7 type] 
Type domain.Socio is not enhanced.

[2025-05-12 12:29:28 #8 type] 
Type domain.Actividad is not enhanced.

[2025-05-12 12:29:28 #9 type] 
Type domain.Factura is not enhanced.

------------------------------------------------------------------------------------------------------------------------

[2025-05-12 12:33:29 #1 store] 
Database 'C:\Users\gaizk\Desktop\SI1\Workspace\PROJECTO\America.odb' has been recovered (tr. 10-10)

[2025-05-12 12:33:29 #2 store] 
Database 'C:\Users\gaizk\Desktop\SI1\Workspace\PROJECTO\America.odb' is opened by 1736@Gaizka

[2025-05-12 12:33:29 #3 store] 
Configuration path: ?

[2025-05-12 12:33:29 #4 type] 
Type domain.Sala is not enhanced.

[2025-05-12 12:33:29 #5 type] 
Type domain.Sesion is not enhanced.

[2025-05-12 12:33:29 #6 type] 
Type domain.Reserva is not enhanced.

[2025-05-12 12:33:29 #7 type] 
Type domain.Socio is not enhanced.

[2025-05-12 12:33:29 #8 type] 
Type domain.Actividad is not enhanced.

[2025-05-12 12:33:29 #9 type] 
Type domain.Factura is not enhanced.

------------------------------------------------------------------------------------------------------------------------

[2025-05-12 12:38:27 #1 store] 
Database 'C:\Users\gaizk\Desktop\SI1\Workspace\PROJECTO\America.odb' is opened by 9480@Gaizka

[2025-05-12 12:38:27 #2 store] 
Configuration path: ?

[2025-05-12 12:38:27 #3 type] 
Type domain.Sala is not enhanced.

[2025-05-12 12:38:28 #4 type] 
Type domain.Sesion is not enhanced.

[2025-05-12 12:38:28 #5 type] 
Type domain.Reserva is not enhanced.

[2025-05-12 12:38:28 #6 type] 
Type domain.Socio is not enhanced.

[2025-05-12 12:38:28 #7 type] 
Type domain.Actividad is not enhanced.

[2025-05-12 12:38:28 #8 type] 
Type domain.Factura is not enhanced.

------------------------------------------------------------------------------------------------------------------------

[2025-05-12 12:44:41 #1 store] 
Database 'C:\Users\gaizk\Desktop\SI1\Workspace\PROJECTO\America.odb' is opened by 7004@Gaizka

[2025-05-12 12:44:42 #2 store] 
Configuration path: ?

[2025-05-12 12:44:42 #3 type] 
Type domain.Sala is not enhanced.

[2025-05-12 12:44:42 #4 type] 
Type domain.Sesion is not enhanced.

[2025-05-12 12:44:42 #5 type] 
Type domain.Reserva is not enhanced.

[2025-05-12 12:44:42 #6 type] 
Type domain.Socio is not enhanced.

[2025-05-12 12:44:42 #7 type] 
Type domain.Actividad is not enhanced.

[2025-05-12 12:44:42 #8 type] 
Type domain.Factura is not enhanced.

------------------------------------------------------------------------------------------------------------------------

[2025-05-12 12:46:07 #1 store] 
Database 'C:\Users\gaizk\Desktop\SI1\Workspace\PROJECTO\America.odb' is opened by 13896@Gaizka

[2025-05-12 12:46:07 #2 store] 
Configuration path: ?

[2025-05-12 12:46:07 #3 type] 
Type domain.Sala is not enhanced.

[2025-05-12 12:46:07 #4 type] 
Type domain.Sesion is not enhanced.

[2025-05-12 12:46:07 #5 type] 
Type domain.Reserva is not enhanced.

[2025-05-12 12:46:07 #6 type] 
Type domain.Socio is not enhanced.

[2025-05-12 12:46:07 #7 type] 
Type domain.Actividad is not enhanced.

[2025-05-12 12:46:07 #8 type] 
Type domain.Factura is not enhanced.

------------------------------------------------------------------------------------------------------------------------

[2025-05-12 12:48:36 #1 store] 
Database 'C:\Users\gaizk\Desktop\SI1\Workspace\PROJECTO\America.odb' has been recovered (tr. 11-13)

[2025-05-12 12:48:36 #2 store] 
Database 'C:\Users\gaizk\Desktop\SI1\Workspace\PROJECTO\America.odb' is opened by 14140@Gaizka

[2025-05-12 12:48:36 #3 store] 
Configuration path: ?

[2025-05-12 12:48:37 #4 type] 
Type domain.Sala is not enhanced.

[2025-05-12 12:48:37 #5 type] 
Type domain.Sesion is not enhanced.

[2025-05-12 12:48:37 #6 type] 
Type domain.Reserva is not enhanced.

[2025-05-12 12:48:37 #7 type] 
Type domain.Socio is not enhanced.

[2025-05-12 12:48:37 #8 type] 
Type domain.Actividad is not enhanced.

[2025-05-12 12:48:37 #9 type] 
Type domain.Factura is not enhanced.

------------------------------------------------------------------------------------------------------------------------

[2025-05-12 12:48:46 #1 store] 
Database 'C:\Users\gaizk\Desktop\SI1\Workspace\PROJECTO\America.odb' is opened by 10020@Gaizka

[2025-05-12 12:48:46 #2 store] 
Configuration path: ?

[2025-05-12 12:48:46 #3 type] 
Type domain.Sala is not enhanced.

[2025-05-12 12:48:46 #4 type] 
Type domain.Sesion is not enhanced.

[2025-05-12 12:48:46 #5 type] 
Type domain.Reserva is not enhanced.

[2025-05-12 12:48:46 #6 type] 
Type domain.Socio is not enhanced.

[2025-05-12 12:48:46 #7 type] 
Type domain.Actividad is not enhanced.

[2025-05-12 12:48:46 #8 type] 
Type domain.Factura is not enhanced.

------------------------------------------------------------------------------------------------------------------------

[2025-05-12 12:53:03 #1 store] 
Database 'C:\Users\gaizk\Desktop\SI1\Workspace\PROJECTO\America.odb' is opened by 5056@Gaizka

[2025-05-12 12:53:03 #2 store] 
Configuration path: ?

[2025-05-12 12:53:03 #3 type] 
Type domain.Sala is not enhanced.

[2025-05-12 12:53:03 #4 type] 
Type domain.Sesion is not enhanced.

[2025-05-12 12:53:03 #5 type] 
Type domain.Reserva is not enhanced.

[2025-05-12 12:53:03 #6 type] 
Type domain.Socio is not enhanced.

[2025-05-12 12:53:03 #7 type] 
Type domain.Actividad is not enhanced.

[2025-05-12 12:53:03 #8 type] 
Type domain.Factura is not enhanced.

[2025-05-12 12:53:03 #9 store] 
Database 'C:\Users\gaizk\Desktop\SI1\Workspace\PROJECTO\America.odb' is closed by 5056@Gaizka

------------------------------------------------------------------------------------------------------------------------

[2025-05-12 12:53:22 #1 store] 
Database 'C:\Users\gaizk\Desktop\SI1\Workspace\PROJECTO\America.odb' is opened by 13144@Gaizka

[2025-05-12 12:53:22 #2 store] 
Configuration path: ?

[2025-05-12 12:53:22 #3 type] 
Type domain.Sala is not enhanced.

[2025-05-12 12:53:22 #4 type] 
Type domain.Sesion is not enhanced.

[2025-05-12 12:53:22 #5 type] 
Type domain.Reserva is not enhanced.

[2025-05-12 12:53:22 #6 type] 
Type domain.Socio is not enhanced.

[2025-05-12 12:53:22 #7 type] 
Type domain.Actividad is not enhanced.

[2025-05-12 12:53:22 #8 type] 
Type domain.Factura is not enhanced.

------------------------------------------------------------------------------------------------------------------------

[2025-05-12 12:55:24 #1 store] 
Database 'C:\Users\gaizk\Desktop\SI1\Workspace\PROJECTO\America.odb' has been recovered (tr. 8-8)

[2025-05-12 12:55:24 #2 store] 
Database 'C:\Users\gaizk\Desktop\SI1\Workspace\PROJECTO\America.odb' is opened by 12972@Gaizka

[2025-05-12 12:55:24 #3 store] 
Configuration path: ?

[2025-05-12 12:55:24 #4 type] 
Type domain.Sala is not enhanced.

[2025-05-12 12:55:24 #5 type] 
Type domain.Sesion is not enhanced.

[2025-05-12 12:55:24 #6 type] 
Type domain.Reserva is not enhanced.

[2025-05-12 12:55:24 #7 type] 
Type domain.Socio is not enhanced.

[2025-05-12 12:55:24 #8 type] 
Type domain.Actividad is not enhanced.

[2025-05-12 12:55:24 #9 type] 
Type domain.Factura is not enhanced.

------------------------------------------------------------------------------------------------------------------------

[2025-05-12 13:04:22 #1 store] 
Database 'C:\Users\gaizk\Desktop\SI1\Workspace\PROJECTO\America.odb' has been recovered (tr. 9-9)

[2025-05-12 13:04:22 #2 store] 
Database 'C:\Users\gaizk\Desktop\SI1\Workspace\PROJECTO\America.odb' is opened by 12776@Gaizka

[2025-05-12 13:04:22 #3 store] 
Configuration path: ?

[2025-05-12 13:04:22 #4 type] 
Type domain.Sala is not enhanced.

[2025-05-12 13:04:22 #5 type] 
Type domain.Sesion is not enhanced.

[2025-05-12 13:04:22 #6 type] 
Type domain.Reserva is not enhanced.

[2025-05-12 13:04:22 #7 type] 
Type domain.Socio is not enhanced.

[2025-05-12 13:04:22 #8 type] 
Type domain.Actividad is not enhanced.

[2025-05-12 13:04:22 #9 type] 
Type domain.Factura is not enhanced.

------------------------------------------------------------------------------------------------------------------------

[2025-05-12 13:10:46 #1 store] 
Database 'C:\Users\gaizk\Desktop\SI1\Workspace\PROJECTO\America.odb' has been recovered (tr. 10-10)

[2025-05-12 13:10:46 #2 store] 
Database 'C:\Users\gaizk\Desktop\SI1\Workspace\PROJECTO\America.odb' is opened by 7048@Gaizka

[2025-05-12 13:10:46 #3 store] 
Configuration path: ?

[2025-05-12 13:10:46 #4 type] 
Type domain.Sala is not enhanced.

[2025-05-12 13:10:46 #5 type] 
Type domain.Sesion is not enhanced.

[2025-05-12 13:10:46 #6 type] 
Type domain.Reserva is not enhanced.

[2025-05-12 13:10:46 #7 type] 
Type domain.Socio is not enhanced.

[2025-05-12 13:10:46 #8 type] 
Type domain.Actividad is not enhanced.

[2025-05-12 13:10:46 #9 type] 
Type domain.Factura is not enhanced.

------------------------------------------------------------------------------------------------------------------------

[2025-05-12 13:13:41 #1 store] 
Database 'C:\Users\gaizk\Desktop\SI1\Workspace\PROJECTO\America.odb' has been recovered (tr. 11-11)

[2025-05-12 13:13:41 #2 store] 
Database 'C:\Users\gaizk\Desktop\SI1\Workspace\PROJECTO\America.odb' is opened by 6956@Gaizka

[2025-05-12 13:13:41 #3 store] 
Configuration path: ?

[2025-05-12 13:13:41 #4 type] 
Type domain.Sala is not enhanced.

[2025-05-12 13:13:41 #5 type] 
Type domain.Sesion is not enhanced.

[2025-05-12 13:13:41 #6 type] 
Type domain.Reserva is not enhanced.

[2025-05-12 13:13:41 #7 type] 
Type domain.Socio is not enhanced.

[2025-05-12 13:13:41 #8 type] 
Type domain.Actividad is not enhanced.

[2025-05-12 13:13:41 #9 type] 
Type domain.Factura is not enhanced.

------------------------------------------------------------------------------------------------------------------------

[2025-05-12 17:42:53 #1 store] 
Database 'C:\Users\gaizk\Desktop\SI1\Workspace\PROJECTO\America.odb' is opened by 16228@Gaizka

[2025-05-12 17:42:53 #2 store] 
Configuration path: ?

[2025-05-12 17:42:53 #3 type] 
Type domain.Sala is not enhanced.

[2025-05-12 17:42:53 #4 type] 
Type domain.Sesion is not enhanced.

[2025-05-12 17:42:53 #5 type] 
Type domain.Reserva is not enhanced.

[2025-05-12 17:42:53 #6 type] 
Type domain.Socio is not enhanced.

[2025-05-12 17:42:53 #7 type] 
Type domain.Actividad is not enhanced.

[2025-05-12 17:42:53 #8 type] 
Type domain.Factura is not enhanced.

------------------------------------------------------------------------------------------------------------------------

[2025-05-12 17:43:16 #1 store] 
Database 'C:\Users\gaizk\Desktop\SI1\Workspace\PROJECTO\America.odb' has been recovered (tr. 12-12)

[2025-05-12 17:43:16 #2 store] 
Database 'C:\Users\gaizk\Desktop\SI1\Workspace\PROJECTO\America.odb' is opened by 2596@Gaizka

[2025-05-12 17:43:16 #3 store] 
Configuration path: ?

[2025-05-12 17:43:16 #4 type] 
Type domain.Sala is not enhanced.

[2025-05-12 17:43:16 #5 type] 
Type domain.Sesion is not enhanced.

[2025-05-12 17:43:16 #6 type] 
Type domain.Reserva is not enhanced.

[2025-05-12 17:43:17 #7 type] 
Type domain.Socio is not enhanced.

[2025-05-12 17:43:17 #8 type] 
Type domain.Actividad is not enhanced.

[2025-05-12 17:43:17 #9 type] 
Type domain.Factura is not enhanced.

------------------------------------------------------------------------------------------------------------------------

[2025-05-12 17:50:01 #1 store] 
Database 'C:\Users\gaizk\Desktop\SI1\Workspace\PROJECTO\America.odb' has been recovered (tr. 13-15)

[2025-05-12 17:50:01 #2 store] 
Database 'C:\Users\gaizk\Desktop\SI1\Workspace\PROJECTO\America.odb' is opened by 192@Gaizka

[2025-05-12 17:50:01 #3 store] 
Configuration path: ?

[2025-05-12 17:50:01 #4 type] 
Type domain.Sala is not enhanced.

[2025-05-12 17:50:01 #5 type] 
Type domain.Sesion is not enhanced.

[2025-05-12 17:50:01 #6 type] 
Type domain.Reserva is not enhanced.

[2025-05-12 17:50:01 #7 type] 
Type domain.Socio is not enhanced.

[2025-05-12 17:50:01 #8 type] 
Type domain.Actividad is not enhanced.

[2025-05-12 17:50:01 #9 type] 
Type domain.Factura is not enhanced.

------------------------------------------------------------------------------------------------------------------------

[2025-05-12 17:50:15 #1 store] 
Database 'C:\Users\gaizk\Desktop\SI1\Workspace\PROJECTO\America.odb' is opened by 8364@Gaizka

[2025-05-12 17:50:15 #2 store] 
Configuration path: ?

[2025-05-12 17:50:16 #3 type] 
Type domain.Sala is not enhanced.

[2025-05-12 17:50:16 #4 type] 
Type domain.Sesion is not enhanced.

[2025-05-12 17:50:16 #5 type] 
Type domain.Reserva is not enhanced.

[2025-05-12 17:50:16 #6 type] 
Type domain.Socio is not enhanced.

[2025-05-12 17:50:16 #7 type] 
Type domain.Actividad is not enhanced.

[2025-05-12 17:50:16 #8 type] 
Type domain.Factura is not enhanced.

------------------------------------------------------------------------------------------------------------------------

[2025-05-12 17:50:32 #1 store] 
Database 'C:\Users\gaizk\Desktop\SI1\Workspace\PROJECTO\America.odb' has been recovered (tr. 16-16)

[2025-05-12 17:50:32 #2 store] 
Database 'C:\Users\gaizk\Desktop\SI1\Workspace\PROJECTO\America.odb' is opened by 15380@Gaizka

[2025-05-12 17:50:32 #3 store] 
Configuration path: ?

[2025-05-12 17:50:32 #4 type] 
Type domain.Sala is not enhanced.

[2025-05-12 17:50:33 #5 type] 
Type domain.Sesion is not enhanced.

[2025-05-12 17:50:33 #6 type] 
Type domain.Reserva is not enhanced.

[2025-05-12 17:50:33 #7 type] 
Type domain.Socio is not enhanced.

[2025-05-12 17:50:33 #8 type] 
Type domain.Actividad is not enhanced.

[2025-05-12 17:50:33 #9 type] 
Type domain.Factura is not enhanced.

------------------------------------------------------------------------------------------------------------------------

[2025-05-12 18:10:31 #1 store] 
Database 'C:\Users\gaizk\Desktop\SI1\Workspace\PROJECTO\America.odb' is opened by 14760@Gaizka

[2025-05-12 18:10:31 #2 store] 
Configuration path: ?

[2025-05-12 18:10:31 #3 type] 
Type domain.Sala is not enhanced.

[2025-05-12 18:10:32 #4 type] 
Type domain.Sesion is not enhanced.

[2025-05-12 18:10:32 #5 type] 
Type domain.Reserva is not enhanced.

[2025-05-12 18:10:32 #6 type] 
Type domain.Socio is not enhanced.

[2025-05-12 18:10:32 #7 type] 
Type domain.Actividad is not enhanced.

[2025-05-12 18:10:32 #8 type] 
Type domain.Factura is not enhanced.

[2025-05-12 18:10:32 #9 store] 
Database 'C:\Users\gaizk\Desktop\SI1\Workspace\PROJECTO\America.odb' is closed by 14760@Gaizka

------------------------------------------------------------------------------------------------------------------------

[2025-05-12 18:10:39 #1 store] 
Database 'C:\Users\gaizk\Desktop\SI1\Workspace\PROJECTO\America.odb' is opened by 12268@Gaizka

[2025-05-12 18:10:39 #2 store] 
Configuration path: ?

[2025-05-12 18:10:39 #3 type] 
Type domain.Sala is not enhanced.

[2025-05-12 18:10:39 #4 type] 
Type domain.Sesion is not enhanced.

[2025-05-12 18:10:39 #5 type] 
Type domain.Reserva is not enhanced.

[2025-05-12 18:10:39 #6 type] 
Type domain.Socio is not enhanced.

[2025-05-12 18:10:39 #7 type] 
Type domain.Actividad is not enhanced.

[2025-05-12 18:10:39 #8 type] 
Type domain.Factura is not enhanced.

------------------------------------------------------------------------------------------------------------------------

[2025-05-12 18:10:49 #1 store] 
Database 'C:\Users\gaizk\Desktop\SI1\Workspace\PROJECTO\America.odb' is opened by 13772@Gaizka

[2025-05-12 18:10:49 #2 store] 
Configuration path: ?

[2025-05-12 18:10:49 #3 type] 
Type domain.Sala is not enhanced.

[2025-05-12 18:10:50 #4 type] 
Type domain.Sesion is not enhanced.

[2025-05-12 18:10:50 #5 type] 
Type domain.Reserva is not enhanced.

[2025-05-12 18:10:50 #6 type] 
Type domain.Socio is not enhanced.

[2025-05-12 18:10:50 #7 type] 
Type domain.Actividad is not enhanced.

[2025-05-12 18:10:50 #8 type] 
Type domain.Factura is not enhanced.

------------------------------------------------------------------------------------------------------------------------

[2025-05-12 18:11:22 #1 store] 
Database 'C:\Users\gaizk\Desktop\SI1\Workspace\PROJECTO\America.odb' is opened by 14416@Gaizka

[2025-05-12 18:11:22 #2 store] 
Configuration path: ?

[2025-05-12 18:11:23 #3 type] 
Type domain.Sala is not enhanced.

[2025-05-12 18:11:23 #4 type] 
Type domain.Sesion is not enhanced.

[2025-05-12 18:11:23 #5 type] 
Type domain.Reserva is not enhanced.

[2025-05-12 18:11:23 #6 type] 
Type domain.Socio is not enhanced.

[2025-05-12 18:11:23 #7 type] 
Type domain.Actividad is not enhanced.

[2025-05-12 18:11:23 #8 type] 
Type domain.Factura is not enhanced.

------------------------------------------------------------------------------------------------------------------------

[2025-05-12 18:21:00 #1 store] 
Database 'C:\Users\gaizk\Desktop\SI1\Workspace\PROJECTO\America.odb' is opened by 11772@Gaizka

[2025-05-12 18:21:00 #2 store] 
Configuration path: ?

[2025-05-12 18:21:00 #3 type] 
Type domain.Sala is not enhanced.

[2025-05-12 18:21:00 #4 type] 
Type domain.Sesion is not enhanced.

[2025-05-12 18:21:00 #5 type] 
Type domain.Reserva is not enhanced.

[2025-05-12 18:21:00 #6 type] 
Type domain.Socio is not enhanced.

[2025-05-12 18:21:00 #7 type] 
Type domain.Actividad is not enhanced.

[2025-05-12 18:21:00 #8 type] 
Type domain.Factura is not enhanced.

------------------------------------------------------------------------------------------------------------------------

[2025-05-12 18:21:23 #1 store] 
Database 'C:\Users\gaizk\Desktop\SI1\Workspace\PROJECTO\America.odb' has been recovered (tr. 8-8)

[2025-05-12 18:21:23 #2 store] 
Database 'C:\Users\gaizk\Desktop\SI1\Workspace\PROJECTO\America.odb' is opened by 7872@Gaizka

[2025-05-12 18:21:23 #3 store] 
Configuration path: ?

[2025-05-12 18:21:23 #4 type] 
Type domain.Sala is not enhanced.

[2025-05-12 18:21:23 #5 type] 
Type domain.Sesion is not enhanced.

[2025-05-12 18:21:23 #6 type] 
Type domain.Reserva is not enhanced.

[2025-05-12 18:21:23 #7 type] 
Type domain.Socio is not enhanced.

[2025-05-12 18:21:23 #8 type] 
Type domain.Actividad is not enhanced.

[2025-05-12 18:21:23 #9 type] 
Type domain.Factura is not enhanced.

------------------------------------------------------------------------------------------------------------------------

[2025-05-12 18:21:35 #1 store] 
Database 'C:\Users\gaizk\Desktop\SI1\Workspace\PROJECTO\America.odb' is opened by 14872@Gaizka

[2025-05-12 18:21:35 #2 store] 
Configuration path: ?

[2025-05-12 18:21:36 #3 type] 
Type domain.Sala is not enhanced.

[2025-05-12 18:21:36 #4 type] 
Type domain.Sesion is not enhanced.

[2025-05-12 18:21:36 #5 type] 
Type domain.Reserva is not enhanced.

[2025-05-12 18:21:36 #6 type] 
Type domain.Socio is not enhanced.

[2025-05-12 18:21:36 #7 type] 
Type domain.Actividad is not enhanced.

[2025-05-12 18:21:36 #8 type] 
Type domain.Factura is not enhanced.

------------------------------------------------------------------------------------------------------------------------

[2025-05-12 18:23:54 #1 store] 
Database 'C:\Users\gaizk\Desktop\SI1\Workspace\PROJECTO\America.odb' has been recovered (tr. 9-10)

[2025-05-12 18:23:54 #2 store] 
Database 'C:\Users\gaizk\Desktop\SI1\Workspace\PROJECTO\America.odb' is opened by 11816@Gaizka

[2025-05-12 18:23:54 #3 store] 
Configuration path: ?

[2025-05-12 18:23:54 #4 type] 
Type domain.Sala is not enhanced.

[2025-05-12 18:23:54 #5 type] 
Type domain.Sesion is not enhanced.

[2025-05-12 18:23:54 #6 type] 
Type domain.Reserva is not enhanced.

[2025-05-12 18:23:54 #7 type] 
Type domain.Socio is not enhanced.

[2025-05-12 18:23:54 #8 type] 
Type domain.Actividad is not enhanced.

[2025-05-12 18:23:54 #9 type] 
Type domain.Factura is not enhanced.

------------------------------------------------------------------------------------------------------------------------

[2025-05-12 18:32:18 #1 store] 
Database 'C:\Users\gaizk\Desktop\SI1\Workspace\PROJECTO\America.odb' is opened by 12972@Gaizka

[2025-05-12 18:32:18 #2 store] 
Configuration path: ?

[2025-05-12 18:32:18 #3 type] 
Type domain.Sala is not enhanced.

[2025-05-12 18:32:18 #4 type] 
Type domain.Sesion is not enhanced.

[2025-05-12 18:32:18 #5 type] 
Type domain.Reserva is not enhanced.

[2025-05-12 18:32:18 #6 type] 
Type domain.Socio is not enhanced.

[2025-05-12 18:32:18 #7 type] 
Type domain.Actividad is not enhanced.

[2025-05-12 18:32:18 #8 type] 
Type domain.Factura is not enhanced.

[2025-05-12 18:32:18 #9 store] 
Database 'C:\Users\gaizk\Desktop\SI1\Workspace\PROJECTO\America.odb' is closed by 12972@Gaizka

------------------------------------------------------------------------------------------------------------------------

[2025-05-12 18:32:29 #1 store] 
Database 'C:\Users\gaizk\Desktop\SI1\Workspace\PROJECTO\America.odb' is opened by 5052@Gaizka

[2025-05-12 18:32:29 #2 store] 
Configuration path: ?

[2025-05-12 18:32:30 #3 type] 
Type domain.Sala is not enhanced.

[2025-05-12 18:32:30 #4 type] 
Type domain.Sesion is not enhanced.

[2025-05-12 18:32:30 #5 type] 
Type domain.Reserva is not enhanced.

[2025-05-12 18:32:30 #6 type] 
Type domain.Socio is not enhanced.

[2025-05-12 18:32:30 #7 type] 
Type domain.Actividad is not enhanced.

[2025-05-12 18:32:30 #8 type] 
Type domain.Factura is not enhanced.

------------------------------------------------------------------------------------------------------------------------

[2025-05-12 18:33:55 #1 store] 
Database 'C:\Users\gaizk\Desktop\SI1\Workspace\PROJECTO\America.odb' has been recovered (tr. 8-8)

[2025-05-12 18:33:55 #2 store] 
Database 'C:\Users\gaizk\Desktop\SI1\Workspace\PROJECTO\America.odb' is opened by 7640@Gaizka

[2025-05-12 18:33:55 #3 store] 
Configuration path: ?

[2025-05-12 18:33:56 #4 type] 
Type domain.Sala is not enhanced.

[2025-05-12 18:33:56 #5 type] 
Type domain.Sesion is not enhanced.

[2025-05-12 18:33:56 #6 type] 
Type domain.Reserva is not enhanced.

[2025-05-12 18:33:56 #7 type] 
Type domain.Socio is not enhanced.

[2025-05-12 18:33:56 #8 type] 
Type domain.Actividad is not enhanced.

[2025-05-12 18:33:56 #9 type] 
Type domain.Factura is not enhanced.

