------------------------------------------------------------------------------------------------------------------------

[2025-05-16 16:44:07 #1 store] 
Database 'C:\Users\gaizk\git\repository\proyecto\PROJECTO\America.odb' is opened by 16656@Gaizka

[2025-05-16 16:44:07 #2 store] 
Configuration path: ?

[2025-05-16 16:44:07 #3 type] 
Type domain.Sala is not enhanced.

[2025-05-16 16:44:07 #4 type] 
Type domain.Sesion is not enhanced.

[2025-05-16 16:44:07 #5 type] 
Type domain.Reserva is not enhanced.

[2025-05-16 16:44:07 #6 type] 
Type domain.Socio is not enhanced.

[2025-05-16 16:44:07 #7 type] 
Type domain.Actividad is not enhanced.

[2025-05-16 16:44:07 #8 type] 
Type domain.Factura is not enhanced.

[2025-05-16 16:44:07 #9 store] 
Database 'C:\Users\gaizk\git\repository\proyecto\PROJECTO\America.odb' is closed by 16656@Gaizka

------------------------------------------------------------------------------------------------------------------------

[2025-05-16 16:46:00 #1 store] 
Database 'C:\Users\gaizk\git\repository\proyecto\PROJECTO\America.odb' is opened by 15528@Gaizka

[2025-05-16 16:46:00 #2 store] 
Configuration path: ?

[2025-05-16 16:46:00 #3 type] 
Type domain.Sala is not enhanced.

[2025-05-16 16:46:00 #4 type] 
Type domain.Sesion is not enhanced.

[2025-05-16 16:46:00 #5 type] 
Type domain.Reserva is not enhanced.

[2025-05-16 16:46:00 #6 type] 
Type domain.Socio is not enhanced.

[2025-05-16 16:46:00 #7 type] 
Type domain.Actividad is not enhanced.

[2025-05-16 16:46:00 #8 type] 
Type domain.Factura is not enhanced.

------------------------------------------------------------------------------------------------------------------------

[2025-05-16 16:49:57 #1 store] 
Database 'C:\Users\gaizk\git\repository\proyecto\PROJECTO\America.odb' has been recovered (tr. 8-9)

[2025-05-16 16:49:57 #2 store] 
Database 'C:\Users\gaizk\git\repository\proyecto\PROJECTO\America.odb' is opened by 13888@Gaizka

[2025-05-16 16:49:57 #3 store] 
Configuration path: ?

[2025-05-16 16:49:57 #4 type] 
Type domain.Sala is not enhanced.

[2025-05-16 16:49:57 #5 type] 
Type domain.Sesion is not enhanced.

[2025-05-16 16:49:57 #6 type] 
Type domain.Reserva is not enhanced.

[2025-05-16 16:49:57 #7 type] 
Type domain.Socio is not enhanced.

[2025-05-16 16:49:57 #8 type] 
Type domain.Actividad is not enhanced.

[2025-05-16 16:49:57 #9 type] 
Type domain.Factura is not enhanced.

------------------------------------------------------------------------------------------------------------------------

[2025-05-16 16:55:31 #1 store] 
Database 'C:\Users\gaizk\git\repository\proyecto\PROJECTO\America.odb' has been recovered (tr. 10-10)

[2025-05-16 16:55:31 #2 store] 
Database 'C:\Users\gaizk\git\repository\proyecto\PROJECTO\America.odb' is opened by 15356@Gaizka

[2025-05-16 16:55:31 #3 store] 
Configuration path: ?

[2025-05-16 16:55:31 #4 type] 
Type domain.Sala is not enhanced.

[2025-05-16 16:55:31 #5 type] 
Type domain.Sesion is not enhanced.

[2025-05-16 16:55:31 #6 type] 
Type domain.Reserva is not enhanced.

[2025-05-16 16:55:31 #7 type] 
Type domain.Socio is not enhanced.

[2025-05-16 16:55:31 #8 type] 
Type domain.Actividad is not enhanced.

[2025-05-16 16:55:31 #9 type] 
Type domain.Factura is not enhanced.

------------------------------------------------------------------------------------------------------------------------

[2025-05-16 17:00:30 #1 store] 
Database 'C:\Users\gaizk\git\repository\proyecto\PROJECTO\America.odb' has been recovered (tr. 11-11)

[2025-05-16 17:00:30 #2 store] 
Database 'C:\Users\gaizk\git\repository\proyecto\PROJECTO\America.odb' is opened by 6984@Gaizka

[2025-05-16 17:00:30 #3 store] 
Configuration path: ?

[2025-05-16 17:00:30 #4 type] 
Type domain.Sala is not enhanced.

[2025-05-16 17:00:30 #5 type] 
Type domain.Sesion is not enhanced.

[2025-05-16 17:00:30 #6 type] 
Type domain.Reserva is not enhanced.

[2025-05-16 17:00:30 #7 type] 
Type domain.Socio is not enhanced.

[2025-05-16 17:00:30 #8 type] 
Type domain.Actividad is not enhanced.

[2025-05-16 17:00:30 #9 type] 
Type domain.Factura is not enhanced.

------------------------------------------------------------------------------------------------------------------------

[2025-05-16 17:01:56 #1 store] 
Database 'C:\Users\gaizk\git\repository\proyecto\PROJECTO\America.odb' is opened by 17180@Gaizka

[2025-05-16 17:01:56 #2 store] 
Configuration path: ?

[2025-05-16 17:01:56 #3 type] 
Type domain.Sala is not enhanced.

[2025-05-16 17:01:56 #4 type] 
Type domain.Sesion is not enhanced.

[2025-05-16 17:01:56 #5 type] 
Type domain.Reserva is not enhanced.

[2025-05-16 17:01:56 #6 type] 
Type domain.Socio is not enhanced.

[2025-05-16 17:01:56 #7 type] 
Type domain.Actividad is not enhanced.

[2025-05-16 17:01:56 #8 type] 
Type domain.Factura is not enhanced.

------------------------------------------------------------------------------------------------------------------------

[2025-05-16 17:05:13 #1 store] 
Database 'C:\Users\gaizk\git\repository\proyecto\PROJECTO\America.odb' has been recovered (tr. 12-12)

[2025-05-16 17:05:13 #2 store] 
Database 'C:\Users\gaizk\git\repository\proyecto\PROJECTO\America.odb' is opened by 16828@Gaizka

[2025-05-16 17:05:13 #3 store] 
Configuration path: ?

[2025-05-16 17:05:13 #4 type] 
Type domain.Sala is not enhanced.

[2025-05-16 17:05:14 #5 type] 
Type domain.Sesion is not enhanced.

[2025-05-16 17:05:14 #6 type] 
Type domain.Reserva is not enhanced.

[2025-05-16 17:05:14 #7 type] 
Type domain.Socio is not enhanced.

[2025-05-16 17:05:14 #8 type] 
Type domain.Actividad is not enhanced.

[2025-05-16 17:05:14 #9 type] 
Type domain.Factura is not enhanced.

------------------------------------------------------------------------------------------------------------------------

[2025-05-16 17:05:37 #1 store] 
Database 'C:\Users\gaizk\git\repository\proyecto\PROJECTO\America.odb' is opened by 1444@Gaizka

[2025-05-16 17:05:37 #2 store] 
Configuration path: ?

[2025-05-16 17:05:37 #3 type] 
Type domain.Sala is not enhanced.

[2025-05-16 17:05:37 #4 type] 
Type domain.Sesion is not enhanced.

[2025-05-16 17:05:37 #5 type] 
Type domain.Reserva is not enhanced.

[2025-05-16 17:05:37 #6 type] 
Type domain.Socio is not enhanced.

[2025-05-16 17:05:37 #7 type] 
Type domain.Actividad is not enhanced.

[2025-05-16 17:05:37 #8 type] 
Type domain.Factura is not enhanced.

------------------------------------------------------------------------------------------------------------------------

[2025-05-16 17:06:17 #1 store] 
Database 'C:\Users\gaizk\git\repository\proyecto\PROJECTO\America.odb' has been recovered (tr. 13-14)

[2025-05-16 17:06:17 #2 store] 
Database 'C:\Users\gaizk\git\repository\proyecto\PROJECTO\America.odb' is opened by 15068@Gaizka

[2025-05-16 17:06:17 #3 store] 
Configuration path: ?

[2025-05-16 17:06:17 #4 type] 
Type domain.Sala is not enhanced.

[2025-05-16 17:06:17 #5 type] 
Type domain.Sesion is not enhanced.

[2025-05-16 17:06:17 #6 type] 
Type domain.Reserva is not enhanced.

[2025-05-16 17:06:17 #7 type] 
Type domain.Socio is not enhanced.

[2025-05-16 17:06:17 #8 type] 
Type domain.Actividad is not enhanced.

[2025-05-16 17:06:17 #9 type] 
Type domain.Factura is not enhanced.

------------------------------------------------------------------------------------------------------------------------

[2025-05-16 17:07:36 #1 store] 
Database 'C:\Users\gaizk\git\repository\proyecto\PROJECTO\America.odb' is opened by 15244@Gaizka

[2025-05-16 17:07:36 #2 store] 
Configuration path: ?

[2025-05-16 17:07:36 #3 type] 
Type domain.Sala is not enhanced.

[2025-05-16 17:07:36 #4 type] 
Type domain.Sesion is not enhanced.

[2025-05-16 17:07:36 #5 type] 
Type domain.Reserva is not enhanced.

[2025-05-16 17:07:36 #6 type] 
Type domain.Socio is not enhanced.

[2025-05-16 17:07:36 #7 type] 
Type domain.Actividad is not enhanced.

[2025-05-16 17:07:36 #8 type] 
Type domain.Factura is not enhanced.

------------------------------------------------------------------------------------------------------------------------

[2025-05-16 17:13:44 #1 store] 
Database 'C:\Users\gaizk\git\repository\proyecto\PROJECTO\America.odb' has been recovered (tr. 15-15)

[2025-05-16 17:13:44 #2 store] 
Database 'C:\Users\gaizk\git\repository\proyecto\PROJECTO\America.odb' is opened by 16780@Gaizka

[2025-05-16 17:13:44 #3 store] 
Configuration path: ?

[2025-05-16 17:13:44 #4 type] 
Type domain.Sala is not enhanced.

[2025-05-16 17:13:44 #5 type] 
Type domain.Sesion is not enhanced.

[2025-05-16 17:13:44 #6 type] 
Type domain.Reserva is not enhanced.

[2025-05-16 17:13:44 #7 type] 
Type domain.Socio is not enhanced.

[2025-05-16 17:13:44 #8 type] 
Type domain.Actividad is not enhanced.

[2025-05-16 17:13:44 #9 type] 
Type domain.Factura is not enhanced.

------------------------------------------------------------------------------------------------------------------------

[2025-05-16 17:14:49 #1 store] 
Database 'C:\Users\gaizk\git\repository\proyecto\PROJECTO\America.odb' has been recovered (tr. 16-16)

[2025-05-16 17:14:49 #2 store] 
Database 'C:\Users\gaizk\git\repository\proyecto\PROJECTO\America.odb' is opened by 8980@Gaizka

[2025-05-16 17:14:49 #3 store] 
Configuration path: ?

[2025-05-16 17:14:49 #4 type] 
Type domain.Sala is not enhanced.

[2025-05-16 17:14:49 #5 type] 
Type domain.Sesion is not enhanced.

[2025-05-16 17:14:49 #6 type] 
Type domain.Reserva is not enhanced.

[2025-05-16 17:14:49 #7 type] 
Type domain.Socio is not enhanced.

[2025-05-16 17:14:49 #8 type] 
Type domain.Actividad is not enhanced.

[2025-05-16 17:14:49 #9 type] 
Type domain.Factura is not enhanced.

------------------------------------------------------------------------------------------------------------------------

[2025-05-16 17:15:47 #1 store] 
Database 'C:\Users\gaizk\git\repository\proyecto\PROJECTO\America.odb' has been recovered (tr. 17-18)

[2025-05-16 17:15:48 #2 store] 
Database 'C:\Users\gaizk\git\repository\proyecto\PROJECTO\America.odb' is opened by 15900@Gaizka

[2025-05-16 17:15:48 #3 store] 
Configuration path: ?

[2025-05-16 17:15:48 #4 type] 
Type domain.Sala is not enhanced.

[2025-05-16 17:15:48 #5 type] 
Type domain.Sesion is not enhanced.

[2025-05-16 17:15:48 #6 type] 
Type domain.Reserva is not enhanced.

[2025-05-16 17:15:48 #7 type] 
Type domain.Socio is not enhanced.

[2025-05-16 17:15:48 #8 type] 
Type domain.Actividad is not enhanced.

[2025-05-16 17:15:48 #9 type] 
Type domain.Factura is not enhanced.

------------------------------------------------------------------------------------------------------------------------

[2025-05-16 17:16:16 #1 store] 
Database 'C:\Users\gaizk\git\repository\proyecto\PROJECTO\America.odb' has been recovered (tr. 19-19)

[2025-05-16 17:16:16 #2 store] 
Database 'C:\Users\gaizk\git\repository\proyecto\PROJECTO\America.odb' is opened by 12368@Gaizka

[2025-05-16 17:16:16 #3 store] 
Configuration path: ?

[2025-05-16 17:16:17 #4 type] 
Type domain.Sala is not enhanced.

[2025-05-16 17:16:17 #5 type] 
Type domain.Sesion is not enhanced.

[2025-05-16 17:16:17 #6 type] 
Type domain.Reserva is not enhanced.

[2025-05-16 17:16:17 #7 type] 
Type domain.Socio is not enhanced.

[2025-05-16 17:16:17 #8 type] 
Type domain.Actividad is not enhanced.

[2025-05-16 17:16:17 #9 type] 
Type domain.Factura is not enhanced.

------------------------------------------------------------------------------------------------------------------------

[2025-05-16 17:17:08 #1 store] 
Database 'C:\Users\gaizk\git\repository\proyecto\PROJECTO\America.odb' is opened by 14252@Gaizka

[2025-05-16 17:17:08 #2 store] 
Configuration path: ?

[2025-05-16 17:17:08 #3 type] 
Type domain.Sala is not enhanced.

[2025-05-16 17:17:08 #4 type] 
Type domain.Sesion is not enhanced.

[2025-05-16 17:17:08 #5 type] 
Type domain.Reserva is not enhanced.

[2025-05-16 17:17:08 #6 type] 
Type domain.Socio is not enhanced.

[2025-05-16 17:17:08 #7 type] 
Type domain.Actividad is not enhanced.

[2025-05-16 17:17:08 #8 type] 
Type domain.Factura is not enhanced.

------------------------------------------------------------------------------------------------------------------------

[2025-05-16 17:18:48 #1 store] 
Database 'C:\Users\gaizk\git\repository\proyecto\PROJECTO\America.odb' has been recovered (tr. 20-25)

[2025-05-16 17:18:48 #2 store] 
Database 'C:\Users\gaizk\git\repository\proyecto\PROJECTO\America.odb' is opened by 3080@Gaizka

[2025-05-16 17:18:48 #3 store] 
Configuration path: ?

[2025-05-16 17:18:48 #4 type] 
Type domain.Sala is not enhanced.

[2025-05-16 17:18:48 #5 type] 
Type domain.Sesion is not enhanced.

[2025-05-16 17:18:48 #6 type] 
Type domain.Reserva is not enhanced.

[2025-05-16 17:18:48 #7 type] 
Type domain.Socio is not enhanced.

[2025-05-16 17:18:48 #8 type] 
Type domain.Actividad is not enhanced.

[2025-05-16 17:18:48 #9 type] 
Type domain.Factura is not enhanced.

------------------------------------------------------------------------------------------------------------------------

[2025-05-16 17:19:10 #1 store] 
Database 'C:\Users\gaizk\git\repository\proyecto\PROJECTO\America.odb' is opened by 13616@Gaizka

[2025-05-16 17:19:10 #2 store] 
Configuration path: ?

[2025-05-16 17:19:10 #3 type] 
Type domain.Sala is not enhanced.

[2025-05-16 17:19:10 #4 type] 
Type domain.Sesion is not enhanced.

[2025-05-16 17:19:10 #5 type] 
Type domain.Reserva is not enhanced.

[2025-05-16 17:19:10 #6 type] 
Type domain.Socio is not enhanced.

[2025-05-16 17:19:10 #7 type] 
Type domain.Actividad is not enhanced.

[2025-05-16 17:19:10 #8 type] 
Type domain.Factura is not enhanced.

------------------------------------------------------------------------------------------------------------------------

[2025-05-16 17:20:16 #1 store] 
Database 'C:\Users\gaizk\git\repository\proyecto\PROJECTO\America.odb' has been recovered (tr. 26-26)

[2025-05-16 17:20:16 #2 store] 
Database 'C:\Users\gaizk\git\repository\proyecto\PROJECTO\America.odb' is opened by 14932@Gaizka

[2025-05-16 17:20:16 #3 store] 
Configuration path: ?

[2025-05-16 17:20:16 #4 type] 
Type domain.Sala is not enhanced.

[2025-05-16 17:20:16 #5 type] 
Type domain.Sesion is not enhanced.

[2025-05-16 17:20:16 #6 type] 
Type domain.Reserva is not enhanced.

[2025-05-16 17:20:16 #7 type] 
Type domain.Socio is not enhanced.

[2025-05-16 17:20:16 #8 type] 
Type domain.Actividad is not enhanced.

[2025-05-16 17:20:16 #9 type] 
Type domain.Factura is not enhanced.

------------------------------------------------------------------------------------------------------------------------

[2025-05-16 17:21:51 #1 store] 
Database 'C:\Users\gaizk\git\repository\proyecto\PROJECTO\America.odb' is opened by 15648@Gaizka

[2025-05-16 17:21:51 #2 store] 
Configuration path: ?

[2025-05-16 17:21:52 #3 type] 
Type domain.Sala is not enhanced.

[2025-05-16 17:21:52 #4 type] 
Type domain.Sesion is not enhanced.

[2025-05-16 17:21:52 #5 type] 
Type domain.Reserva is not enhanced.

[2025-05-16 17:21:52 #6 type] 
Type domain.Socio is not enhanced.

[2025-05-16 17:21:52 #7 type] 
Type domain.Actividad is not enhanced.

[2025-05-16 17:21:52 #8 type] 
Type domain.Factura is not enhanced.

[2025-05-16 17:21:52 #9 store] 
Database 'C:\Users\gaizk\git\repository\proyecto\PROJECTO\America.odb' is closed by 15648@Gaizka

