------------------------------------------------------------------------------------------------------------------------

[2025-05-10 22:04:53 #1 store] 
Database 'C:\Users\gaizk\Desktop\SI1\Workspace\PROJECTO\America.odb' is opened by 5852@Gaizka

[2025-05-10 22:04:53 #2 store] 
Configuration path: ?

[2025-05-10 22:04:53 #3 type] 
Type domain.Sesion is not enhanced.

[2025-05-10 22:04:53 #4 type] 
Type domain.Reserva is not enhanced.

[2025-05-10 22:04:53 #5 type] 
Type domain.Socio is not enhanced.

[2025-05-10 22:04:53 #6 type] 
Type domain.Actividad is not enhanced.

[2025-05-10 22:04:53 #7 type] 
Type domain.Sala is not enhanced.

[2025-05-10 22:04:53 #8 type] 
Type domain.Factura is not enhanced.

------------------------------------------------------------------------------------------------------------------------

[2025-05-10 22:05:36 #1 store] 
Database 'C:\Users\gaizk\Desktop\SI1\Workspace\PROJECTO\America.odb' is opened by 5976@Gaizka

[2025-05-10 22:05:36 #2 store] 
Configuration path: ?

[2025-05-10 22:05:36 #3 type] 
Type domain.Sala is not enhanced.

[2025-05-10 22:05:36 #4 type] 
Type domain.Sesion is not enhanced.

[2025-05-10 22:05:36 #5 type] 
Type domain.Reserva is not enhanced.

[2025-05-10 22:05:36 #6 type] 
Type domain.Socio is not enhanced.

[2025-05-10 22:05:36 #7 type] 
Type domain.Actividad is not enhanced.

[2025-05-10 22:05:36 #8 type] 
Type domain.Factura is not enhanced.

[2025-05-10 22:05:36 #9 store] 
Database 'C:\Users\gaizk\Desktop\SI1\Workspace\PROJECTO\America.odb' is closed by 5976@Gaizka

------------------------------------------------------------------------------------------------------------------------

[2025-05-10 22:05:47 #1 store] 
Database 'C:\Users\gaizk\Desktop\SI1\Workspace\PROJECTO\America.odb' is opened by 11492@Gaizka

[2025-05-10 22:05:47 #2 store] 
Configuration path: ?

[2025-05-10 22:05:47 #3 type] 
Type domain.Sala is not enhanced.

[2025-05-10 22:05:47 #4 type] 
Type domain.Sesion is not enhanced.

[2025-05-10 22:05:47 #5 type] 
Type domain.Reserva is not enhanced.

[2025-05-10 22:05:47 #6 type] 
Type domain.Socio is not enhanced.

[2025-05-10 22:05:47 #7 type] 
Type domain.Actividad is not enhanced.

[2025-05-10 22:05:47 #8 type] 
Type domain.Factura is not enhanced.

------------------------------------------------------------------------------------------------------------------------

[2025-05-10 22:26:00 #1 store] 
Database 'C:\Users\gaizk\Desktop\SI1\Workspace\PROJECTO\America.odb' is opened by 3212@Gaizka

[2025-05-10 22:26:00 #2 store] 
Configuration path: ?

[2025-05-10 22:26:00 #3 type] 
Type domain.Sala is not enhanced.

[2025-05-10 22:26:00 #4 type] 
Type domain.Sesion is not enhanced.

[2025-05-10 22:26:00 #5 type] 
Type domain.Reserva is not enhanced.

[2025-05-10 22:26:00 #6 type] 
Type domain.Socio is not enhanced.

[2025-05-10 22:26:00 #7 type] 
Type domain.Actividad is not enhanced.

[2025-05-10 22:26:00 #8 type] 
Type domain.Factura is not enhanced.

[2025-05-10 22:26:00 #9 store] 
Database 'C:\Users\gaizk\Desktop\SI1\Workspace\PROJECTO\America.odb' is closed by 3212@Gaizka

------------------------------------------------------------------------------------------------------------------------

[2025-05-10 22:26:12 #1 store] 
Database 'C:\Users\gaizk\Desktop\SI1\Workspace\PROJECTO\America.odb' is opened by 13976@Gaizka

[2025-05-10 22:26:12 #2 store] 
Configuration path: ?

[2025-05-10 22:26:12 #3 type] 
Type domain.Sala is not enhanced.

[2025-05-10 22:26:12 #4 type] 
Type domain.Sesion is not enhanced.

[2025-05-10 22:26:12 #5 type] 
Type domain.Reserva is not enhanced.

[2025-05-10 22:26:12 #6 type] 
Type domain.Socio is not enhanced.

[2025-05-10 22:26:12 #7 type] 
Type domain.Actividad is not enhanced.

[2025-05-10 22:26:12 #8 type] 
Type domain.Factura is not enhanced.

------------------------------------------------------------------------------------------------------------------------

[2025-05-10 22:40:34 #1 store] 
Database 'C:\Users\gaizk\Desktop\SI1\Workspace\PROJECTO\America.odb' is opened by 12992@Gaizka

[2025-05-10 22:40:34 #2 store] 
Configuration path: ?

[2025-05-10 22:40:34 #3 type] 
Type domain.Sala is not enhanced.

[2025-05-10 22:40:34 #4 type] 
Type domain.Sesion is not enhanced.

[2025-05-10 22:40:34 #5 type] 
Type domain.Reserva is not enhanced.

[2025-05-10 22:40:34 #6 type] 
Type domain.Socio is not enhanced.

[2025-05-10 22:40:34 #7 type] 
Type domain.Actividad is not enhanced.

[2025-05-10 22:40:34 #8 type] 
Type domain.Factura is not enhanced.

------------------------------------------------------------------------------------------------------------------------

[2025-05-10 22:43:10 #1 store] 
Database 'C:\Users\gaizk\Desktop\SI1\Workspace\PROJECTO\America.odb' is opened by 15044@Gaizka

[2025-05-10 22:43:10 #2 store] 
Configuration path: ?

[2025-05-10 22:43:10 #3 type] 
Type domain.Sala is not enhanced.

[2025-05-10 22:43:10 #4 type] 
Type domain.Sesion is not enhanced.

[2025-05-10 22:43:10 #5 type] 
Type domain.Reserva is not enhanced.

[2025-05-10 22:43:10 #6 type] 
Type domain.Socio is not enhanced.

[2025-05-10 22:43:10 #7 type] 
Type domain.Actividad is not enhanced.

[2025-05-10 22:43:10 #8 type] 
Type domain.Factura is not enhanced.

[2025-05-10 22:43:10 #9 store] 
Database 'C:\Users\gaizk\Desktop\SI1\Workspace\PROJECTO\America.odb' is closed by 15044@Gaizka

------------------------------------------------------------------------------------------------------------------------

[2025-05-10 22:43:13 #1 store] 
Database 'C:\Users\gaizk\Desktop\SI1\Workspace\PROJECTO\America.odb' is opened by 12552@Gaizka

[2025-05-10 22:43:13 #2 store] 
Configuration path: ?

[2025-05-10 22:43:13 #3 type] 
Type domain.Sala is not enhanced.

[2025-05-10 22:43:13 #4 type] 
Type domain.Sesion is not enhanced.

[2025-05-10 22:43:13 #5 type] 
Type domain.Reserva is not enhanced.

[2025-05-10 22:43:13 #6 type] 
Type domain.Socio is not enhanced.

[2025-05-10 22:43:13 #7 type] 
Type domain.Actividad is not enhanced.

[2025-05-10 22:43:13 #8 type] 
Type domain.Factura is not enhanced.

------------------------------------------------------------------------------------------------------------------------

[2025-05-10 22:45:21 #1 store] 
Database 'C:\Users\gaizk\Desktop\SI1\Workspace\PROJECTO\America.odb' is opened by 7908@Gaizka

[2025-05-10 22:45:21 #2 store] 
Configuration path: ?

[2025-05-10 22:45:21 #3 type] 
Type domain.Sala is not enhanced.

[2025-05-10 22:45:21 #4 type] 
Type domain.Sesion is not enhanced.

[2025-05-10 22:45:21 #5 type] 
Type domain.Reserva is not enhanced.

[2025-05-10 22:45:21 #6 type] 
Type domain.Socio is not enhanced.

[2025-05-10 22:45:21 #7 type] 
Type domain.Actividad is not enhanced.

[2025-05-10 22:45:21 #8 type] 
Type domain.Factura is not enhanced.

[2025-05-10 22:45:21 #9 store] 
Database 'C:\Users\gaizk\Desktop\SI1\Workspace\PROJECTO\America.odb' is closed by 7908@Gaizka

------------------------------------------------------------------------------------------------------------------------

[2025-05-10 22:45:25 #1 store] 
Database 'C:\Users\gaizk\Desktop\SI1\Workspace\PROJECTO\America.odb' is opened by 12076@Gaizka

[2025-05-10 22:45:25 #2 store] 
Configuration path: ?

[2025-05-10 22:45:25 #3 type] 
Type domain.Sala is not enhanced.

[2025-05-10 22:45:25 #4 type] 
Type domain.Sesion is not enhanced.

[2025-05-10 22:45:25 #5 type] 
Type domain.Reserva is not enhanced.

[2025-05-10 22:45:25 #6 type] 
Type domain.Socio is not enhanced.

[2025-05-10 22:45:25 #7 type] 
Type domain.Actividad is not enhanced.

[2025-05-10 22:45:25 #8 type] 
Type domain.Factura is not enhanced.

------------------------------------------------------------------------------------------------------------------------

[2025-05-10 22:49:13 #1 store] 
Database 'C:\Users\gaizk\Desktop\SI1\Workspace\PROJECTO\America.odb' has been recovered (tr. 8-8)

[2025-05-10 22:49:13 #2 store] 
Database 'C:\Users\gaizk\Desktop\SI1\Workspace\PROJECTO\America.odb' is opened by 12136@Gaizka

[2025-05-10 22:49:13 #3 store] 
Configuration path: ?

[2025-05-10 22:49:13 #4 type] 
Type domain.Sala is not enhanced.

[2025-05-10 22:49:13 #5 type] 
Type domain.Sesion is not enhanced.

[2025-05-10 22:49:13 #6 type] 
Type domain.Reserva is not enhanced.

[2025-05-10 22:49:13 #7 type] 
Type domain.Socio is not enhanced.

[2025-05-10 22:49:13 #8 type] 
Type domain.Actividad is not enhanced.

[2025-05-10 22:49:13 #9 type] 
Type domain.Factura is not enhanced.

------------------------------------------------------------------------------------------------------------------------

[2025-05-10 22:50:00 #1 store] 
Database 'C:\Users\gaizk\Desktop\SI1\Workspace\PROJECTO\America.odb' is opened by 7396@Gaizka

[2025-05-10 22:50:00 #2 store] 
Configuration path: ?

[2025-05-10 22:50:00 #3 type] 
Type domain.Sala is not enhanced.

[2025-05-10 22:50:00 #4 type] 
Type domain.Sesion is not enhanced.

[2025-05-10 22:50:00 #5 type] 
Type domain.Reserva is not enhanced.

[2025-05-10 22:50:00 #6 type] 
Type domain.Socio is not enhanced.

[2025-05-10 22:50:00 #7 type] 
Type domain.Actividad is not enhanced.

[2025-05-10 22:50:00 #8 type] 
Type domain.Factura is not enhanced.

[2025-05-10 22:50:00 #9 store] 
Database 'C:\Users\gaizk\Desktop\SI1\Workspace\PROJECTO\America.odb' is closed by 7396@Gaizka

------------------------------------------------------------------------------------------------------------------------

[2025-05-10 22:51:07 #1 store] 
Database 'C:\Users\gaizk\Desktop\SI1\Workspace\PROJECTO\America.odb' is opened by 7044@Gaizka

[2025-05-10 22:51:07 #2 store] 
Configuration path: ?

[2025-05-10 22:51:07 #3 type] 
Type domain.Sala is not enhanced.

[2025-05-10 22:51:07 #4 type] 
Type domain.Sesion is not enhanced.

[2025-05-10 22:51:07 #5 type] 
Type domain.Reserva is not enhanced.

[2025-05-10 22:51:07 #6 type] 
Type domain.Socio is not enhanced.

[2025-05-10 22:51:07 #7 type] 
Type domain.Actividad is not enhanced.

[2025-05-10 22:51:07 #8 type] 
Type domain.Factura is not enhanced.

------------------------------------------------------------------------------------------------------------------------

[2025-05-10 22:51:13 #1 store] 
Database 'C:\Users\gaizk\Desktop\SI1\Workspace\PROJECTO\America.odb' has been recovered (tr. 9-9)

[2025-05-10 22:51:13 #2 store] 
Database 'C:\Users\gaizk\Desktop\SI1\Workspace\PROJECTO\America.odb' is opened by 5752@Gaizka

[2025-05-10 22:51:13 #3 store] 
Configuration path: ?

[2025-05-10 22:51:13 #4 type] 
Type domain.Sala is not enhanced.

[2025-05-10 22:51:13 #5 type] 
Type domain.Sesion is not enhanced.

[2025-05-10 22:51:13 #6 type] 
Type domain.Reserva is not enhanced.

[2025-05-10 22:51:13 #7 type] 
Type domain.Socio is not enhanced.

[2025-05-10 22:51:13 #8 type] 
Type domain.Actividad is not enhanced.

[2025-05-10 22:51:13 #9 type] 
Type domain.Factura is not enhanced.

[2025-05-10 22:51:13 #10 store] 
Database 'C:\Users\gaizk\Desktop\SI1\Workspace\PROJECTO\America.odb' is closed by 5752@Gaizka

------------------------------------------------------------------------------------------------------------------------

[2025-05-10 22:59:16 #1 store] 
Database 'C:\Users\gaizk\Desktop\SI1\Workspace\PROJECTO\America.odb' is opened by 12172@Gaizka

[2025-05-10 22:59:16 #2 store] 
Configuration path: ?

[2025-05-10 22:59:16 #3 type] 
Type domain.Sala is not enhanced.

[2025-05-10 22:59:16 #4 type] 
Type domain.Sesion is not enhanced.

[2025-05-10 22:59:16 #5 type] 
Type domain.Reserva is not enhanced.

[2025-05-10 22:59:16 #6 type] 
Type domain.Socio is not enhanced.

[2025-05-10 22:59:16 #7 type] 
Type domain.Actividad is not enhanced.

[2025-05-10 22:59:16 #8 type] 
Type domain.Factura is not enhanced.

[2025-05-10 22:59:16 #9 store] 
Database 'C:\Users\gaizk\Desktop\SI1\Workspace\PROJECTO\America.odb' is closed by 12172@Gaizka

------------------------------------------------------------------------------------------------------------------------

[2025-05-10 22:59:38 #1 store] 
Database 'C:\Users\gaizk\Desktop\SI1\Workspace\PROJECTO\America.odb' is opened by 11896@Gaizka

[2025-05-10 22:59:38 #2 store] 
Configuration path: ?

[2025-05-10 22:59:38 #3 type] 
Type domain.Sala is not enhanced.

[2025-05-10 22:59:38 #4 type] 
Type domain.Sesion is not enhanced.

[2025-05-10 22:59:38 #5 type] 
Type domain.Reserva is not enhanced.

[2025-05-10 22:59:38 #6 type] 
Type domain.Socio is not enhanced.

[2025-05-10 22:59:38 #7 type] 
Type domain.Actividad is not enhanced.

[2025-05-10 22:59:38 #8 type] 
Type domain.Factura is not enhanced.

[2025-05-10 22:59:38 #9 store] 
Database 'C:\Users\gaizk\Desktop\SI1\Workspace\PROJECTO\America.odb' is closed by 11896@Gaizka

------------------------------------------------------------------------------------------------------------------------

[2025-05-10 22:59:47 #1 store] 
Database 'C:\Users\gaizk\Desktop\SI1\Workspace\PROJECTO\America.odb' is opened by 13768@Gaizka

[2025-05-10 22:59:47 #2 store] 
Configuration path: ?

[2025-05-10 22:59:47 #3 type] 
Type domain.Sala is not enhanced.

[2025-05-10 22:59:47 #4 type] 
Type domain.Sesion is not enhanced.

[2025-05-10 22:59:47 #5 type] 
Type domain.Reserva is not enhanced.

[2025-05-10 22:59:47 #6 type] 
Type domain.Socio is not enhanced.

[2025-05-10 22:59:47 #7 type] 
Type domain.Actividad is not enhanced.

[2025-05-10 22:59:47 #8 type] 
Type domain.Factura is not enhanced.

------------------------------------------------------------------------------------------------------------------------

[2025-05-10 23:03:41 #1 store] 
Database 'C:\Users\gaizk\Desktop\SI1\Workspace\PROJECTO\America.odb' is opened by 13704@Gaizka

[2025-05-10 23:03:41 #2 store] 
Configuration path: ?

[2025-05-10 23:03:42 #3 type] 
Type domain.Sala is not enhanced.

[2025-05-10 23:03:42 #4 type] 
Type domain.Sesion is not enhanced.

[2025-05-10 23:03:42 #5 type] 
Type domain.Reserva is not enhanced.

[2025-05-10 23:03:42 #6 type] 
Type domain.Socio is not enhanced.

[2025-05-10 23:03:42 #7 type] 
Type domain.Actividad is not enhanced.

[2025-05-10 23:03:42 #8 type] 
Type domain.Factura is not enhanced.

[2025-05-10 23:03:42 #9 store] 
Database 'C:\Users\gaizk\Desktop\SI1\Workspace\PROJECTO\America.odb' is closed by 13704@Gaizka

------------------------------------------------------------------------------------------------------------------------

[2025-05-10 23:03:45 #1 store] 
Database 'C:\Users\gaizk\Desktop\SI1\Workspace\PROJECTO\America.odb' is opened by 11284@Gaizka

[2025-05-10 23:03:45 #2 store] 
Configuration path: ?

[2025-05-10 23:03:46 #3 type] 
Type domain.Sala is not enhanced.

[2025-05-10 23:03:46 #4 type] 
Type domain.Sesion is not enhanced.

[2025-05-10 23:03:46 #5 type] 
Type domain.Reserva is not enhanced.

[2025-05-10 23:03:46 #6 type] 
Type domain.Socio is not enhanced.

[2025-05-10 23:03:46 #7 type] 
Type domain.Actividad is not enhanced.

[2025-05-10 23:03:46 #8 type] 
Type domain.Factura is not enhanced.

------------------------------------------------------------------------------------------------------------------------

[2025-05-10 23:04:25 #1 store] 
Database 'C:\Users\gaizk\Desktop\SI1\Workspace\PROJECTO\America.odb' has been recovered (tr. 8-8)

[2025-05-10 23:04:25 #2 store] 
Database 'C:\Users\gaizk\Desktop\SI1\Workspace\PROJECTO\America.odb' is opened by 856@Gaizka

[2025-05-10 23:04:25 #3 store] 
Configuration path: ?

[2025-05-10 23:04:25 #4 type] 
Type domain.Sala is not enhanced.

[2025-05-10 23:04:25 #5 type] 
Type domain.Sesion is not enhanced.

[2025-05-10 23:04:25 #6 type] 
Type domain.Reserva is not enhanced.

[2025-05-10 23:04:25 #7 type] 
Type domain.Socio is not enhanced.

[2025-05-10 23:04:25 #8 type] 
Type domain.Actividad is not enhanced.

[2025-05-10 23:04:25 #9 type] 
Type domain.Factura is not enhanced.

[2025-05-10 23:04:25 #10 store] 
Database 'C:\Users\gaizk\Desktop\SI1\Workspace\PROJECTO\America.odb' is closed by 856@Gaizka

------------------------------------------------------------------------------------------------------------------------

[2025-05-10 23:05:37 #1 store] 
Database 'C:\Users\gaizk\Desktop\SI1\Workspace\PROJECTO\America.odb' is opened by 5220@Gaizka

[2025-05-10 23:05:37 #2 store] 
Configuration path: ?

[2025-05-10 23:05:37 #3 type] 
Type domain.Sala is not enhanced.

[2025-05-10 23:05:37 #4 type] 
Type domain.Sesion is not enhanced.

[2025-05-10 23:05:37 #5 type] 
Type domain.Reserva is not enhanced.

[2025-05-10 23:05:37 #6 type] 
Type domain.Socio is not enhanced.

[2025-05-10 23:05:37 #7 type] 
Type domain.Actividad is not enhanced.

[2025-05-10 23:05:37 #8 type] 
Type domain.Factura is not enhanced.

------------------------------------------------------------------------------------------------------------------------

[2025-05-10 23:05:42 #1 store] 
Database 'C:\Users\gaizk\Desktop\SI1\Workspace\PROJECTO\America.odb' has been recovered (tr. 9-9)

[2025-05-10 23:05:42 #2 store] 
Database 'C:\Users\gaizk\Desktop\SI1\Workspace\PROJECTO\America.odb' is opened by 2476@Gaizka

[2025-05-10 23:05:42 #3 store] 
Configuration path: ?

[2025-05-10 23:05:42 #4 type] 
Type domain.Sala is not enhanced.

[2025-05-10 23:05:42 #5 type] 
Type domain.Sesion is not enhanced.

[2025-05-10 23:05:42 #6 type] 
Type domain.Reserva is not enhanced.

[2025-05-10 23:05:42 #7 type] 
Type domain.Socio is not enhanced.

[2025-05-10 23:05:42 #8 type] 
Type domain.Actividad is not enhanced.

[2025-05-10 23:05:42 #9 type] 
Type domain.Factura is not enhanced.

[2025-05-10 23:05:42 #10 store] 
Database 'C:\Users\gaizk\Desktop\SI1\Workspace\PROJECTO\America.odb' is closed by 2476@Gaizka

