------------------------------------------------------------------------------------------------------------------------

[2025-05-08 18:47:49 #1 store] 
Database 'C:\Users\gaizk\Desktop\SI1\Workspace\PROJECTO\America.odb' is opened by 1788@Gaizka

[2025-05-08 18:47:49 #2 store] 
Configuration path: ?

[2025-05-08 18:47:49 #3 type] 
Type domain.Sala is not enhanced.

[2025-05-08 18:47:49 #4 type] 
Type domain.Sesion is not enhanced.

[2025-05-08 18:47:49 #5 type] 
Type domain.Reserva is not enhanced.

[2025-05-08 18:47:49 #6 type] 
Type domain.Socio is not enhanced.

[2025-05-08 18:47:49 #7 type] 
Type domain.Actividad is not enhanced.

[2025-05-08 18:47:49 #8 type] 
Type domain.Factura is not enhanced.

------------------------------------------------------------------------------------------------------------------------

[2025-05-08 18:48:28 #1 store] 
Database 'C:\Users\gaizk\Desktop\SI1\Workspace\PROJECTO\America.odb' is opened by 11628@Gaizka

[2025-05-08 18:48:28 #2 store] 
Configuration path: ?

[2025-05-08 18:48:28 #3 type] 
Type domain.Sala is not enhanced.

[2025-05-08 18:48:28 #4 type] 
Type domain.Sesion is not enhanced.

[2025-05-08 18:48:28 #5 type] 
Type domain.Reserva is not enhanced.

[2025-05-08 18:48:28 #6 type] 
Type domain.Socio is not enhanced.

[2025-05-08 18:48:28 #7 type] 
Type domain.Actividad is not enhanced.

[2025-05-08 18:48:28 #8 type] 
Type domain.Factura is not enhanced.

------------------------------------------------------------------------------------------------------------------------

[2025-05-08 19:13:06 #1 store] 
Database 'C:\Users\gaizk\Desktop\SI1\Workspace\PROJECTO\America.odb' is opened by 5852@Gaizka

[2025-05-08 19:13:06 #2 store] 
Configuration path: ?

[2025-05-08 19:13:06 #3 type] 
Type domain.Sala is not enhanced.

[2025-05-08 19:13:06 #4 type] 
Type domain.Sesion is not enhanced.

[2025-05-08 19:13:06 #5 type] 
Type domain.Reserva is not enhanced.

[2025-05-08 19:13:06 #6 type] 
Type domain.Socio is not enhanced.

[2025-05-08 19:13:06 #7 type] 
Type domain.Actividad is not enhanced.

[2025-05-08 19:13:06 #8 type] 
Type domain.Factura is not enhanced.

------------------------------------------------------------------------------------------------------------------------

[2025-05-08 19:15:22 #1 store] 
Database 'C:\Users\gaizk\Desktop\SI1\Workspace\PROJECTO\America.odb' is opened by 6152@Gaizka

[2025-05-08 19:15:22 #2 store] 
Configuration path: ?

[2025-05-08 19:15:22 #3 type] 
Type domain.Sala is not enhanced.

[2025-05-08 19:15:22 #4 type] 
Type domain.Sesion is not enhanced.

[2025-05-08 19:15:22 #5 type] 
Type domain.Reserva is not enhanced.

[2025-05-08 19:15:22 #6 type] 
Type domain.Socio is not enhanced.

[2025-05-08 19:15:22 #7 type] 
Type domain.Actividad is not enhanced.

[2025-05-08 19:15:22 #8 type] 
Type domain.Factura is not enhanced.

[2025-05-08 19:15:22 #9 store] 
Database 'C:\Users\gaizk\Desktop\SI1\Workspace\PROJECTO\America.odb' is closed by 6152@Gaizka

------------------------------------------------------------------------------------------------------------------------

[2025-05-08 19:16:17 #1 store] 
Database 'C:\Users\gaizk\Desktop\SI1\Workspace\PROJECTO\America.odb' is opened by 6120@Gaizka

[2025-05-08 19:16:17 #2 store] 
Configuration path: ?

[2025-05-08 19:16:17 #3 type] 
Type domain.Sala is not enhanced.

[2025-05-08 19:16:17 #4 type] 
Type domain.Sesion is not enhanced.

[2025-05-08 19:16:17 #5 type] 
Type domain.Reserva is not enhanced.

[2025-05-08 19:16:17 #6 type] 
Type domain.Socio is not enhanced.

[2025-05-08 19:16:17 #7 type] 
Type domain.Actividad is not enhanced.

[2025-05-08 19:16:17 #8 type] 
Type domain.Factura is not enhanced.

------------------------------------------------------------------------------------------------------------------------

[2025-05-08 19:18:04 #1 store] 
Database 'C:\Users\gaizk\Desktop\SI1\Workspace\PROJECTO\America.odb' is opened by 6576@Gaizka

[2025-05-08 19:18:04 #2 store] 
Configuration path: ?

[2025-05-08 19:18:04 #3 type] 
Type domain.Sala is not enhanced.

[2025-05-08 19:18:04 #4 type] 
Type domain.Sesion is not enhanced.

[2025-05-08 19:18:04 #5 type] 
Type domain.Reserva is not enhanced.

[2025-05-08 19:18:04 #6 type] 
Type domain.Socio is not enhanced.

[2025-05-08 19:18:04 #7 type] 
Type domain.Actividad is not enhanced.

[2025-05-08 19:18:04 #8 type] 
Type domain.Factura is not enhanced.

[2025-05-08 19:18:04 #9 store] 
Database 'C:\Users\gaizk\Desktop\SI1\Workspace\PROJECTO\America.odb' is closed by 6576@Gaizka

------------------------------------------------------------------------------------------------------------------------

[2025-05-08 19:18:09 #1 store] 
Database 'C:\Users\gaizk\Desktop\SI1\Workspace\PROJECTO\America.odb' is opened by 6508@Gaizka

[2025-05-08 19:18:09 #2 store] 
Configuration path: ?

[2025-05-08 19:18:09 #3 type] 
Type domain.Sala is not enhanced.

[2025-05-08 19:18:09 #4 type] 
Type domain.Sesion is not enhanced.

[2025-05-08 19:18:09 #5 type] 
Type domain.Reserva is not enhanced.

[2025-05-08 19:18:09 #6 type] 
Type domain.Socio is not enhanced.

[2025-05-08 19:18:09 #7 type] 
Type domain.Actividad is not enhanced.

[2025-05-08 19:18:09 #8 type] 
Type domain.Factura is not enhanced.

------------------------------------------------------------------------------------------------------------------------

[2025-05-08 19:27:15 #1 store] 
Database 'C:\Users\gaizk\Desktop\SI1\Workspace\PROJECTO\America.odb' is opened by 7436@Gaizka

[2025-05-08 19:27:15 #2 store] 
Configuration path: ?

[2025-05-08 19:27:15 #3 type] 
Type domain.Sala is not enhanced.

[2025-05-08 19:27:15 #4 type] 
Type domain.Sesion is not enhanced.

[2025-05-08 19:27:15 #5 type] 
Type domain.Reserva is not enhanced.

[2025-05-08 19:27:15 #6 type] 
Type domain.Socio is not enhanced.

[2025-05-08 19:27:15 #7 type] 
Type domain.Actividad is not enhanced.

[2025-05-08 19:27:15 #8 type] 
Type domain.Factura is not enhanced.

[2025-05-08 19:27:15 #9 store] 
Database 'C:\Users\gaizk\Desktop\SI1\Workspace\PROJECTO\America.odb' is closed by 7436@Gaizka

------------------------------------------------------------------------------------------------------------------------

[2025-05-08 19:27:20 #1 store] 
Database 'C:\Users\gaizk\Desktop\SI1\Workspace\PROJECTO\America.odb' is opened by 7724@Gaizka

[2025-05-08 19:27:20 #2 store] 
Configuration path: ?

[2025-05-08 19:27:20 #3 type] 
Type domain.Sala is not enhanced.

[2025-05-08 19:27:20 #4 type] 
Type domain.Sesion is not enhanced.

[2025-05-08 19:27:20 #5 type] 
Type domain.Reserva is not enhanced.

[2025-05-08 19:27:20 #6 type] 
Type domain.Socio is not enhanced.

[2025-05-08 19:27:20 #7 type] 
Type domain.Actividad is not enhanced.

[2025-05-08 19:27:20 #8 type] 
Type domain.Factura is not enhanced.

------------------------------------------------------------------------------------------------------------------------

[2025-05-08 19:27:50 #1 store] 
Database 'C:\Users\gaizk\Desktop\SI1\Workspace\PROJECTO\America.odb' is opened by 6576@Gaizka

[2025-05-08 19:27:50 #2 store] 
Configuration path: ?

[2025-05-08 19:27:51 #3 type] 
Type domain.Sala is not enhanced.

[2025-05-08 19:27:51 #4 type] 
Type domain.Sesion is not enhanced.

[2025-05-08 19:27:51 #5 type] 
Type domain.Reserva is not enhanced.

[2025-05-08 19:27:51 #6 type] 
Type domain.Socio is not enhanced.

[2025-05-08 19:27:51 #7 type] 
Type domain.Actividad is not enhanced.

[2025-05-08 19:27:51 #8 type] 
Type domain.Factura is not enhanced.

[2025-05-08 19:27:51 #9 store] 
Database 'C:\Users\gaizk\Desktop\SI1\Workspace\PROJECTO\America.odb' is closed by 6576@Gaizka

------------------------------------------------------------------------------------------------------------------------

[2025-05-08 19:27:56 #1 store] 
Database 'C:\Users\gaizk\Desktop\SI1\Workspace\PROJECTO\America.odb' is opened by 6392@Gaizka

[2025-05-08 19:27:56 #2 store] 
Configuration path: ?

[2025-05-08 19:27:56 #3 type] 
Type domain.Sala is not enhanced.

[2025-05-08 19:27:56 #4 type] 
Type domain.Sesion is not enhanced.

[2025-05-08 19:27:56 #5 type] 
Type domain.Reserva is not enhanced.

[2025-05-08 19:27:56 #6 type] 
Type domain.Socio is not enhanced.

[2025-05-08 19:27:56 #7 type] 
Type domain.Actividad is not enhanced.

[2025-05-08 19:27:56 #8 type] 
Type domain.Factura is not enhanced.

------------------------------------------------------------------------------------------------------------------------

[2025-05-08 19:29:49 #1 store] 
Database 'C:\Users\gaizk\Desktop\SI1\Workspace\PROJECTO\America.odb' is opened by 932@Gaizka

[2025-05-08 19:29:49 #2 store] 
Configuration path: ?

[2025-05-08 19:29:49 #3 type] 
Type domain.Sala is not enhanced.

[2025-05-08 19:29:49 #4 type] 
Type domain.Sesion is not enhanced.

[2025-05-08 19:29:49 #5 type] 
Type domain.Reserva is not enhanced.

[2025-05-08 19:29:49 #6 type] 
Type domain.Socio is not enhanced.

[2025-05-08 19:29:49 #7 type] 
Type domain.Actividad is not enhanced.

[2025-05-08 19:29:49 #8 type] 
Type domain.Factura is not enhanced.

[2025-05-08 19:29:49 #9 store] 
Database 'C:\Users\gaizk\Desktop\SI1\Workspace\PROJECTO\America.odb' is closed by 932@Gaizka

------------------------------------------------------------------------------------------------------------------------

[2025-05-08 19:29:54 #1 store] 
Database 'C:\Users\gaizk\Desktop\SI1\Workspace\PROJECTO\America.odb' is opened by 4104@Gaizka

[2025-05-08 19:29:54 #2 store] 
Configuration path: ?

[2025-05-08 19:29:55 #3 type] 
Type domain.Sala is not enhanced.

[2025-05-08 19:29:55 #4 type] 
Type domain.Sesion is not enhanced.

[2025-05-08 19:29:55 #5 type] 
Type domain.Reserva is not enhanced.

[2025-05-08 19:29:55 #6 type] 
Type domain.Socio is not enhanced.

[2025-05-08 19:29:55 #7 type] 
Type domain.Actividad is not enhanced.

[2025-05-08 19:29:55 #8 type] 
Type domain.Factura is not enhanced.

------------------------------------------------------------------------------------------------------------------------

[2025-05-08 19:32:25 #1 store] 
Database 'C:\Users\gaizk\Desktop\SI1\Workspace\PROJECTO\America.odb' is opened by 11772@Gaizka

[2025-05-08 19:32:25 #2 store] 
Configuration path: ?

[2025-05-08 19:32:25 #3 type] 
Type domain.Sala is not enhanced.

[2025-05-08 19:32:25 #4 type] 
Type domain.Sesion is not enhanced.

[2025-05-08 19:32:25 #5 type] 
Type domain.Reserva is not enhanced.

[2025-05-08 19:32:25 #6 type] 
Type domain.Socio is not enhanced.

[2025-05-08 19:32:25 #7 type] 
Type domain.Actividad is not enhanced.

[2025-05-08 19:32:25 #8 type] 
Type domain.Factura is not enhanced.

[2025-05-08 19:32:25 #9 store] 
Database 'C:\Users\gaizk\Desktop\SI1\Workspace\PROJECTO\America.odb' is closed by 11772@Gaizka

------------------------------------------------------------------------------------------------------------------------

[2025-05-08 19:32:28 #1 store] 
Database 'C:\Users\gaizk\Desktop\SI1\Workspace\PROJECTO\America.odb' is opened by 3332@Gaizka

[2025-05-08 19:32:28 #2 store] 
Configuration path: ?

[2025-05-08 19:32:29 #3 type] 
Type domain.Sala is not enhanced.

[2025-05-08 19:32:29 #4 type] 
Type domain.Sesion is not enhanced.

[2025-05-08 19:32:29 #5 type] 
Type domain.Reserva is not enhanced.

[2025-05-08 19:32:29 #6 type] 
Type domain.Socio is not enhanced.

[2025-05-08 19:32:29 #7 type] 
Type domain.Actividad is not enhanced.

[2025-05-08 19:32:29 #8 type] 
Type domain.Factura is not enhanced.

------------------------------------------------------------------------------------------------------------------------

[2025-05-08 19:33:18 #1 store] 
Database 'C:\Users\gaizk\Desktop\SI1\Workspace\PROJECTO\America.odb' is opened by 8700@Gaizka

[2025-05-08 19:33:18 #2 store] 
Configuration path: ?

[2025-05-08 19:33:18 #3 type] 
Type domain.Sala is not enhanced.

[2025-05-08 19:33:18 #4 type] 
Type domain.Sesion is not enhanced.

[2025-05-08 19:33:18 #5 type] 
Type domain.Reserva is not enhanced.

[2025-05-08 19:33:18 #6 type] 
Type domain.Socio is not enhanced.

[2025-05-08 19:33:18 #7 type] 
Type domain.Actividad is not enhanced.

[2025-05-08 19:33:18 #8 type] 
Type domain.Factura is not enhanced.

[2025-05-08 19:33:18 #9 store] 
Database 'C:\Users\gaizk\Desktop\SI1\Workspace\PROJECTO\America.odb' is closed by 8700@Gaizka

------------------------------------------------------------------------------------------------------------------------

[2025-05-08 19:33:21 #1 store] 
Database 'C:\Users\gaizk\Desktop\SI1\Workspace\PROJECTO\America.odb' is opened by 11772@Gaizka

[2025-05-08 19:33:21 #2 store] 
Configuration path: ?

[2025-05-08 19:33:22 #3 type] 
Type domain.Sala is not enhanced.

[2025-05-08 19:33:22 #4 type] 
Type domain.Sesion is not enhanced.

[2025-05-08 19:33:22 #5 type] 
Type domain.Reserva is not enhanced.

[2025-05-08 19:33:22 #6 type] 
Type domain.Socio is not enhanced.

[2025-05-08 19:33:22 #7 type] 
Type domain.Actividad is not enhanced.

[2025-05-08 19:33:22 #8 type] 
Type domain.Factura is not enhanced.

------------------------------------------------------------------------------------------------------------------------

[2025-05-08 19:35:20 #1 store] 
Database 'C:\Users\gaizk\Desktop\SI1\Workspace\PROJECTO\America.odb' is opened by 2724@Gaizka

[2025-05-08 19:35:20 #2 store] 
Configuration path: ?

[2025-05-08 19:35:20 #3 type] 
Type domain.Sala is not enhanced.

[2025-05-08 19:35:20 #4 type] 
Type domain.Sesion is not enhanced.

[2025-05-08 19:35:20 #5 type] 
Type domain.Reserva is not enhanced.

[2025-05-08 19:35:20 #6 type] 
Type domain.Socio is not enhanced.

[2025-05-08 19:35:20 #7 type] 
Type domain.Actividad is not enhanced.

[2025-05-08 19:35:20 #8 type] 
Type domain.Factura is not enhanced.

[2025-05-08 19:35:20 #9 store] 
Database 'C:\Users\gaizk\Desktop\SI1\Workspace\PROJECTO\America.odb' is closed by 2724@Gaizka

------------------------------------------------------------------------------------------------------------------------

[2025-05-08 19:35:24 #1 store] 
Database 'C:\Users\gaizk\Desktop\SI1\Workspace\PROJECTO\America.odb' is opened by 8624@Gaizka

[2025-05-08 19:35:24 #2 store] 
Configuration path: ?

[2025-05-08 19:35:24 #3 type] 
Type domain.Sala is not enhanced.

[2025-05-08 19:35:24 #4 type] 
Type domain.Sesion is not enhanced.

[2025-05-08 19:35:24 #5 type] 
Type domain.Reserva is not enhanced.

[2025-05-08 19:35:24 #6 type] 
Type domain.Socio is not enhanced.

[2025-05-08 19:35:24 #7 type] 
Type domain.Actividad is not enhanced.

[2025-05-08 19:35:24 #8 type] 
Type domain.Factura is not enhanced.

------------------------------------------------------------------------------------------------------------------------

[2025-05-08 19:36:35 #1 store] 
Database 'C:\Users\gaizk\Desktop\SI1\Workspace\PROJECTO\America.odb' is opened by 2132@Gaizka

[2025-05-08 19:36:35 #2 store] 
Configuration path: ?

[2025-05-08 19:36:35 #3 type] 
Type domain.Sala is not enhanced.

[2025-05-08 19:36:35 #4 type] 
Type domain.Sesion is not enhanced.

[2025-05-08 19:36:35 #5 type] 
Type domain.Reserva is not enhanced.

[2025-05-08 19:36:35 #6 type] 
Type domain.Socio is not enhanced.

[2025-05-08 19:36:35 #7 type] 
Type domain.Actividad is not enhanced.

[2025-05-08 19:36:35 #8 type] 
Type domain.Factura is not enhanced.

[2025-05-08 19:36:36 #9 store] 
Database 'C:\Users\gaizk\Desktop\SI1\Workspace\PROJECTO\America.odb' is closed by 2132@Gaizka

------------------------------------------------------------------------------------------------------------------------

[2025-05-08 19:36:39 #1 store] 
Database 'C:\Users\gaizk\Desktop\SI1\Workspace\PROJECTO\America.odb' is opened by 9488@Gaizka

[2025-05-08 19:36:39 #2 store] 
Configuration path: ?

[2025-05-08 19:36:39 #3 type] 
Type domain.Sala is not enhanced.

[2025-05-08 19:36:39 #4 type] 
Type domain.Sesion is not enhanced.

[2025-05-08 19:36:39 #5 type] 
Type domain.Reserva is not enhanced.

[2025-05-08 19:36:39 #6 type] 
Type domain.Socio is not enhanced.

[2025-05-08 19:36:39 #7 type] 
Type domain.Actividad is not enhanced.

[2025-05-08 19:36:39 #8 type] 
Type domain.Factura is not enhanced.

------------------------------------------------------------------------------------------------------------------------

[2025-05-08 19:40:22 #1 store] 
Database 'C:\Users\gaizk\Desktop\SI1\Workspace\PROJECTO\America.odb' is opened by 9296@Gaizka

[2025-05-08 19:40:22 #2 store] 
Configuration path: ?

[2025-05-08 19:40:22 #3 type] 
Type domain.Sala is not enhanced.

[2025-05-08 19:40:23 #4 type] 
Type domain.Sesion is not enhanced.

[2025-05-08 19:40:23 #5 type] 
Type domain.Reserva is not enhanced.

[2025-05-08 19:40:23 #6 type] 
Type domain.Socio is not enhanced.

[2025-05-08 19:40:23 #7 type] 
Type domain.Actividad is not enhanced.

[2025-05-08 19:40:23 #8 type] 
Type domain.Factura is not enhanced.

[2025-05-08 19:40:23 #9 store] 
Database 'C:\Users\gaizk\Desktop\SI1\Workspace\PROJECTO\America.odb' is closed by 9296@Gaizka

------------------------------------------------------------------------------------------------------------------------

[2025-05-08 19:40:26 #1 store] 
Database 'C:\Users\gaizk\Desktop\SI1\Workspace\PROJECTO\America.odb' is opened by 11424@Gaizka

[2025-05-08 19:40:26 #2 store] 
Configuration path: ?

[2025-05-08 19:40:27 #3 type] 
Type domain.Sala is not enhanced.

[2025-05-08 19:40:27 #4 type] 
Type domain.Sesion is not enhanced.

[2025-05-08 19:40:27 #5 type] 
Type domain.Reserva is not enhanced.

[2025-05-08 19:40:27 #6 type] 
Type domain.Socio is not enhanced.

[2025-05-08 19:40:27 #7 type] 
Type domain.Actividad is not enhanced.

[2025-05-08 19:40:27 #8 type] 
Type domain.Factura is not enhanced.

------------------------------------------------------------------------------------------------------------------------

[2025-05-08 19:48:24 #1 store] 
Database 'C:\Users\gaizk\Desktop\SI1\Workspace\PROJECTO\America.odb' is opened by 7956@Gaizka

[2025-05-08 19:48:24 #2 store] 
Configuration path: ?

[2025-05-08 19:48:24 #3 type] 
Type domain.Sala is not enhanced.

[2025-05-08 19:48:24 #4 type] 
Type domain.Sesion is not enhanced.

[2025-05-08 19:48:24 #5 type] 
Type domain.Reserva is not enhanced.

[2025-05-08 19:48:24 #6 type] 
Type domain.Socio is not enhanced.

[2025-05-08 19:48:24 #7 type] 
Type domain.Actividad is not enhanced.

[2025-05-08 19:48:24 #8 type] 
Type domain.Factura is not enhanced.

[2025-05-08 19:48:24 #9 store] 
Database 'C:\Users\gaizk\Desktop\SI1\Workspace\PROJECTO\America.odb' is closed by 7956@Gaizka

------------------------------------------------------------------------------------------------------------------------

[2025-05-08 19:48:31 #1 store] 
Database 'C:\Users\gaizk\Desktop\SI1\Workspace\PROJECTO\America.odb' is opened by 8480@Gaizka

[2025-05-08 19:48:31 #2 store] 
Configuration path: ?

[2025-05-08 19:48:32 #3 type] 
Type domain.Sala is not enhanced.

[2025-05-08 19:48:32 #4 type] 
Type domain.Sesion is not enhanced.

[2025-05-08 19:48:32 #5 type] 
Type domain.Reserva is not enhanced.

[2025-05-08 19:48:32 #6 type] 
Type domain.Socio is not enhanced.

[2025-05-08 19:48:32 #7 type] 
Type domain.Actividad is not enhanced.

[2025-05-08 19:48:32 #8 type] 
Type domain.Factura is not enhanced.

[2025-05-08 19:48:32 #9 store] 
Database 'C:\Users\gaizk\Desktop\SI1\Workspace\PROJECTO\America.odb' is closed by 8480@Gaizka

------------------------------------------------------------------------------------------------------------------------

[2025-05-08 19:48:39 #1 store] 
Database 'C:\Users\gaizk\Desktop\SI1\Workspace\PROJECTO\America.odb' is opened by 4596@Gaizka

[2025-05-08 19:48:39 #2 store] 
Configuration path: ?

[2025-05-08 19:48:39 #3 type] 
Type domain.Sala is not enhanced.

[2025-05-08 19:48:39 #4 type] 
Type domain.Sesion is not enhanced.

[2025-05-08 19:48:39 #5 type] 
Type domain.Reserva is not enhanced.

[2025-05-08 19:48:39 #6 type] 
Type domain.Socio is not enhanced.

[2025-05-08 19:48:39 #7 type] 
Type domain.Actividad is not enhanced.

[2025-05-08 19:48:39 #8 type] 
Type domain.Factura is not enhanced.

------------------------------------------------------------------------------------------------------------------------

[2025-05-08 19:53:57 #1 store] 
Database 'C:\Users\gaizk\Desktop\SI1\Workspace\PROJECTO\America.odb' is opened by 11392@Gaizka

[2025-05-08 19:53:57 #2 store] 
Configuration path: ?

[2025-05-08 19:53:57 #3 type] 
Type domain.Sala is not enhanced.

[2025-05-08 19:53:57 #4 type] 
Type domain.Sesion is not enhanced.

[2025-05-08 19:53:57 #5 type] 
Type domain.Reserva is not enhanced.

[2025-05-08 19:53:57 #6 type] 
Type domain.Socio is not enhanced.

[2025-05-08 19:53:57 #7 type] 
Type domain.Actividad is not enhanced.

[2025-05-08 19:53:57 #8 type] 
Type domain.Factura is not enhanced.

[2025-05-08 19:53:58 #9 store] 
Database 'C:\Users\gaizk\Desktop\SI1\Workspace\PROJECTO\America.odb' is closed by 11392@Gaizka

------------------------------------------------------------------------------------------------------------------------

[2025-05-08 19:54:08 #1 store] 
Database 'C:\Users\gaizk\Desktop\SI1\Workspace\PROJECTO\America.odb' is opened by 2964@Gaizka

[2025-05-08 19:54:08 #2 store] 
Configuration path: ?

[2025-05-08 19:54:08 #3 type] 
Type domain.Sala is not enhanced.

[2025-05-08 19:54:08 #4 type] 
Type domain.Sesion is not enhanced.

[2025-05-08 19:54:08 #5 type] 
Type domain.Reserva is not enhanced.

[2025-05-08 19:54:08 #6 type] 
Type domain.Socio is not enhanced.

[2025-05-08 19:54:08 #7 type] 
Type domain.Actividad is not enhanced.

[2025-05-08 19:54:08 #8 type] 
Type domain.Factura is not enhanced.

------------------------------------------------------------------------------------------------------------------------

[2025-05-08 19:57:07 #1 store] 
Database 'C:\Users\gaizk\Desktop\SI1\Workspace\PROJECTO\America.odb' is opened by 8800@Gaizka

[2025-05-08 19:57:07 #2 store] 
Configuration path: ?

[2025-05-08 19:57:07 #3 type] 
Type domain.Sala is not enhanced.

[2025-05-08 19:57:07 #4 type] 
Type domain.Sesion is not enhanced.

[2025-05-08 19:57:07 #5 type] 
Type domain.Reserva is not enhanced.

[2025-05-08 19:57:07 #6 type] 
Type domain.Socio is not enhanced.

[2025-05-08 19:57:07 #7 type] 
Type domain.Actividad is not enhanced.

[2025-05-08 19:57:07 #8 type] 
Type domain.Factura is not enhanced.

[2025-05-08 19:57:07 #9 store] 
Database 'C:\Users\gaizk\Desktop\SI1\Workspace\PROJECTO\America.odb' is closed by 8800@Gaizka

------------------------------------------------------------------------------------------------------------------------

[2025-05-08 20:00:03 #1 store] 
Database 'C:\Users\gaizk\Desktop\SI1\Workspace\PROJECTO\America.odb' is opened by 9640@Gaizka

[2025-05-08 20:00:03 #2 store] 
Configuration path: ?

[2025-05-08 20:00:04 #3 type] 
Type domain.Sala is not enhanced.

[2025-05-08 20:00:04 #4 type] 
Type domain.Sesion is not enhanced.

[2025-05-08 20:00:04 #5 type] 
Type domain.Reserva is not enhanced.

[2025-05-08 20:00:04 #6 type] 
Type domain.Socio is not enhanced.

[2025-05-08 20:00:04 #7 type] 
Type domain.Actividad is not enhanced.

[2025-05-08 20:00:04 #8 type] 
Type domain.Factura is not enhanced.

[2025-05-08 20:00:04 #9 store] 
Database 'C:\Users\gaizk\Desktop\SI1\Workspace\PROJECTO\America.odb' is closed by 9640@Gaizka

------------------------------------------------------------------------------------------------------------------------

[2025-05-08 20:00:09 #1 store] 
Database 'C:\Users\gaizk\Desktop\SI1\Workspace\PROJECTO\America.odb' is opened by 8108@Gaizka

[2025-05-08 20:00:09 #2 store] 
Configuration path: ?

[2025-05-08 20:00:09 #3 type] 
Type domain.Sala is not enhanced.

[2025-05-08 20:00:09 #4 type] 
Type domain.Sesion is not enhanced.

[2025-05-08 20:00:09 #5 type] 
Type domain.Reserva is not enhanced.

[2025-05-08 20:00:09 #6 type] 
Type domain.Socio is not enhanced.

[2025-05-08 20:00:09 #7 type] 
Type domain.Actividad is not enhanced.

[2025-05-08 20:00:09 #8 type] 
Type domain.Factura is not enhanced.

[2025-05-08 20:00:09 #9 query] 
Error during query execution: SELECT f FROM Factura f WHERE f.socio.numSocio=?1 AND f.estado2=?2({1->1,2->NO_VISIBLE})

[2025-05-08 20:00:09 #10 *] 
java.lang.NullPointerException: Cannot invoke "com.objectdb.o.UMR.ZM()" because "<parameter1>" is null
	at com.objectdb.o.VAR.D(VAR.java:642)
	at com.objectdb.o.QNF.s(QNF.java:981)
	at com.objectdb.o.QNF.q(QNF.java:790)
	at com.objectdb.o.QNF.v(QNF.java:259)
	at com.objectdb.o.QNF.q(QNF.java:789)
	at com.objectdb.o.QNF.v(QNF.java:259)
	at com.objectdb.o.QNF.f(QNF.java:519)
	at com.objectdb.o.QNF.v(QNF.java:190)
	at com.objectdb.o.QNF.n(QNF.java:612)
	at com.objectdb.o.QNF.n(QNF.java:604)
	at com.objectdb.o.QNF.v(QNF.java:220)
	at com.objectdb.o.QNF.w(QNF.java:136)
	at com.objectdb.o.QRC.n(QRC.java:351)
	at com.objectdb.o.QRC.t(QRC.java:239)
	at com.objectdb.o.QRC.j(QRC.java:190)
	at com.objectdb.o.QRM.ZU(QRM.java:273)
	at com.objectdb.o.MST.ZU(MST.java:1019)
	at com.objectdb.o.WRA.ZU(WRA.java:313)
	at com.objectdb.o.WSM.ZU(WSM.java:117)
	at com.objectdb.o.QRR.k(QRR.java:260)
	at com.objectdb.o.QRR.i(QRR.java:154)
	at com.objectdb.jpa.JpaQuery.getSingleResult(JpaQuery.java:755)
	at DataAcces.DataAccess.getFacturaNoVisible(DataAccess.java:89)
	at LogicaNegocio.LogicaNegocio.enviarFacturas(LogicaNegocio.java:95)
	at gui.EnviarFacturas_GUI$1.actionPerformed(EnviarFacturas_GUI.java:46)
	at java.desktop/javax.swing.AbstractButton.fireActionPerformed(AbstractButton.java:1972)
	at java.desktop/javax.swing.AbstractButton$Handler.actionPerformed(AbstractButton.java:2314)
	at java.desktop/javax.swing.DefaultButtonModel.fireActionPerformed(DefaultButtonModel.java:407)
	at java.desktop/javax.swing.DefaultButtonModel.setPressed(DefaultButtonModel.java:262)
	at java.desktop/javax.swing.plaf.basic.BasicButtonListener.mouseReleased(BasicButtonListener.java:279)
	at java.desktop/java.awt.Component.processMouseEvent(Component.java:6621)
	at java.desktop/javax.swing.JComponent.processMouseEvent(JComponent.java:3404)
	at java.desktop/java.awt.Component.processEvent(Component.java:6386)
	at java.desktop/java.awt.Container.processEvent(Container.java:2266)
	at java.desktop/java.awt.Component.dispatchEventImpl(Component.java:4996)
	at java.desktop/java.awt.Container.dispatchEventImpl(Container.java:2324)
	at java.desktop/java.awt.Component.dispatchEvent(Component.java:4828)
	at java.desktop/java.awt.LightweightDispatcher.retargetMouseEvent(Container.java:4948)
	at java.desktop/java.awt.LightweightDispatcher.processMouseEvent(Container.java:4575)
	at java.desktop/java.awt.LightweightDispatcher.dispatchEvent(Container.java:4516)
	at java.desktop/java.awt.Container.dispatchEventImpl(Container.java:2310)
	at java.desktop/java.awt.Window.dispatchEventImpl(Window.java:2780)
	at java.desktop/java.awt.Component.dispatchEvent(Component.java:4828)
	at java.desktop/java.awt.EventQueue.dispatchEventImpl(EventQueue.java:775)
	at java.desktop/java.awt.EventQueue$4.run(EventQueue.java:720)
	at java.desktop/java.awt.EventQueue$4.run(EventQueue.java:714)
	at java.base/java.security.AccessController.doPrivileged(AccessController.java:400)
	at java.base/java.security.ProtectionDomain$JavaSecurityAccessImpl.doIntersectionPrivilege(ProtectionDomain.java:87)
	at java.base/java.security.ProtectionDomain$JavaSecurityAccessImpl.doIntersectionPrivilege(ProtectionDomain.java:98)
	at java.desktop/java.awt.EventQueue$5.run(EventQueue.java:747)
	at java.desktop/java.awt.EventQueue$5.run(EventQueue.java:745)
	at java.base/java.security.AccessController.doPrivileged(AccessController.java:400)
	at java.base/java.security.ProtectionDomain$JavaSecurityAccessImpl.doIntersectionPrivilege(ProtectionDomain.java:87)
	at java.desktop/java.awt.EventQueue.dispatchEvent(EventQueue.java:744)
	at java.desktop/java.awt.EventDispatchThread.pumpOneEventForFilters(EventDispatchThread.java:203)
	at java.desktop/java.awt.EventDispatchThread.pumpEventsForFilter(EventDispatchThread.java:124)
	at java.desktop/java.awt.EventDispatchThread.pumpEventsForHierarchy(EventDispatchThread.java:113)
	at java.desktop/java.awt.EventDispatchThread.pumpEvents(EventDispatchThread.java:109)
	at java.desktop/java.awt.EventDispatchThread.pumpEvents(EventDispatchThread.java:101)
	at java.desktop/java.awt.EventDispatchThread.run(EventDispatchThread.java:90)

------------------------------------------------------------------------------------------------------------------------

[2025-05-08 20:05:49 #1 store] 
Database 'C:\Users\gaizk\Desktop\SI1\Workspace\PROJECTO\America.odb' is opened by 6496@Gaizka

[2025-05-08 20:05:49 #2 store] 
Configuration path: ?

[2025-05-08 20:05:49 #3 type] 
Type domain.Sala is not enhanced.

[2025-05-08 20:05:49 #4 type] 
Type domain.Sesion is not enhanced.

[2025-05-08 20:05:49 #5 type] 
Type domain.Reserva is not enhanced.

[2025-05-08 20:05:49 #6 type] 
Type domain.Socio is not enhanced.

[2025-05-08 20:05:49 #7 type] 
Type domain.Actividad is not enhanced.

[2025-05-08 20:05:49 #8 type] 
Type domain.Factura is not enhanced.

[2025-05-08 20:05:49 #9 store] 
Database 'C:\Users\gaizk\Desktop\SI1\Workspace\PROJECTO\America.odb' is closed by 6496@Gaizka

------------------------------------------------------------------------------------------------------------------------

[2025-05-08 20:05:54 #1 store] 
Database 'C:\Users\gaizk\Desktop\SI1\Workspace\PROJECTO\America.odb' is opened by 8028@Gaizka

[2025-05-08 20:05:54 #2 store] 
Configuration path: ?

[2025-05-08 20:05:54 #3 type] 
Type domain.Sala is not enhanced.

[2025-05-08 20:05:54 #4 type] 
Type domain.Sesion is not enhanced.

[2025-05-08 20:05:54 #5 type] 
Type domain.Reserva is not enhanced.

[2025-05-08 20:05:54 #6 type] 
Type domain.Socio is not enhanced.

[2025-05-08 20:05:54 #7 type] 
Type domain.Actividad is not enhanced.

[2025-05-08 20:05:54 #8 type] 
Type domain.Factura is not enhanced.

[2025-05-08 20:05:55 #9 query] 
Error during query execution: SELECT f FROM Factura f WHERE f.socio.numSocio=?1 AND f.estado2=?2({1->1,2->NO_VISIBLE})

[2025-05-08 20:05:55 #10 *] 
java.lang.NullPointerException: Cannot invoke "com.objectdb.o.UMR.ZM()" because "<parameter1>" is null
	at com.objectdb.o.VAR.D(VAR.java:642)
	at com.objectdb.o.QNF.s(QNF.java:981)
	at com.objectdb.o.QNF.q(QNF.java:790)
	at com.objectdb.o.QNF.v(QNF.java:259)
	at com.objectdb.o.QNF.q(QNF.java:789)
	at com.objectdb.o.QNF.v(QNF.java:259)
	at com.objectdb.o.QNF.f(QNF.java:519)
	at com.objectdb.o.QNF.v(QNF.java:190)
	at com.objectdb.o.QNF.n(QNF.java:612)
	at com.objectdb.o.QNF.n(QNF.java:604)
	at com.objectdb.o.QNF.v(QNF.java:220)
	at com.objectdb.o.QNF.w(QNF.java:136)
	at com.objectdb.o.QRC.n(QRC.java:351)
	at com.objectdb.o.QRC.t(QRC.java:239)
	at com.objectdb.o.QRC.j(QRC.java:190)
	at com.objectdb.o.QRM.ZU(QRM.java:273)
	at com.objectdb.o.MST.ZU(MST.java:1019)
	at com.objectdb.o.WRA.ZU(WRA.java:313)
	at com.objectdb.o.WSM.ZU(WSM.java:117)
	at com.objectdb.o.QRR.k(QRR.java:260)
	at com.objectdb.o.QRR.i(QRR.java:154)
	at com.objectdb.jpa.JpaQuery.getSingleResult(JpaQuery.java:755)
	at DataAcces.DataAccess.getFacturaNoVisible(DataAccess.java:89)
	at LogicaNegocio.LogicaNegocio.enviarFacturas(LogicaNegocio.java:95)
	at gui.EnviarFacturas_GUI$1.actionPerformed(EnviarFacturas_GUI.java:46)
	at java.desktop/javax.swing.AbstractButton.fireActionPerformed(AbstractButton.java:1972)
	at java.desktop/javax.swing.AbstractButton$Handler.actionPerformed(AbstractButton.java:2314)
	at java.desktop/javax.swing.DefaultButtonModel.fireActionPerformed(DefaultButtonModel.java:407)
	at java.desktop/javax.swing.DefaultButtonModel.setPressed(DefaultButtonModel.java:262)
	at java.desktop/javax.swing.plaf.basic.BasicButtonListener.mouseReleased(BasicButtonListener.java:279)
	at java.desktop/java.awt.Component.processMouseEvent(Component.java:6621)
	at java.desktop/javax.swing.JComponent.processMouseEvent(JComponent.java:3404)
	at java.desktop/java.awt.Component.processEvent(Component.java:6386)
	at java.desktop/java.awt.Container.processEvent(Container.java:2266)
	at java.desktop/java.awt.Component.dispatchEventImpl(Component.java:4996)
	at java.desktop/java.awt.Container.dispatchEventImpl(Container.java:2324)
	at java.desktop/java.awt.Component.dispatchEvent(Component.java:4828)
	at java.desktop/java.awt.LightweightDispatcher.retargetMouseEvent(Container.java:4948)
	at java.desktop/java.awt.LightweightDispatcher.processMouseEvent(Container.java:4575)
	at java.desktop/java.awt.LightweightDispatcher.dispatchEvent(Container.java:4516)
	at java.desktop/java.awt.Container.dispatchEventImpl(Container.java:2310)
	at java.desktop/java.awt.Window.dispatchEventImpl(Window.java:2780)
	at java.desktop/java.awt.Component.dispatchEvent(Component.java:4828)
	at java.desktop/java.awt.EventQueue.dispatchEventImpl(EventQueue.java:775)
	at java.desktop/java.awt.EventQueue$4.run(EventQueue.java:720)
	at java.desktop/java.awt.EventQueue$4.run(EventQueue.java:714)
	at java.base/java.security.AccessController.doPrivileged(AccessController.java:400)
	at java.base/java.security.ProtectionDomain$JavaSecurityAccessImpl.doIntersectionPrivilege(ProtectionDomain.java:87)
	at java.base/java.security.ProtectionDomain$JavaSecurityAccessImpl.doIntersectionPrivilege(ProtectionDomain.java:98)
	at java.desktop/java.awt.EventQueue$5.run(EventQueue.java:747)
	at java.desktop/java.awt.EventQueue$5.run(EventQueue.java:745)
	at java.base/java.security.AccessController.doPrivileged(AccessController.java:400)
	at java.base/java.security.ProtectionDomain$JavaSecurityAccessImpl.doIntersectionPrivilege(ProtectionDomain.java:87)
	at java.desktop/java.awt.EventQueue.dispatchEvent(EventQueue.java:744)
	at java.desktop/java.awt.EventDispatchThread.pumpOneEventForFilters(EventDispatchThread.java:203)
	at java.desktop/java.awt.EventDispatchThread.pumpEventsForFilter(EventDispatchThread.java:124)
	at java.desktop/java.awt.EventDispatchThread.pumpEventsForHierarchy(EventDispatchThread.java:113)
	at java.desktop/java.awt.EventDispatchThread.pumpEvents(EventDispatchThread.java:109)
	at java.desktop/java.awt.EventDispatchThread.pumpEvents(EventDispatchThread.java:101)
	at java.desktop/java.awt.EventDispatchThread.run(EventDispatchThread.java:90)

------------------------------------------------------------------------------------------------------------------------

[2025-05-08 20:07:07 #1 store] 
Database 'C:\Users\gaizk\Desktop\SI1\Workspace\PROJECTO\America.odb' is opened by 9716@Gaizka

[2025-05-08 20:07:07 #2 store] 
Configuration path: ?

[2025-05-08 20:07:07 #3 type] 
Type domain.Sala is not enhanced.

[2025-05-08 20:07:07 #4 type] 
Type domain.Sesion is not enhanced.

[2025-05-08 20:07:07 #5 type] 
Type domain.Reserva is not enhanced.

[2025-05-08 20:07:07 #6 type] 
Type domain.Socio is not enhanced.

[2025-05-08 20:07:07 #7 type] 
Type domain.Actividad is not enhanced.

[2025-05-08 20:07:07 #8 type] 
Type domain.Factura is not enhanced.

[2025-05-08 20:07:07 #9 store] 
Database 'C:\Users\gaizk\Desktop\SI1\Workspace\PROJECTO\America.odb' is closed by 9716@Gaizka

------------------------------------------------------------------------------------------------------------------------

[2025-05-08 20:07:11 #1 store] 
Database 'C:\Users\gaizk\Desktop\SI1\Workspace\PROJECTO\America.odb' is opened by 9396@Gaizka

[2025-05-08 20:07:11 #2 store] 
Configuration path: ?

[2025-05-08 20:07:11 #3 type] 
Type domain.Sala is not enhanced.

[2025-05-08 20:07:11 #4 type] 
Type domain.Sesion is not enhanced.

[2025-05-08 20:07:11 #5 type] 
Type domain.Reserva is not enhanced.

[2025-05-08 20:07:11 #6 type] 
Type domain.Socio is not enhanced.

[2025-05-08 20:07:11 #7 type] 
Type domain.Actividad is not enhanced.

[2025-05-08 20:07:11 #8 type] 
Type domain.Factura is not enhanced.

[2025-05-08 20:07:11 #9 query] 
Error during query execution: SELECT f FROM Factura f WHERE f.socio.numSocio=?1 AND f.estado2=?2({1->1,2->NO_VISIBLE})

[2025-05-08 20:07:11 #10 *] 
java.lang.NullPointerException: Cannot invoke "com.objectdb.o.UMR.ZM()" because "<parameter1>" is null
	at com.objectdb.o.VAR.D(VAR.java:642)
	at com.objectdb.o.QNF.s(QNF.java:981)
	at com.objectdb.o.QNF.q(QNF.java:790)
	at com.objectdb.o.QNF.v(QNF.java:259)
	at com.objectdb.o.QNF.q(QNF.java:789)
	at com.objectdb.o.QNF.v(QNF.java:259)
	at com.objectdb.o.QNF.f(QNF.java:519)
	at com.objectdb.o.QNF.v(QNF.java:190)
	at com.objectdb.o.QNF.n(QNF.java:612)
	at com.objectdb.o.QNF.n(QNF.java:604)
	at com.objectdb.o.QNF.v(QNF.java:220)
	at com.objectdb.o.QNF.w(QNF.java:136)
	at com.objectdb.o.QRC.n(QRC.java:351)
	at com.objectdb.o.QRC.t(QRC.java:239)
	at com.objectdb.o.QRC.j(QRC.java:190)
	at com.objectdb.o.QRM.ZU(QRM.java:273)
	at com.objectdb.o.MST.ZU(MST.java:1019)
	at com.objectdb.o.WRA.ZU(WRA.java:313)
	at com.objectdb.o.WSM.ZU(WSM.java:117)
	at com.objectdb.o.QRR.k(QRR.java:260)
	at com.objectdb.o.QRR.i(QRR.java:154)
	at com.objectdb.jpa.JpaQuery.getSingleResult(JpaQuery.java:755)
	at DataAcces.DataAccess.getFacturaNoVisible(DataAccess.java:89)
	at LogicaNegocio.LogicaNegocio.enviarFacturas(LogicaNegocio.java:95)
	at gui.EnviarFacturas_GUI$1.actionPerformed(EnviarFacturas_GUI.java:46)
	at java.desktop/javax.swing.AbstractButton.fireActionPerformed(AbstractButton.java:1972)
	at java.desktop/javax.swing.AbstractButton$Handler.actionPerformed(AbstractButton.java:2314)
	at java.desktop/javax.swing.DefaultButtonModel.fireActionPerformed(DefaultButtonModel.java:407)
	at java.desktop/javax.swing.DefaultButtonModel.setPressed(DefaultButtonModel.java:262)
	at java.desktop/javax.swing.plaf.basic.BasicButtonListener.mouseReleased(BasicButtonListener.java:279)
	at java.desktop/java.awt.Component.processMouseEvent(Component.java:6621)
	at java.desktop/javax.swing.JComponent.processMouseEvent(JComponent.java:3404)
	at java.desktop/java.awt.Component.processEvent(Component.java:6386)
	at java.desktop/java.awt.Container.processEvent(Container.java:2266)
	at java.desktop/java.awt.Component.dispatchEventImpl(Component.java:4996)
	at java.desktop/java.awt.Container.dispatchEventImpl(Container.java:2324)
	at java.desktop/java.awt.Component.dispatchEvent(Component.java:4828)
	at java.desktop/java.awt.LightweightDispatcher.retargetMouseEvent(Container.java:4948)
	at java.desktop/java.awt.LightweightDispatcher.processMouseEvent(Container.java:4575)
	at java.desktop/java.awt.LightweightDispatcher.dispatchEvent(Container.java:4516)
	at java.desktop/java.awt.Container.dispatchEventImpl(Container.java:2310)
	at java.desktop/java.awt.Window.dispatchEventImpl(Window.java:2780)
	at java.desktop/java.awt.Component.dispatchEvent(Component.java:4828)
	at java.desktop/java.awt.EventQueue.dispatchEventImpl(EventQueue.java:775)
	at java.desktop/java.awt.EventQueue$4.run(EventQueue.java:720)
	at java.desktop/java.awt.EventQueue$4.run(EventQueue.java:714)
	at java.base/java.security.AccessController.doPrivileged(AccessController.java:400)
	at java.base/java.security.ProtectionDomain$JavaSecurityAccessImpl.doIntersectionPrivilege(ProtectionDomain.java:87)
	at java.base/java.security.ProtectionDomain$JavaSecurityAccessImpl.doIntersectionPrivilege(ProtectionDomain.java:98)
	at java.desktop/java.awt.EventQueue$5.run(EventQueue.java:747)
	at java.desktop/java.awt.EventQueue$5.run(EventQueue.java:745)
	at java.base/java.security.AccessController.doPrivileged(AccessController.java:400)
	at java.base/java.security.ProtectionDomain$JavaSecurityAccessImpl.doIntersectionPrivilege(ProtectionDomain.java:87)
	at java.desktop/java.awt.EventQueue.dispatchEvent(EventQueue.java:744)
	at java.desktop/java.awt.EventDispatchThread.pumpOneEventForFilters(EventDispatchThread.java:203)
	at java.desktop/java.awt.EventDispatchThread.pumpEventsForFilter(EventDispatchThread.java:124)
	at java.desktop/java.awt.EventDispatchThread.pumpEventsForHierarchy(EventDispatchThread.java:113)
	at java.desktop/java.awt.EventDispatchThread.pumpEvents(EventDispatchThread.java:109)
	at java.desktop/java.awt.EventDispatchThread.pumpEvents(EventDispatchThread.java:101)
	at java.desktop/java.awt.EventDispatchThread.run(EventDispatchThread.java:90)

------------------------------------------------------------------------------------------------------------------------

[2025-05-08 20:10:48 #1 store] 
Database 'C:\Users\gaizk\Desktop\SI1\Workspace\PROJECTO\America.odb' is opened by 9264@Gaizka

[2025-05-08 20:10:48 #2 store] 
Configuration path: ?

[2025-05-08 20:10:48 #3 type] 
Type domain.Socio is not enhanced.

[2025-05-08 20:10:48 #4 type] 
Type domain.Sesion is not enhanced.

[2025-05-08 20:10:48 #5 type] 
Type domain.Reserva is not enhanced.

[2025-05-08 20:10:48 #6 type] 
Type domain.Factura is not enhanced.

[2025-05-08 20:10:48 #7 type] 
Type domain.Actividad is not enhanced.

[2025-05-08 20:10:48 #8 type] 
Type domain.Sala is not enhanced.

------------------------------------------------------------------------------------------------------------------------

[2025-05-08 20:11:44 #1 store] 
Database 'C:\Users\gaizk\Desktop\SI1\Workspace\PROJECTO\America.odb' is opened by 908@Gaizka

[2025-05-08 20:11:44 #2 store] 
Configuration path: ?

[2025-05-08 20:11:44 #3 type] 
Type domain.Sala is not enhanced.

[2025-05-08 20:11:44 #4 type] 
Type domain.Sesion is not enhanced.

[2025-05-08 20:11:44 #5 type] 
Type domain.Reserva is not enhanced.

[2025-05-08 20:11:44 #6 type] 
Type domain.Socio is not enhanced.

[2025-05-08 20:11:44 #7 type] 
Type domain.Actividad is not enhanced.

[2025-05-08 20:11:44 #8 type] 
Type domain.Factura is not enhanced.

[2025-05-08 20:11:44 #9 store] 
Database 'C:\Users\gaizk\Desktop\SI1\Workspace\PROJECTO\America.odb' is closed by 908@Gaizka

------------------------------------------------------------------------------------------------------------------------

[2025-05-08 20:11:51 #1 store] 
Database 'C:\Users\gaizk\Desktop\SI1\Workspace\PROJECTO\America.odb' is opened by 11916@Gaizka

[2025-05-08 20:11:51 #2 store] 
Configuration path: ?

[2025-05-08 20:11:52 #3 type] 
Type domain.Sala is not enhanced.

[2025-05-08 20:11:52 #4 type] 
Type domain.Sesion is not enhanced.

[2025-05-08 20:11:52 #5 type] 
Type domain.Reserva is not enhanced.

[2025-05-08 20:11:52 #6 type] 
Type domain.Socio is not enhanced.

[2025-05-08 20:11:52 #7 type] 
Type domain.Actividad is not enhanced.

[2025-05-08 20:11:52 #8 type] 
Type domain.Factura is not enhanced.

[2025-05-08 20:11:52 #9 query] 
Error during query execution: SELECT f FROM Factura f WHERE f.socio.numSocio=?1 AND f.estado2=?2({1->1,2->NO_VISIBLE})

[2025-05-08 20:11:52 #10 *] 
java.lang.NullPointerException: Cannot invoke "com.objectdb.o.UMR.ZM()" because "<parameter1>" is null
	at com.objectdb.o.VAR.D(VAR.java:642)
	at com.objectdb.o.QNF.s(QNF.java:981)
	at com.objectdb.o.QNF.q(QNF.java:790)
	at com.objectdb.o.QNF.v(QNF.java:259)
	at com.objectdb.o.QNF.q(QNF.java:789)
	at com.objectdb.o.QNF.v(QNF.java:259)
	at com.objectdb.o.QNF.f(QNF.java:519)
	at com.objectdb.o.QNF.v(QNF.java:190)
	at com.objectdb.o.QNF.n(QNF.java:612)
	at com.objectdb.o.QNF.n(QNF.java:604)
	at com.objectdb.o.QNF.v(QNF.java:220)
	at com.objectdb.o.QNF.w(QNF.java:136)
	at com.objectdb.o.QRC.n(QRC.java:351)
	at com.objectdb.o.QRC.t(QRC.java:239)
	at com.objectdb.o.QRC.j(QRC.java:190)
	at com.objectdb.o.QRM.ZU(QRM.java:273)
	at com.objectdb.o.MST.ZU(MST.java:1019)
	at com.objectdb.o.WRA.ZU(WRA.java:313)
	at com.objectdb.o.WSM.ZU(WSM.java:117)
	at com.objectdb.o.QRR.k(QRR.java:260)
	at com.objectdb.o.QRR.i(QRR.java:154)
	at com.objectdb.jpa.JpaQuery.getResultList(JpaQuery.java:721)
	at DataAcces.DataAccess.getFacturaNoVisible(DataAccess.java:89)
	at LogicaNegocio.LogicaNegocio.enviarFacturas(LogicaNegocio.java:95)
	at gui.EnviarFacturas_GUI$1.actionPerformed(EnviarFacturas_GUI.java:46)
	at java.desktop/javax.swing.AbstractButton.fireActionPerformed(AbstractButton.java:1972)
	at java.desktop/javax.swing.AbstractButton$Handler.actionPerformed(AbstractButton.java:2314)
	at java.desktop/javax.swing.DefaultButtonModel.fireActionPerformed(DefaultButtonModel.java:407)
	at java.desktop/javax.swing.DefaultButtonModel.setPressed(DefaultButtonModel.java:262)
	at java.desktop/javax.swing.plaf.basic.BasicButtonListener.mouseReleased(BasicButtonListener.java:279)
	at java.desktop/java.awt.Component.processMouseEvent(Component.java:6621)
	at java.desktop/javax.swing.JComponent.processMouseEvent(JComponent.java:3404)
	at java.desktop/java.awt.Component.processEvent(Component.java:6386)
	at java.desktop/java.awt.Container.processEvent(Container.java:2266)
	at java.desktop/java.awt.Component.dispatchEventImpl(Component.java:4996)
	at java.desktop/java.awt.Container.dispatchEventImpl(Container.java:2324)
	at java.desktop/java.awt.Component.dispatchEvent(Component.java:4828)
	at java.desktop/java.awt.LightweightDispatcher.retargetMouseEvent(Container.java:4948)
	at java.desktop/java.awt.LightweightDispatcher.processMouseEvent(Container.java:4575)
	at java.desktop/java.awt.LightweightDispatcher.dispatchEvent(Container.java:4516)
	at java.desktop/java.awt.Container.dispatchEventImpl(Container.java:2310)
	at java.desktop/java.awt.Window.dispatchEventImpl(Window.java:2780)
	at java.desktop/java.awt.Component.dispatchEvent(Component.java:4828)
	at java.desktop/java.awt.EventQueue.dispatchEventImpl(EventQueue.java:775)
	at java.desktop/java.awt.EventQueue$4.run(EventQueue.java:720)
	at java.desktop/java.awt.EventQueue$4.run(EventQueue.java:714)
	at java.base/java.security.AccessController.doPrivileged(AccessController.java:400)
	at java.base/java.security.ProtectionDomain$JavaSecurityAccessImpl.doIntersectionPrivilege(ProtectionDomain.java:87)
	at java.base/java.security.ProtectionDomain$JavaSecurityAccessImpl.doIntersectionPrivilege(ProtectionDomain.java:98)
	at java.desktop/java.awt.EventQueue$5.run(EventQueue.java:747)
	at java.desktop/java.awt.EventQueue$5.run(EventQueue.java:745)
	at java.base/java.security.AccessController.doPrivileged(AccessController.java:400)
	at java.base/java.security.ProtectionDomain$JavaSecurityAccessImpl.doIntersectionPrivilege(ProtectionDomain.java:87)
	at java.desktop/java.awt.EventQueue.dispatchEvent(EventQueue.java:744)
	at java.desktop/java.awt.EventDispatchThread.pumpOneEventForFilters(EventDispatchThread.java:203)
	at java.desktop/java.awt.EventDispatchThread.pumpEventsForFilter(EventDispatchThread.java:124)
	at java.desktop/java.awt.EventDispatchThread.pumpEventsForHierarchy(EventDispatchThread.java:113)
	at java.desktop/java.awt.EventDispatchThread.pumpEvents(EventDispatchThread.java:109)
	at java.desktop/java.awt.EventDispatchThread.pumpEvents(EventDispatchThread.java:101)
	at java.desktop/java.awt.EventDispatchThread.run(EventDispatchThread.java:90)

------------------------------------------------------------------------------------------------------------------------

[2025-05-08 20:12:32 #1 store] 
Database 'C:\Users\gaizk\Desktop\SI1\Workspace\PROJECTO\America.odb' is opened by 8680@Gaizka

[2025-05-08 20:12:33 #2 store] 
Configuration path: ?

[2025-05-08 20:12:33 #3 type] 
Type domain.Sala is not enhanced.

[2025-05-08 20:12:33 #4 type] 
Type domain.Sesion is not enhanced.

[2025-05-08 20:12:33 #5 type] 
Type domain.Reserva is not enhanced.

[2025-05-08 20:12:33 #6 type] 
Type domain.Socio is not enhanced.

[2025-05-08 20:12:33 #7 type] 
Type domain.Actividad is not enhanced.

[2025-05-08 20:12:33 #8 type] 
Type domain.Factura is not enhanced.

[2025-05-08 20:12:33 #9 store] 
Database 'C:\Users\gaizk\Desktop\SI1\Workspace\PROJECTO\America.odb' is closed by 8680@Gaizka

------------------------------------------------------------------------------------------------------------------------

[2025-05-08 20:12:41 #1 store] 
Database 'C:\Users\gaizk\Desktop\SI1\Workspace\PROJECTO\America.odb' is opened by 1744@Gaizka

[2025-05-08 20:12:41 #2 store] 
Configuration path: ?

[2025-05-08 20:12:41 #3 type] 
Type domain.Sala is not enhanced.

[2025-05-08 20:12:41 #4 type] 
Type domain.Sesion is not enhanced.

[2025-05-08 20:12:41 #5 type] 
Type domain.Reserva is not enhanced.

[2025-05-08 20:12:41 #6 type] 
Type domain.Socio is not enhanced.

[2025-05-08 20:12:41 #7 type] 
Type domain.Actividad is not enhanced.

[2025-05-08 20:12:41 #8 type] 
Type domain.Factura is not enhanced.

[2025-05-08 20:12:42 #9 query] 
Error during query execution: SELECT f FROM Factura f WHERE f.socio.numSocio=?1 AND f.estado2=?2({1->1,2->NO_VISIBLE})

[2025-05-08 20:12:42 #10 *] 
java.lang.NullPointerException: Cannot invoke "com.objectdb.o.UMR.ZM()" because "<parameter1>" is null
	at com.objectdb.o.VAR.D(VAR.java:642)
	at com.objectdb.o.QNF.s(QNF.java:981)
	at com.objectdb.o.QNF.q(QNF.java:790)
	at com.objectdb.o.QNF.v(QNF.java:259)
	at com.objectdb.o.QNF.q(QNF.java:789)
	at com.objectdb.o.QNF.v(QNF.java:259)
	at com.objectdb.o.QNF.f(QNF.java:519)
	at com.objectdb.o.QNF.v(QNF.java:190)
	at com.objectdb.o.QNF.n(QNF.java:612)
	at com.objectdb.o.QNF.n(QNF.java:604)
	at com.objectdb.o.QNF.v(QNF.java:220)
	at com.objectdb.o.QNF.w(QNF.java:136)
	at com.objectdb.o.QRC.n(QRC.java:351)
	at com.objectdb.o.QRC.t(QRC.java:239)
	at com.objectdb.o.QRC.j(QRC.java:190)
	at com.objectdb.o.QRM.ZU(QRM.java:273)
	at com.objectdb.o.MST.ZU(MST.java:1019)
	at com.objectdb.o.WRA.ZU(WRA.java:313)
	at com.objectdb.o.WSM.ZU(WSM.java:117)
	at com.objectdb.o.QRR.k(QRR.java:260)
	at com.objectdb.o.QRR.i(QRR.java:154)
	at com.objectdb.jpa.JpaQuery.getResultList(JpaQuery.java:721)
	at DataAcces.DataAccess.getFacturaNoVisible(DataAccess.java:89)
	at LogicaNegocio.LogicaNegocio.enviarFacturas(LogicaNegocio.java:95)
	at gui.EnviarFacturas_GUI$1.actionPerformed(EnviarFacturas_GUI.java:46)
	at java.desktop/javax.swing.AbstractButton.fireActionPerformed(AbstractButton.java:1972)
	at java.desktop/javax.swing.AbstractButton$Handler.actionPerformed(AbstractButton.java:2314)
	at java.desktop/javax.swing.DefaultButtonModel.fireActionPerformed(DefaultButtonModel.java:407)
	at java.desktop/javax.swing.DefaultButtonModel.setPressed(DefaultButtonModel.java:262)
	at java.desktop/javax.swing.plaf.basic.BasicButtonListener.mouseReleased(BasicButtonListener.java:279)
	at java.desktop/java.awt.Component.processMouseEvent(Component.java:6621)
	at java.desktop/javax.swing.JComponent.processMouseEvent(JComponent.java:3404)
	at java.desktop/java.awt.Component.processEvent(Component.java:6386)
	at java.desktop/java.awt.Container.processEvent(Container.java:2266)
	at java.desktop/java.awt.Component.dispatchEventImpl(Component.java:4996)
	at java.desktop/java.awt.Container.dispatchEventImpl(Container.java:2324)
	at java.desktop/java.awt.Component.dispatchEvent(Component.java:4828)
	at java.desktop/java.awt.LightweightDispatcher.retargetMouseEvent(Container.java:4948)
	at java.desktop/java.awt.LightweightDispatcher.processMouseEvent(Container.java:4575)
	at java.desktop/java.awt.LightweightDispatcher.dispatchEvent(Container.java:4516)
	at java.desktop/java.awt.Container.dispatchEventImpl(Container.java:2310)
	at java.desktop/java.awt.Window.dispatchEventImpl(Window.java:2780)
	at java.desktop/java.awt.Component.dispatchEvent(Component.java:4828)
	at java.desktop/java.awt.EventQueue.dispatchEventImpl(EventQueue.java:775)
	at java.desktop/java.awt.EventQueue$4.run(EventQueue.java:720)
	at java.desktop/java.awt.EventQueue$4.run(EventQueue.java:714)
	at java.base/java.security.AccessController.doPrivileged(AccessController.java:400)
	at java.base/java.security.ProtectionDomain$JavaSecurityAccessImpl.doIntersectionPrivilege(ProtectionDomain.java:87)
	at java.base/java.security.ProtectionDomain$JavaSecurityAccessImpl.doIntersectionPrivilege(ProtectionDomain.java:98)
	at java.desktop/java.awt.EventQueue$5.run(EventQueue.java:747)
	at java.desktop/java.awt.EventQueue$5.run(EventQueue.java:745)
	at java.base/java.security.AccessController.doPrivileged(AccessController.java:400)
	at java.base/java.security.ProtectionDomain$JavaSecurityAccessImpl.doIntersectionPrivilege(ProtectionDomain.java:87)
	at java.desktop/java.awt.EventQueue.dispatchEvent(EventQueue.java:744)
	at java.desktop/java.awt.EventDispatchThread.pumpOneEventForFilters(EventDispatchThread.java:203)
	at java.desktop/java.awt.EventDispatchThread.pumpEventsForFilter(EventDispatchThread.java:124)
	at java.desktop/java.awt.EventDispatchThread.pumpEventsForHierarchy(EventDispatchThread.java:113)
	at java.desktop/java.awt.EventDispatchThread.pumpEvents(EventDispatchThread.java:109)
	at java.desktop/java.awt.EventDispatchThread.pumpEvents(EventDispatchThread.java:101)
	at java.desktop/java.awt.EventDispatchThread.run(EventDispatchThread.java:90)

------------------------------------------------------------------------------------------------------------------------

[2025-05-08 20:14:11 #1 store] 
Database 'C:\Users\gaizk\Desktop\SI1\Workspace\PROJECTO\America.odb' is opened by 5176@Gaizka

[2025-05-08 20:14:11 #2 store] 
Configuration path: ?

[2025-05-08 20:14:11 #3 type] 
Type domain.Sala is not enhanced.

[2025-05-08 20:14:11 #4 type] 
Type domain.Sesion is not enhanced.

[2025-05-08 20:14:11 #5 type] 
Type domain.Reserva is not enhanced.

[2025-05-08 20:14:11 #6 type] 
Type domain.Socio is not enhanced.

[2025-05-08 20:14:11 #7 type] 
Type domain.Actividad is not enhanced.

[2025-05-08 20:14:11 #8 type] 
Type domain.Factura is not enhanced.

[2025-05-08 20:14:11 #9 store] 
Database 'C:\Users\gaizk\Desktop\SI1\Workspace\PROJECTO\America.odb' is closed by 5176@Gaizka

------------------------------------------------------------------------------------------------------------------------

[2025-05-08 20:14:15 #1 store] 
Database 'C:\Users\gaizk\Desktop\SI1\Workspace\PROJECTO\America.odb' is opened by 2720@Gaizka

[2025-05-08 20:14:15 #2 store] 
Configuration path: ?

[2025-05-08 20:14:15 #3 type] 
Type domain.Sala is not enhanced.

[2025-05-08 20:14:15 #4 type] 
Type domain.Sesion is not enhanced.

[2025-05-08 20:14:15 #5 type] 
Type domain.Reserva is not enhanced.

[2025-05-08 20:14:15 #6 type] 
Type domain.Socio is not enhanced.

[2025-05-08 20:14:15 #7 type] 
Type domain.Actividad is not enhanced.

[2025-05-08 20:14:15 #8 type] 
Type domain.Factura is not enhanced.

[2025-05-08 20:14:15 #9 query] 
Error during query execution: SELECT f FROM Factura f WHERE f.socio.numSocio=?1 AND f.estado2=?2({1->1,2->NO_VISIBLE})

[2025-05-08 20:14:15 #10 *] 
java.lang.NullPointerException: Cannot invoke "com.objectdb.o.UMR.ZM()" because "<parameter1>" is null
	at com.objectdb.o.VAR.D(VAR.java:642)
	at com.objectdb.o.QNF.s(QNF.java:981)
	at com.objectdb.o.QNF.q(QNF.java:790)
	at com.objectdb.o.QNF.v(QNF.java:259)
	at com.objectdb.o.QNF.q(QNF.java:789)
	at com.objectdb.o.QNF.v(QNF.java:259)
	at com.objectdb.o.QNF.f(QNF.java:519)
	at com.objectdb.o.QNF.v(QNF.java:190)
	at com.objectdb.o.QNF.n(QNF.java:612)
	at com.objectdb.o.QNF.n(QNF.java:604)
	at com.objectdb.o.QNF.v(QNF.java:220)
	at com.objectdb.o.QNF.w(QNF.java:136)
	at com.objectdb.o.QRC.n(QRC.java:351)
	at com.objectdb.o.QRC.t(QRC.java:239)
	at com.objectdb.o.QRC.j(QRC.java:190)
	at com.objectdb.o.QRM.ZU(QRM.java:273)
	at com.objectdb.o.MST.ZU(MST.java:1019)
	at com.objectdb.o.WRA.ZU(WRA.java:313)
	at com.objectdb.o.WSM.ZU(WSM.java:117)
	at com.objectdb.o.QRR.k(QRR.java:260)
	at com.objectdb.o.QRR.i(QRR.java:154)
	at com.objectdb.jpa.JpaQuery.getResultList(JpaQuery.java:721)
	at DataAcces.DataAccess.getFacturaNoVisible(DataAccess.java:89)
	at LogicaNegocio.LogicaNegocio.enviarFacturas(LogicaNegocio.java:95)
	at gui.EnviarFacturas_GUI$1.actionPerformed(EnviarFacturas_GUI.java:46)
	at java.desktop/javax.swing.AbstractButton.fireActionPerformed(AbstractButton.java:1972)
	at java.desktop/javax.swing.AbstractButton$Handler.actionPerformed(AbstractButton.java:2314)
	at java.desktop/javax.swing.DefaultButtonModel.fireActionPerformed(DefaultButtonModel.java:407)
	at java.desktop/javax.swing.DefaultButtonModel.setPressed(DefaultButtonModel.java:262)
	at java.desktop/javax.swing.plaf.basic.BasicButtonListener.mouseReleased(BasicButtonListener.java:279)
	at java.desktop/java.awt.Component.processMouseEvent(Component.java:6621)
	at java.desktop/javax.swing.JComponent.processMouseEvent(JComponent.java:3404)
	at java.desktop/java.awt.Component.processEvent(Component.java:6386)
	at java.desktop/java.awt.Container.processEvent(Container.java:2266)
	at java.desktop/java.awt.Component.dispatchEventImpl(Component.java:4996)
	at java.desktop/java.awt.Container.dispatchEventImpl(Container.java:2324)
	at java.desktop/java.awt.Component.dispatchEvent(Component.java:4828)
	at java.desktop/java.awt.LightweightDispatcher.retargetMouseEvent(Container.java:4948)
	at java.desktop/java.awt.LightweightDispatcher.processMouseEvent(Container.java:4575)
	at java.desktop/java.awt.LightweightDispatcher.dispatchEvent(Container.java:4516)
	at java.desktop/java.awt.Container.dispatchEventImpl(Container.java:2310)
	at java.desktop/java.awt.Window.dispatchEventImpl(Window.java:2780)
	at java.desktop/java.awt.Component.dispatchEvent(Component.java:4828)
	at java.desktop/java.awt.EventQueue.dispatchEventImpl(EventQueue.java:775)
	at java.desktop/java.awt.EventQueue$4.run(EventQueue.java:720)
	at java.desktop/java.awt.EventQueue$4.run(EventQueue.java:714)
	at java.base/java.security.AccessController.doPrivileged(AccessController.java:400)
	at java.base/java.security.ProtectionDomain$JavaSecurityAccessImpl.doIntersectionPrivilege(ProtectionDomain.java:87)
	at java.base/java.security.ProtectionDomain$JavaSecurityAccessImpl.doIntersectionPrivilege(ProtectionDomain.java:98)
	at java.desktop/java.awt.EventQueue$5.run(EventQueue.java:747)
	at java.desktop/java.awt.EventQueue$5.run(EventQueue.java:745)
	at java.base/java.security.AccessController.doPrivileged(AccessController.java:400)
	at java.base/java.security.ProtectionDomain$JavaSecurityAccessImpl.doIntersectionPrivilege(ProtectionDomain.java:87)
	at java.desktop/java.awt.EventQueue.dispatchEvent(EventQueue.java:744)
	at java.desktop/java.awt.EventDispatchThread.pumpOneEventForFilters(EventDispatchThread.java:203)
	at java.desktop/java.awt.EventDispatchThread.pumpEventsForFilter(EventDispatchThread.java:124)
	at java.desktop/java.awt.EventDispatchThread.pumpEventsForHierarchy(EventDispatchThread.java:113)
	at java.desktop/java.awt.EventDispatchThread.pumpEvents(EventDispatchThread.java:109)
	at java.desktop/java.awt.EventDispatchThread.pumpEvents(EventDispatchThread.java:101)
	at java.desktop/java.awt.EventDispatchThread.run(EventDispatchThread.java:90)

------------------------------------------------------------------------------------------------------------------------

[2025-05-08 20:24:05 #1 store] 
Database 'C:\Users\gaizk\Desktop\SI1\Workspace\PROJECTO\America.odb' is opened by 9940@Gaizka

[2025-05-08 20:24:05 #2 store] 
Configuration path: ?

[2025-05-08 20:24:06 #3 type] 
Type domain.Sala is not enhanced.

[2025-05-08 20:24:06 #4 type] 
Type domain.Sesion is not enhanced.

[2025-05-08 20:24:06 #5 type] 
Type domain.Reserva is not enhanced.

[2025-05-08 20:24:06 #6 type] 
Type domain.Socio is not enhanced.

[2025-05-08 20:24:06 #7 type] 
Type domain.Actividad is not enhanced.

[2025-05-08 20:24:06 #8 type] 
Type domain.Factura is not enhanced.

[2025-05-08 20:24:06 #9 query] 
Error during query execution: SELECT f FROM Factura f WHERE f.socio.numSocio=?1 AND f.estado2=?2({1->1,2->NO_VISIBLE})

[2025-05-08 20:24:06 #10 *] 
java.lang.NullPointerException: Cannot invoke "com.objectdb.o.UMR.ZM()" because "<parameter1>" is null
	at com.objectdb.o.VAR.D(VAR.java:642)
	at com.objectdb.o.QNF.s(QNF.java:981)
	at com.objectdb.o.QNF.q(QNF.java:790)
	at com.objectdb.o.QNF.v(QNF.java:259)
	at com.objectdb.o.QNF.q(QNF.java:789)
	at com.objectdb.o.QNF.v(QNF.java:259)
	at com.objectdb.o.QNF.f(QNF.java:519)
	at com.objectdb.o.QNF.v(QNF.java:190)
	at com.objectdb.o.QNF.n(QNF.java:612)
	at com.objectdb.o.QNF.n(QNF.java:604)
	at com.objectdb.o.QNF.v(QNF.java:220)
	at com.objectdb.o.QNF.w(QNF.java:136)
	at com.objectdb.o.QRC.n(QRC.java:351)
	at com.objectdb.o.QRC.t(QRC.java:239)
	at com.objectdb.o.QRC.j(QRC.java:190)
	at com.objectdb.o.QRM.ZU(QRM.java:273)
	at com.objectdb.o.MST.ZU(MST.java:1019)
	at com.objectdb.o.WRA.ZU(WRA.java:313)
	at com.objectdb.o.WSM.ZU(WSM.java:117)
	at com.objectdb.o.QRR.k(QRR.java:260)
	at com.objectdb.o.QRR.i(QRR.java:154)
	at com.objectdb.jpa.JpaQuery.getResultList(JpaQuery.java:721)
	at DataAcces.DataAccess.getFacturaNoVisible(DataAccess.java:89)
	at LogicaNegocio.LogicaNegocio.enviarFacturas(LogicaNegocio.java:95)
	at gui.EnviarFacturas_GUI$1.actionPerformed(EnviarFacturas_GUI.java:46)
	at java.desktop/javax.swing.AbstractButton.fireActionPerformed(AbstractButton.java:1972)
	at java.desktop/javax.swing.AbstractButton$Handler.actionPerformed(AbstractButton.java:2314)
	at java.desktop/javax.swing.DefaultButtonModel.fireActionPerformed(DefaultButtonModel.java:407)
	at java.desktop/javax.swing.DefaultButtonModel.setPressed(DefaultButtonModel.java:262)
	at java.desktop/javax.swing.plaf.basic.BasicButtonListener.mouseReleased(BasicButtonListener.java:279)
	at java.desktop/java.awt.Component.processMouseEvent(Component.java:6621)
	at java.desktop/javax.swing.JComponent.processMouseEvent(JComponent.java:3404)
	at java.desktop/java.awt.Component.processEvent(Component.java:6386)
	at java.desktop/java.awt.Container.processEvent(Container.java:2266)
	at java.desktop/java.awt.Component.dispatchEventImpl(Component.java:4996)
	at java.desktop/java.awt.Container.dispatchEventImpl(Container.java:2324)
	at java.desktop/java.awt.Component.dispatchEvent(Component.java:4828)
	at java.desktop/java.awt.LightweightDispatcher.retargetMouseEvent(Container.java:4948)
	at java.desktop/java.awt.LightweightDispatcher.processMouseEvent(Container.java:4575)
	at java.desktop/java.awt.LightweightDispatcher.dispatchEvent(Container.java:4516)
	at java.desktop/java.awt.Container.dispatchEventImpl(Container.java:2310)
	at java.desktop/java.awt.Window.dispatchEventImpl(Window.java:2780)
	at java.desktop/java.awt.Component.dispatchEvent(Component.java:4828)
	at java.desktop/java.awt.EventQueue.dispatchEventImpl(EventQueue.java:775)
	at java.desktop/java.awt.EventQueue$4.run(EventQueue.java:720)
	at java.desktop/java.awt.EventQueue$4.run(EventQueue.java:714)
	at java.base/java.security.AccessController.doPrivileged(AccessController.java:400)
	at java.base/java.security.ProtectionDomain$JavaSecurityAccessImpl.doIntersectionPrivilege(ProtectionDomain.java:87)
	at java.base/java.security.ProtectionDomain$JavaSecurityAccessImpl.doIntersectionPrivilege(ProtectionDomain.java:98)
	at java.desktop/java.awt.EventQueue$5.run(EventQueue.java:747)
	at java.desktop/java.awt.EventQueue$5.run(EventQueue.java:745)
	at java.base/java.security.AccessController.doPrivileged(AccessController.java:400)
	at java.base/java.security.ProtectionDomain$JavaSecurityAccessImpl.doIntersectionPrivilege(ProtectionDomain.java:87)
	at java.desktop/java.awt.EventQueue.dispatchEvent(EventQueue.java:744)
	at java.desktop/java.awt.EventDispatchThread.pumpOneEventForFilters(EventDispatchThread.java:203)
	at java.desktop/java.awt.EventDispatchThread.pumpEventsForFilter(EventDispatchThread.java:124)
	at java.desktop/java.awt.EventDispatchThread.pumpEventsForHierarchy(EventDispatchThread.java:113)
	at java.desktop/java.awt.EventDispatchThread.pumpEvents(EventDispatchThread.java:109)
	at java.desktop/java.awt.EventDispatchThread.pumpEvents(EventDispatchThread.java:101)
	at java.desktop/java.awt.EventDispatchThread.run(EventDispatchThread.java:90)

------------------------------------------------------------------------------------------------------------------------

[2025-05-08 20:24:39 #1 store] 
Database 'C:\Users\gaizk\Desktop\SI1\Workspace\PROJECTO\America.odb' is opened by 4324@Gaizka

[2025-05-08 20:24:39 #2 store] 
Configuration path: ?

[2025-05-08 20:24:39 #3 type] 
Type domain.Sala is not enhanced.

[2025-05-08 20:24:39 #4 type] 
Type domain.Sesion is not enhanced.

[2025-05-08 20:24:39 #5 type] 
Type domain.Reserva is not enhanced.

[2025-05-08 20:24:39 #6 type] 
Type domain.Socio is not enhanced.

[2025-05-08 20:24:39 #7 type] 
Type domain.Actividad is not enhanced.

[2025-05-08 20:24:39 #8 type] 
Type domain.Factura is not enhanced.

[2025-05-08 20:24:39 #9 store] 
Database 'C:\Users\gaizk\Desktop\SI1\Workspace\PROJECTO\America.odb' is closed by 4324@Gaizka

------------------------------------------------------------------------------------------------------------------------

[2025-05-08 20:24:43 #1 store] 
Database 'C:\Users\gaizk\Desktop\SI1\Workspace\PROJECTO\America.odb' is opened by 6352@Gaizka

[2025-05-08 20:24:43 #2 store] 
Configuration path: ?

[2025-05-08 20:24:43 #3 type] 
Type domain.Sala is not enhanced.

[2025-05-08 20:24:43 #4 type] 
Type domain.Sesion is not enhanced.

[2025-05-08 20:24:43 #5 type] 
Type domain.Reserva is not enhanced.

[2025-05-08 20:24:43 #6 type] 
Type domain.Socio is not enhanced.

[2025-05-08 20:24:43 #7 type] 
Type domain.Actividad is not enhanced.

[2025-05-08 20:24:43 #8 type] 
Type domain.Factura is not enhanced.

[2025-05-08 20:24:43 #9 query] 
Error during query execution: SELECT f FROM Factura f WHERE f.socio.numSocio=?1 AND f.estado2=?2({1->1,2->NO_VISIBLE})

[2025-05-08 20:24:43 #10 *] 
java.lang.NullPointerException: Cannot invoke "com.objectdb.o.UMR.ZM()" because "<parameter1>" is null
	at com.objectdb.o.VAR.D(VAR.java:642)
	at com.objectdb.o.QNF.s(QNF.java:981)
	at com.objectdb.o.QNF.q(QNF.java:790)
	at com.objectdb.o.QNF.v(QNF.java:259)
	at com.objectdb.o.QNF.q(QNF.java:789)
	at com.objectdb.o.QNF.v(QNF.java:259)
	at com.objectdb.o.QNF.f(QNF.java:519)
	at com.objectdb.o.QNF.v(QNF.java:190)
	at com.objectdb.o.QNF.n(QNF.java:612)
	at com.objectdb.o.QNF.n(QNF.java:604)
	at com.objectdb.o.QNF.v(QNF.java:220)
	at com.objectdb.o.QNF.w(QNF.java:136)
	at com.objectdb.o.QRC.n(QRC.java:351)
	at com.objectdb.o.QRC.t(QRC.java:239)
	at com.objectdb.o.QRC.j(QRC.java:190)
	at com.objectdb.o.QRM.ZU(QRM.java:273)
	at com.objectdb.o.MST.ZU(MST.java:1019)
	at com.objectdb.o.WRA.ZU(WRA.java:313)
	at com.objectdb.o.WSM.ZU(WSM.java:117)
	at com.objectdb.o.QRR.k(QRR.java:260)
	at com.objectdb.o.QRR.i(QRR.java:154)
	at com.objectdb.jpa.JpaQuery.getResultList(JpaQuery.java:721)
	at DataAcces.DataAccess.getFacturaNoVisible(DataAccess.java:89)
	at LogicaNegocio.LogicaNegocio.enviarFacturas(LogicaNegocio.java:95)
	at gui.EnviarFacturas_GUI$1.actionPerformed(EnviarFacturas_GUI.java:46)
	at java.desktop/javax.swing.AbstractButton.fireActionPerformed(AbstractButton.java:1972)
	at java.desktop/javax.swing.AbstractButton$Handler.actionPerformed(AbstractButton.java:2314)
	at java.desktop/javax.swing.DefaultButtonModel.fireActionPerformed(DefaultButtonModel.java:407)
	at java.desktop/javax.swing.DefaultButtonModel.setPressed(DefaultButtonModel.java:262)
	at java.desktop/javax.swing.plaf.basic.BasicButtonListener.mouseReleased(BasicButtonListener.java:279)
	at java.desktop/java.awt.Component.processMouseEvent(Component.java:6621)
	at java.desktop/javax.swing.JComponent.processMouseEvent(JComponent.java:3404)
	at java.desktop/java.awt.Component.processEvent(Component.java:6386)
	at java.desktop/java.awt.Container.processEvent(Container.java:2266)
	at java.desktop/java.awt.Component.dispatchEventImpl(Component.java:4996)
	at java.desktop/java.awt.Container.dispatchEventImpl(Container.java:2324)
	at java.desktop/java.awt.Component.dispatchEvent(Component.java:4828)
	at java.desktop/java.awt.LightweightDispatcher.retargetMouseEvent(Container.java:4948)
	at java.desktop/java.awt.LightweightDispatcher.processMouseEvent(Container.java:4575)
	at java.desktop/java.awt.LightweightDispatcher.dispatchEvent(Container.java:4516)
	at java.desktop/java.awt.Container.dispatchEventImpl(Container.java:2310)
	at java.desktop/java.awt.Window.dispatchEventImpl(Window.java:2780)
	at java.desktop/java.awt.Component.dispatchEvent(Component.java:4828)
	at java.desktop/java.awt.EventQueue.dispatchEventImpl(EventQueue.java:775)
	at java.desktop/java.awt.EventQueue$4.run(EventQueue.java:720)
	at java.desktop/java.awt.EventQueue$4.run(EventQueue.java:714)
	at java.base/java.security.AccessController.doPrivileged(AccessController.java:400)
	at java.base/java.security.ProtectionDomain$JavaSecurityAccessImpl.doIntersectionPrivilege(ProtectionDomain.java:87)
	at java.base/java.security.ProtectionDomain$JavaSecurityAccessImpl.doIntersectionPrivilege(ProtectionDomain.java:98)
	at java.desktop/java.awt.EventQueue$5.run(EventQueue.java:747)
	at java.desktop/java.awt.EventQueue$5.run(EventQueue.java:745)
	at java.base/java.security.AccessController.doPrivileged(AccessController.java:400)
	at java.base/java.security.ProtectionDomain$JavaSecurityAccessImpl.doIntersectionPrivilege(ProtectionDomain.java:87)
	at java.desktop/java.awt.EventQueue.dispatchEvent(EventQueue.java:744)
	at java.desktop/java.awt.EventDispatchThread.pumpOneEventForFilters(EventDispatchThread.java:203)
	at java.desktop/java.awt.EventDispatchThread.pumpEventsForFilter(EventDispatchThread.java:124)
	at java.desktop/java.awt.EventDispatchThread.pumpEventsForHierarchy(EventDispatchThread.java:113)
	at java.desktop/java.awt.EventDispatchThread.pumpEvents(EventDispatchThread.java:109)
	at java.desktop/java.awt.EventDispatchThread.pumpEvents(EventDispatchThread.java:101)
	at java.desktop/java.awt.EventDispatchThread.run(EventDispatchThread.java:90)

------------------------------------------------------------------------------------------------------------------------

[2025-05-08 20:31:03 #1 store] 
Database 'C:\Users\gaizk\Desktop\SI1\Workspace\PROJECTO\America.odb' is opened by 1664@Gaizka

[2025-05-08 20:31:03 #2 store] 
Configuration path: ?

[2025-05-08 20:31:03 #3 type] 
Type domain.Sala is not enhanced.

[2025-05-08 20:31:03 #4 type] 
Type domain.Sesion is not enhanced.

[2025-05-08 20:31:03 #5 type] 
Type domain.Reserva is not enhanced.

[2025-05-08 20:31:03 #6 type] 
Type domain.Socio is not enhanced.

[2025-05-08 20:31:03 #7 type] 
Type domain.Actividad is not enhanced.

[2025-05-08 20:31:03 #8 type] 
Type domain.Factura is not enhanced.

[2025-05-08 20:31:03 #9 store] 
Database 'C:\Users\gaizk\Desktop\SI1\Workspace\PROJECTO\America.odb' is closed by 1664@Gaizka

------------------------------------------------------------------------------------------------------------------------

[2025-05-08 20:31:08 #1 store] 
Database 'C:\Users\gaizk\Desktop\SI1\Workspace\PROJECTO\America.odb' is opened by 10396@Gaizka

[2025-05-08 20:31:08 #2 store] 
Configuration path: ?

[2025-05-08 20:31:08 #3 type] 
Type domain.Sala is not enhanced.

[2025-05-08 20:31:08 #4 type] 
Type domain.Sesion is not enhanced.

[2025-05-08 20:31:08 #5 type] 
Type domain.Reserva is not enhanced.

[2025-05-08 20:31:08 #6 type] 
Type domain.Socio is not enhanced.

[2025-05-08 20:31:08 #7 type] 
Type domain.Actividad is not enhanced.

[2025-05-08 20:31:08 #8 type] 
Type domain.Factura is not enhanced.

[2025-05-08 20:31:08 #9 query] 
Error during query execution: SELECT f FROM Factura f WHERE f.socio.numSocio=?1 AND f.estado2=?2({1->1,2->NO_VISIBLE})

[2025-05-08 20:31:08 #10 *] 
java.lang.NullPointerException: Cannot invoke "com.objectdb.o.UMR.ZM()" because "<parameter1>" is null
	at com.objectdb.o.VAR.D(VAR.java:642)
	at com.objectdb.o.QNF.s(QNF.java:981)
	at com.objectdb.o.QNF.q(QNF.java:790)
	at com.objectdb.o.QNF.v(QNF.java:259)
	at com.objectdb.o.QNF.q(QNF.java:789)
	at com.objectdb.o.QNF.v(QNF.java:259)
	at com.objectdb.o.QNF.f(QNF.java:519)
	at com.objectdb.o.QNF.v(QNF.java:190)
	at com.objectdb.o.QNF.n(QNF.java:612)
	at com.objectdb.o.QNF.n(QNF.java:604)
	at com.objectdb.o.QNF.v(QNF.java:220)
	at com.objectdb.o.QNF.w(QNF.java:136)
	at com.objectdb.o.QRC.n(QRC.java:351)
	at com.objectdb.o.QRC.t(QRC.java:239)
	at com.objectdb.o.QRC.j(QRC.java:190)
	at com.objectdb.o.QRM.ZU(QRM.java:273)
	at com.objectdb.o.MST.ZU(MST.java:1019)
	at com.objectdb.o.WRA.ZU(WRA.java:313)
	at com.objectdb.o.WSM.ZU(WSM.java:117)
	at com.objectdb.o.QRR.k(QRR.java:260)
	at com.objectdb.o.QRR.i(QRR.java:154)
	at com.objectdb.jpa.JpaQuery.getResultList(JpaQuery.java:721)
	at DataAcces.DataAccess.getFacturaNoVisible(DataAccess.java:89)
	at LogicaNegocio.LogicaNegocio.enviarFacturas(LogicaNegocio.java:95)
	at gui.EnviarFacturas_GUI$1.actionPerformed(EnviarFacturas_GUI.java:46)
	at java.desktop/javax.swing.AbstractButton.fireActionPerformed(AbstractButton.java:1972)
	at java.desktop/javax.swing.AbstractButton$Handler.actionPerformed(AbstractButton.java:2314)
	at java.desktop/javax.swing.DefaultButtonModel.fireActionPerformed(DefaultButtonModel.java:407)
	at java.desktop/javax.swing.DefaultButtonModel.setPressed(DefaultButtonModel.java:262)
	at java.desktop/javax.swing.plaf.basic.BasicButtonListener.mouseReleased(BasicButtonListener.java:279)
	at java.desktop/java.awt.Component.processMouseEvent(Component.java:6621)
	at java.desktop/javax.swing.JComponent.processMouseEvent(JComponent.java:3404)
	at java.desktop/java.awt.Component.processEvent(Component.java:6386)
	at java.desktop/java.awt.Container.processEvent(Container.java:2266)
	at java.desktop/java.awt.Component.dispatchEventImpl(Component.java:4996)
	at java.desktop/java.awt.Container.dispatchEventImpl(Container.java:2324)
	at java.desktop/java.awt.Component.dispatchEvent(Component.java:4828)
	at java.desktop/java.awt.LightweightDispatcher.retargetMouseEvent(Container.java:4948)
	at java.desktop/java.awt.LightweightDispatcher.processMouseEvent(Container.java:4575)
	at java.desktop/java.awt.LightweightDispatcher.dispatchEvent(Container.java:4516)
	at java.desktop/java.awt.Container.dispatchEventImpl(Container.java:2310)
	at java.desktop/java.awt.Window.dispatchEventImpl(Window.java:2780)
	at java.desktop/java.awt.Component.dispatchEvent(Component.java:4828)
	at java.desktop/java.awt.EventQueue.dispatchEventImpl(EventQueue.java:775)
	at java.desktop/java.awt.EventQueue$4.run(EventQueue.java:720)
	at java.desktop/java.awt.EventQueue$4.run(EventQueue.java:714)
	at java.base/java.security.AccessController.doPrivileged(AccessController.java:400)
	at java.base/java.security.ProtectionDomain$JavaSecurityAccessImpl.doIntersectionPrivilege(ProtectionDomain.java:87)
	at java.base/java.security.ProtectionDomain$JavaSecurityAccessImpl.doIntersectionPrivilege(ProtectionDomain.java:98)
	at java.desktop/java.awt.EventQueue$5.run(EventQueue.java:747)
	at java.desktop/java.awt.EventQueue$5.run(EventQueue.java:745)
	at java.base/java.security.AccessController.doPrivileged(AccessController.java:400)
	at java.base/java.security.ProtectionDomain$JavaSecurityAccessImpl.doIntersectionPrivilege(ProtectionDomain.java:87)
	at java.desktop/java.awt.EventQueue.dispatchEvent(EventQueue.java:744)
	at java.desktop/java.awt.EventDispatchThread.pumpOneEventForFilters(EventDispatchThread.java:203)
	at java.desktop/java.awt.EventDispatchThread.pumpEventsForFilter(EventDispatchThread.java:124)
	at java.desktop/java.awt.EventDispatchThread.pumpEventsForHierarchy(EventDispatchThread.java:113)
	at java.desktop/java.awt.EventDispatchThread.pumpEvents(EventDispatchThread.java:109)
	at java.desktop/java.awt.EventDispatchThread.pumpEvents(EventDispatchThread.java:101)
	at java.desktop/java.awt.EventDispatchThread.run(EventDispatchThread.java:90)

------------------------------------------------------------------------------------------------------------------------

[2025-05-08 20:32:13 #1 store] 
Database 'C:\Users\gaizk\Desktop\SI1\Workspace\PROJECTO\America.odb' is opened by 4700@Gaizka

[2025-05-08 20:32:13 #2 store] 
Configuration path: ?

[2025-05-08 20:32:13 #3 type] 
Type domain.Sala is not enhanced.

[2025-05-08 20:32:13 #4 type] 
Type domain.Sesion is not enhanced.

[2025-05-08 20:32:13 #5 type] 
Type domain.Reserva is not enhanced.

[2025-05-08 20:32:13 #6 type] 
Type domain.Socio is not enhanced.

[2025-05-08 20:32:13 #7 type] 
Type domain.Actividad is not enhanced.

[2025-05-08 20:32:13 #8 type] 
Type domain.Factura is not enhanced.

------------------------------------------------------------------------------------------------------------------------

[2025-05-08 20:37:00 #1 store] 
Database 'C:\Users\gaizk\Desktop\SI1\Workspace\PROJECTO\America.odb' has been recovered (tr. 7-8)

[2025-05-08 20:37:00 #2 store] 
Database 'C:\Users\gaizk\Desktop\SI1\Workspace\PROJECTO\America.odb' is opened by 1544@Gaizka

[2025-05-08 20:37:00 #3 store] 
Configuration path: ?

[2025-05-08 20:37:01 #4 type] 
Type domain.Sala is not enhanced.

[2025-05-08 20:37:01 #5 type] 
Type domain.Sesion is not enhanced.

[2025-05-08 20:37:01 #6 type] 
Type domain.Reserva is not enhanced.

[2025-05-08 20:37:01 #7 type] 
Type domain.Socio is not enhanced.

[2025-05-08 20:37:01 #8 type] 
Type domain.Actividad is not enhanced.

[2025-05-08 20:37:01 #9 type] 
Type domain.Factura is not enhanced.

------------------------------------------------------------------------------------------------------------------------

[2025-05-08 20:42:28 #1 store] 
Database 'C:\Users\gaizk\Desktop\SI1\Workspace\PROJECTO\America.odb' has been recovered (tr. 9-9)

[2025-05-08 20:42:28 #2 store] 
Database 'C:\Users\gaizk\Desktop\SI1\Workspace\PROJECTO\America.odb' is opened by 6836@Gaizka

[2025-05-08 20:42:28 #3 store] 
Configuration path: ?

[2025-05-08 20:42:29 #4 type] 
Type domain.Sala is not enhanced.

[2025-05-08 20:42:29 #5 type] 
Type domain.Sesion is not enhanced.

[2025-05-08 20:42:29 #6 type] 
Type domain.Reserva is not enhanced.

[2025-05-08 20:42:29 #7 type] 
Type domain.Socio is not enhanced.

[2025-05-08 20:42:29 #8 type] 
Type domain.Actividad is not enhanced.

[2025-05-08 20:42:29 #9 type] 
Type domain.Factura is not enhanced.

------------------------------------------------------------------------------------------------------------------------

[2025-05-08 20:46:23 #1 store] 
Database 'C:\Users\gaizk\Desktop\SI1\Workspace\PROJECTO\America.odb' is opened by 3076@Gaizka

[2025-05-08 20:46:23 #2 store] 
Configuration path: ?

[2025-05-08 20:46:24 #3 type] 
Type domain.Sesion is not enhanced.

[2025-05-08 20:46:24 #4 type] 
Type domain.Reserva is not enhanced.

[2025-05-08 20:46:24 #5 type] 
Type domain.Socio is not enhanced.

[2025-05-08 20:46:24 #6 type] 
Type domain.Actividad is not enhanced.

[2025-05-08 20:46:24 #7 type] 
Type domain.Sala is not enhanced.

[2025-05-08 20:46:24 #8 type] 
Type domain.Factura is not enhanced.

------------------------------------------------------------------------------------------------------------------------

[2025-05-08 20:47:44 #1 store] 
Database 'C:\Users\gaizk\Desktop\SI1\Workspace\PROJECTO\America.odb' has been recovered (tr. 1-3)

[2025-05-08 20:47:44 #2 store] 
Database 'C:\Users\gaizk\Desktop\SI1\Workspace\PROJECTO\America.odb' is opened by 6128@Gaizka

[2025-05-08 20:47:44 #3 store] 
Configuration path: ?

[2025-05-08 20:47:45 #4 type] 
Type domain.Sesion is not enhanced.

[2025-05-08 20:47:45 #5 type] 
Type domain.Reserva is not enhanced.

[2025-05-08 20:47:45 #6 type] 
Type domain.Socio is not enhanced.

[2025-05-08 20:47:45 #7 type] 
Type domain.Actividad is not enhanced.

[2025-05-08 20:47:45 #8 type] 
Type domain.Sala is not enhanced.

[2025-05-08 20:47:45 #9 type] 
Type domain.Factura is not enhanced.

