------------------------------------------------------------------------------------------------------------------------

[2025-05-11 09:44:08 #1 store] 
Database 'C:\Users\gaizk\Desktop\SI1\Workspace\PROJECTO\America.odb' is opened by 11020@Gaizka

[2025-05-11 09:44:08 #2 store] 
Configuration path: ?

[2025-05-11 09:44:08 #3 type] 
Type domain.Sala is not enhanced.

[2025-05-11 09:44:08 #4 type] 
Type domain.Sesion is not enhanced.

[2025-05-11 09:44:08 #5 type] 
Type domain.Reserva is not enhanced.

[2025-05-11 09:44:08 #6 type] 
Type domain.Socio is not enhanced.

[2025-05-11 09:44:08 #7 type] 
Type domain.Actividad is not enhanced.

[2025-05-11 09:44:08 #8 type] 
Type domain.Factura is not enhanced.

[2025-05-11 09:44:08 #9 store] 
Database 'C:\Users\gaizk\Desktop\SI1\Workspace\PROJECTO\America.odb' is closed by 11020@Gaizka

------------------------------------------------------------------------------------------------------------------------

[2025-05-11 09:45:12 #1 store] 
Database 'C:\Users\gaizk\Desktop\SI1\Workspace\PROJECTO\America.odb' is opened by 2112@Gaizka

[2025-05-11 09:45:12 #2 store] 
Configuration path: ?

[2025-05-11 09:45:12 #3 type] 
Type domain.Sala is not enhanced.

[2025-05-11 09:45:13 #4 type] 
Type domain.Sesion is not enhanced.

[2025-05-11 09:45:13 #5 type] 
Type domain.Reserva is not enhanced.

[2025-05-11 09:45:13 #6 type] 
Type domain.Socio is not enhanced.

[2025-05-11 09:45:13 #7 type] 
Type domain.Actividad is not enhanced.

[2025-05-11 09:45:13 #8 type] 
Type domain.Factura is not enhanced.

------------------------------------------------------------------------------------------------------------------------

[2025-05-11 09:45:21 #1 store] 
Database 'C:\Users\gaizk\Desktop\SI1\Workspace\PROJECTO\America.odb' is opened by 5616@Gaizka

[2025-05-11 09:45:21 #2 store] 
Configuration path: ?

[2025-05-11 09:45:21 #3 type] 
Type domain.Sala is not enhanced.

[2025-05-11 09:45:21 #4 type] 
Type domain.Sesion is not enhanced.

[2025-05-11 09:45:21 #5 type] 
Type domain.Reserva is not enhanced.

[2025-05-11 09:45:21 #6 type] 
Type domain.Socio is not enhanced.

[2025-05-11 09:45:21 #7 type] 
Type domain.Actividad is not enhanced.

[2025-05-11 09:45:21 #8 type] 
Type domain.Factura is not enhanced.

------------------------------------------------------------------------------------------------------------------------

[2025-05-11 09:45:31 #1 store] 
Database 'C:\Users\gaizk\Desktop\SI1\Workspace\PROJECTO\America.odb' is opened by 11288@Gaizka

[2025-05-11 09:45:31 #2 store] 
Configuration path: ?

[2025-05-11 09:45:31 #3 type] 
Type domain.Sala is not enhanced.

[2025-05-11 09:45:31 #4 type] 
Type domain.Sesion is not enhanced.

[2025-05-11 09:45:31 #5 type] 
Type domain.Reserva is not enhanced.

[2025-05-11 09:45:31 #6 type] 
Type domain.Socio is not enhanced.

[2025-05-11 09:45:31 #7 type] 
Type domain.Actividad is not enhanced.

[2025-05-11 09:45:31 #8 type] 
Type domain.Factura is not enhanced.

[2025-05-11 09:45:31 #9 store] 
Database 'C:\Users\gaizk\Desktop\SI1\Workspace\PROJECTO\America.odb' is closed by 11288@Gaizka

------------------------------------------------------------------------------------------------------------------------

[2025-05-11 09:51:21 #1 store] 
Database 'C:\Users\gaizk\Desktop\SI1\Workspace\PROJECTO\America.odb' is opened by 6128@Gaizka

[2025-05-11 09:51:21 #2 store] 
Configuration path: ?

[2025-05-11 09:51:21 #3 type] 
Type domain.Sala is not enhanced.

[2025-05-11 09:51:21 #4 type] 
Type domain.Sesion is not enhanced.

[2025-05-11 09:51:21 #5 type] 
Type domain.Reserva is not enhanced.

[2025-05-11 09:51:21 #6 type] 
Type domain.Socio is not enhanced.

[2025-05-11 09:51:21 #7 type] 
Type domain.Actividad is not enhanced.

[2025-05-11 09:51:21 #8 type] 
Type domain.Factura is not enhanced.

[2025-05-11 09:51:21 #9 store] 
Database 'C:\Users\gaizk\Desktop\SI1\Workspace\PROJECTO\America.odb' is closed by 6128@Gaizka

------------------------------------------------------------------------------------------------------------------------

[2025-05-11 09:51:46 #1 store] 
Database 'C:\Users\gaizk\Desktop\SI1\Workspace\PROJECTO\America.odb' is opened by 2372@Gaizka

[2025-05-11 09:51:46 #2 store] 
Configuration path: ?

[2025-05-11 09:51:46 #3 type] 
Type domain.Sala is not enhanced.

[2025-05-11 09:51:46 #4 type] 
Type domain.Sesion is not enhanced.

[2025-05-11 09:51:46 #5 type] 
Type domain.Reserva is not enhanced.

[2025-05-11 09:51:46 #6 type] 
Type domain.Socio is not enhanced.

[2025-05-11 09:51:46 #7 type] 
Type domain.Actividad is not enhanced.

[2025-05-11 09:51:46 #8 type] 
Type domain.Factura is not enhanced.

[2025-05-11 09:51:46 #9 store] 
Database 'C:\Users\gaizk\Desktop\SI1\Workspace\PROJECTO\America.odb' is closed by 2372@Gaizka

------------------------------------------------------------------------------------------------------------------------

[2025-05-11 09:51:55 #1 store] 
Database 'C:\Users\gaizk\Desktop\SI1\Workspace\PROJECTO\America.odb' is opened by 15072@Gaizka

[2025-05-11 09:51:55 #2 store] 
Configuration path: ?

[2025-05-11 09:51:55 #3 type] 
Type domain.Sala is not enhanced.

[2025-05-11 09:51:55 #4 type] 
Type domain.Sesion is not enhanced.

[2025-05-11 09:51:55 #5 type] 
Type domain.Reserva is not enhanced.

[2025-05-11 09:51:55 #6 type] 
Type domain.Socio is not enhanced.

[2025-05-11 09:51:55 #7 type] 
Type domain.Actividad is not enhanced.

[2025-05-11 09:51:55 #8 type] 
Type domain.Factura is not enhanced.

------------------------------------------------------------------------------------------------------------------------

[2025-05-11 09:52:12 #1 store] 
Database 'C:\Users\gaizk\Desktop\SI1\Workspace\PROJECTO\America.odb' is opened by 12764@Gaizka

[2025-05-11 09:52:12 #2 store] 
Configuration path: ?

[2025-05-11 09:52:12 #3 type] 
Type domain.Sala is not enhanced.

[2025-05-11 09:52:12 #4 type] 
Type domain.Sesion is not enhanced.

[2025-05-11 09:52:12 #5 type] 
Type domain.Reserva is not enhanced.

[2025-05-11 09:52:12 #6 type] 
Type domain.Socio is not enhanced.

[2025-05-11 09:52:12 #7 type] 
Type domain.Actividad is not enhanced.

[2025-05-11 09:52:12 #8 type] 
Type domain.Factura is not enhanced.

------------------------------------------------------------------------------------------------------------------------

[2025-05-11 09:55:23 #1 store] 
Database 'C:\Users\gaizk\Desktop\SI1\Workspace\PROJECTO\America.odb' is opened by 8968@Gaizka

[2025-05-11 09:55:23 #2 store] 
Configuration path: ?

[2025-05-11 09:55:24 #3 type] 
Type domain.Sala is not enhanced.

[2025-05-11 09:55:24 #4 type] 
Type domain.Sesion is not enhanced.

[2025-05-11 09:55:24 #5 type] 
Type domain.Reserva is not enhanced.

[2025-05-11 09:55:24 #6 type] 
Type domain.Socio is not enhanced.

[2025-05-11 09:55:24 #7 type] 
Type domain.Actividad is not enhanced.

[2025-05-11 09:55:24 #8 type] 
Type domain.Factura is not enhanced.

[2025-05-11 09:55:24 #9 store] 
Database 'C:\Users\gaizk\Desktop\SI1\Workspace\PROJECTO\America.odb' is closed by 8968@Gaizka

------------------------------------------------------------------------------------------------------------------------

[2025-05-11 09:55:43 #1 store] 
Database 'C:\Users\gaizk\Desktop\SI1\Workspace\PROJECTO\America.odb' is opened by 4548@Gaizka

[2025-05-11 09:55:43 #2 store] 
Configuration path: ?

[2025-05-11 09:55:43 #3 type] 
Type domain.Sala is not enhanced.

[2025-05-11 09:55:43 #4 type] 
Type domain.Sesion is not enhanced.

[2025-05-11 09:55:43 #5 type] 
Type domain.Reserva is not enhanced.

[2025-05-11 09:55:43 #6 type] 
Type domain.Socio is not enhanced.

[2025-05-11 09:55:43 #7 type] 
Type domain.Actividad is not enhanced.

[2025-05-11 09:55:43 #8 type] 
Type domain.Factura is not enhanced.

[2025-05-11 09:55:43 #9 store] 
Database 'C:\Users\gaizk\Desktop\SI1\Workspace\PROJECTO\America.odb' is closed by 4548@Gaizka

------------------------------------------------------------------------------------------------------------------------

[2025-05-11 09:55:48 #1 store] 
Database 'C:\Users\gaizk\Desktop\SI1\Workspace\PROJECTO\America.odb' is opened by 13156@Gaizka

[2025-05-11 09:55:48 #2 store] 
Configuration path: ?

[2025-05-11 09:55:48 #3 type] 
Type domain.Sala is not enhanced.

[2025-05-11 09:55:48 #4 type] 
Type domain.Sesion is not enhanced.

[2025-05-11 09:55:48 #5 type] 
Type domain.Reserva is not enhanced.

[2025-05-11 09:55:48 #6 type] 
Type domain.Socio is not enhanced.

[2025-05-11 09:55:48 #7 type] 
Type domain.Actividad is not enhanced.

[2025-05-11 09:55:48 #8 type] 
Type domain.Factura is not enhanced.

------------------------------------------------------------------------------------------------------------------------

[2025-05-11 09:55:53 #1 store] 
Database 'C:\Users\gaizk\Desktop\SI1\Workspace\PROJECTO\America.odb' has been recovered (tr. 8-8)

[2025-05-11 09:55:53 #2 store] 
Database 'C:\Users\gaizk\Desktop\SI1\Workspace\PROJECTO\America.odb' is opened by 13212@Gaizka

[2025-05-11 09:55:53 #3 store] 
Configuration path: ?

[2025-05-11 09:55:53 #4 type] 
Type domain.Sala is not enhanced.

[2025-05-11 09:55:53 #5 type] 
Type domain.Sesion is not enhanced.

[2025-05-11 09:55:53 #6 type] 
Type domain.Reserva is not enhanced.

[2025-05-11 09:55:53 #7 type] 
Type domain.Socio is not enhanced.

[2025-05-11 09:55:53 #8 type] 
Type domain.Actividad is not enhanced.

[2025-05-11 09:55:53 #9 type] 
Type domain.Factura is not enhanced.

[2025-05-11 09:55:53 #10 store] 
Database 'C:\Users\gaizk\Desktop\SI1\Workspace\PROJECTO\America.odb' is closed by 13212@Gaizka

------------------------------------------------------------------------------------------------------------------------

[2025-05-11 10:01:22 #1 store] 
Database 'C:\Users\gaizk\Desktop\SI1\Workspace\PROJECTO\America.odb' is opened by 11584@Gaizka

[2025-05-11 10:01:22 #2 store] 
Configuration path: ?

[2025-05-11 10:01:22 #3 type] 
Type domain.Sala is not enhanced.

[2025-05-11 10:01:22 #4 type] 
Type domain.Sesion is not enhanced.

[2025-05-11 10:01:22 #5 type] 
Type domain.Reserva is not enhanced.

[2025-05-11 10:01:22 #6 type] 
Type domain.Socio is not enhanced.

[2025-05-11 10:01:22 #7 type] 
Type domain.Actividad is not enhanced.

[2025-05-11 10:01:22 #8 type] 
Type domain.Factura is not enhanced.

------------------------------------------------------------------------------------------------------------------------

[2025-05-11 10:03:20 #1 store] 
Database 'C:\Users\gaizk\Desktop\SI1\Workspace\PROJECTO\America.odb' is opened by 8236@Gaizka

[2025-05-11 10:03:20 #2 store] 
Configuration path: ?

[2025-05-11 10:03:21 #3 type] 
Type domain.Sala is not enhanced.

[2025-05-11 10:03:21 #4 type] 
Type domain.Sesion is not enhanced.

[2025-05-11 10:03:21 #5 type] 
Type domain.Reserva is not enhanced.

[2025-05-11 10:03:21 #6 type] 
Type domain.Socio is not enhanced.

[2025-05-11 10:03:21 #7 type] 
Type domain.Actividad is not enhanced.

[2025-05-11 10:03:21 #8 type] 
Type domain.Factura is not enhanced.

[2025-05-11 10:03:21 #9 store] 
Database 'C:\Users\gaizk\Desktop\SI1\Workspace\PROJECTO\America.odb' is closed by 8236@Gaizka

------------------------------------------------------------------------------------------------------------------------

[2025-05-11 10:21:11 #1 store] 
Database 'C:\Users\gaizk\Desktop\SI1\Workspace\PROJECTO\America.odb' is opened by 3652@Gaizka

[2025-05-11 10:21:11 #2 store] 
Configuration path: ?

[2025-05-11 10:21:11 #3 type] 
Type domain.Sala is not enhanced.

[2025-05-11 10:21:11 #4 type] 
Type domain.Sesion is not enhanced.

[2025-05-11 10:21:11 #5 type] 
Type domain.Reserva is not enhanced.

[2025-05-11 10:21:11 #6 type] 
Type domain.Socio is not enhanced.

[2025-05-11 10:21:11 #7 type] 
Type domain.Actividad is not enhanced.

[2025-05-11 10:21:11 #8 type] 
Type domain.Factura is not enhanced.

------------------------------------------------------------------------------------------------------------------------

[2025-05-11 10:21:49 #1 store] 
Database 'C:\Users\gaizk\Desktop\SI1\Workspace\PROJECTO\America.odb' is opened by 14724@Gaizka

[2025-05-11 10:21:49 #2 store] 
Configuration path: ?

[2025-05-11 10:21:50 #3 type] 
Type domain.Sala is not enhanced.

[2025-05-11 10:21:50 #4 type] 
Type domain.Sesion is not enhanced.

[2025-05-11 10:21:50 #5 type] 
Type domain.Reserva is not enhanced.

[2025-05-11 10:21:50 #6 type] 
Type domain.Socio is not enhanced.

[2025-05-11 10:21:50 #7 type] 
Type domain.Actividad is not enhanced.

[2025-05-11 10:21:50 #8 type] 
Type domain.Factura is not enhanced.

[2025-05-11 10:21:50 #9 store] 
Database 'C:\Users\gaizk\Desktop\SI1\Workspace\PROJECTO\America.odb' is closed by 14724@Gaizka

------------------------------------------------------------------------------------------------------------------------

[2025-05-11 10:22:41 #1 store] 
Database 'C:\Users\gaizk\Desktop\SI1\Workspace\PROJECTO\America.odb' is opened by 7064@Gaizka

[2025-05-11 10:22:41 #2 store] 
Configuration path: ?

[2025-05-11 10:22:41 #3 type] 
Type domain.Sala is not enhanced.

[2025-05-11 10:22:41 #4 type] 
Type domain.Sesion is not enhanced.

[2025-05-11 10:22:41 #5 type] 
Type domain.Reserva is not enhanced.

[2025-05-11 10:22:41 #6 type] 
Type domain.Socio is not enhanced.

[2025-05-11 10:22:41 #7 type] 
Type domain.Actividad is not enhanced.

[2025-05-11 10:22:41 #8 type] 
Type domain.Factura is not enhanced.

------------------------------------------------------------------------------------------------------------------------

[2025-05-11 10:23:19 #1 store] 
Database 'C:\Users\gaizk\Desktop\SI1\Workspace\PROJECTO\America.odb' has been recovered (tr. 8-10)

[2025-05-11 10:23:19 #2 store] 
Database 'C:\Users\gaizk\Desktop\SI1\Workspace\PROJECTO\America.odb' is opened by 4028@Gaizka

[2025-05-11 10:23:19 #3 store] 
Configuration path: ?

[2025-05-11 10:23:19 #4 type] 
Type domain.Sala is not enhanced.

[2025-05-11 10:23:19 #5 type] 
Type domain.Sesion is not enhanced.

[2025-05-11 10:23:19 #6 type] 
Type domain.Reserva is not enhanced.

[2025-05-11 10:23:19 #7 type] 
Type domain.Socio is not enhanced.

[2025-05-11 10:23:19 #8 type] 
Type domain.Actividad is not enhanced.

[2025-05-11 10:23:19 #9 type] 
Type domain.Factura is not enhanced.

[2025-05-11 10:23:19 #10 store] 
Database 'C:\Users\gaizk\Desktop\SI1\Workspace\PROJECTO\America.odb' is closed by 4028@Gaizka

------------------------------------------------------------------------------------------------------------------------

[2025-05-11 10:25:07 #1 store] 
Database 'C:\Users\gaizk\Desktop\SI1\Workspace\PROJECTO\America.odb' is opened by 14892@Gaizka

[2025-05-11 10:25:07 #2 store] 
Configuration path: ?

[2025-05-11 10:25:08 #3 type] 
Type domain.Sala is not enhanced.

[2025-05-11 10:25:08 #4 type] 
Type domain.Sesion is not enhanced.

[2025-05-11 10:25:08 #5 type] 
Type domain.Reserva is not enhanced.

[2025-05-11 10:25:08 #6 type] 
Type domain.Socio is not enhanced.

[2025-05-11 10:25:08 #7 type] 
Type domain.Actividad is not enhanced.

[2025-05-11 10:25:08 #8 type] 
Type domain.Factura is not enhanced.

------------------------------------------------------------------------------------------------------------------------

[2025-05-11 10:44:55 #1 store] 
Database 'C:\Users\gaizk\Desktop\SI1\Workspace\PROJECTO\America.odb' has been recovered (tr. 11-11)

[2025-05-11 10:44:55 #2 store] 
Database 'C:\Users\gaizk\Desktop\SI1\Workspace\PROJECTO\America.odb' is opened by 5656@Gaizka

[2025-05-11 10:44:55 #3 store] 
Configuration path: ?

[2025-05-11 10:44:55 #4 type] 
Type domain.Sala is not enhanced.

[2025-05-11 10:44:55 #5 type] 
Type domain.Sesion is not enhanced.

[2025-05-11 10:44:55 #6 type] 
Type domain.Reserva is not enhanced.

[2025-05-11 10:44:55 #7 type] 
Type domain.Socio is not enhanced.

[2025-05-11 10:44:55 #8 type] 
Type domain.Actividad is not enhanced.

[2025-05-11 10:44:55 #9 type] 
Type domain.Factura is not enhanced.

------------------------------------------------------------------------------------------------------------------------

[2025-05-11 10:50:56 #1 store] 
Database 'C:\Users\gaizk\Desktop\SI1\Workspace\PROJECTO\America.odb' is opened by 8588@Gaizka

[2025-05-11 10:50:56 #2 store] 
Configuration path: ?

[2025-05-11 10:50:56 #3 type] 
Type domain.Sala is not enhanced.

[2025-05-11 10:50:56 #4 type] 
Type domain.Sesion is not enhanced.

[2025-05-11 10:50:56 #5 type] 
Type domain.Reserva is not enhanced.

[2025-05-11 10:50:56 #6 type] 
Type domain.Socio is not enhanced.

[2025-05-11 10:50:56 #7 type] 
Type domain.Actividad is not enhanced.

[2025-05-11 10:50:56 #8 type] 
Type domain.Factura is not enhanced.

------------------------------------------------------------------------------------------------------------------------

[2025-05-11 10:51:16 #1 store] 
Database 'C:\Users\gaizk\Desktop\SI1\Workspace\PROJECTO\America.odb' is opened by 2112@Gaizka

[2025-05-11 10:51:16 #2 store] 
Configuration path: ?

[2025-05-11 10:51:16 #3 type] 
Type domain.Sala is not enhanced.

[2025-05-11 10:51:16 #4 type] 
Type domain.Sesion is not enhanced.

[2025-05-11 10:51:16 #5 type] 
Type domain.Reserva is not enhanced.

[2025-05-11 10:51:16 #6 type] 
Type domain.Socio is not enhanced.

[2025-05-11 10:51:16 #7 type] 
Type domain.Actividad is not enhanced.

[2025-05-11 10:51:16 #8 type] 
Type domain.Factura is not enhanced.

------------------------------------------------------------------------------------------------------------------------

[2025-05-11 10:53:27 #1 store] 
Database 'C:\Users\gaizk\Desktop\SI1\Workspace\PROJECTO\America.odb' is opened by 7780@Gaizka

[2025-05-11 10:53:27 #2 store] 
Configuration path: ?

[2025-05-11 10:53:27 #3 type] 
Type domain.Sala is not enhanced.

[2025-05-11 10:53:27 #4 type] 
Type domain.Sesion is not enhanced.

[2025-05-11 10:53:27 #5 type] 
Type domain.Reserva is not enhanced.

[2025-05-11 10:53:27 #6 type] 
Type domain.Socio is not enhanced.

[2025-05-11 10:53:27 #7 type] 
Type domain.Actividad is not enhanced.

[2025-05-11 10:53:27 #8 type] 
Type domain.Factura is not enhanced.

------------------------------------------------------------------------------------------------------------------------

[2025-05-11 10:55:03 #1 store] 
Database 'C:\Users\gaizk\Desktop\SI1\Workspace\PROJECTO\America.odb' is opened by 6572@Gaizka

[2025-05-11 10:55:03 #2 store] 
Configuration path: ?

[2025-05-11 10:55:03 #3 type] 
Type domain.Sala is not enhanced.

[2025-05-11 10:55:03 #4 type] 
Type domain.Sesion is not enhanced.

[2025-05-11 10:55:03 #5 type] 
Type domain.Reserva is not enhanced.

[2025-05-11 10:55:03 #6 type] 
Type domain.Socio is not enhanced.

[2025-05-11 10:55:03 #7 type] 
Type domain.Actividad is not enhanced.

[2025-05-11 10:55:03 #8 type] 
Type domain.Factura is not enhanced.

------------------------------------------------------------------------------------------------------------------------

[2025-05-11 11:58:59 #1 store] 
Database 'C:\Users\gaizk\Desktop\SI1\Workspace\PROJECTO\America.odb' is opened by 14280@Gaizka

[2025-05-11 11:58:59 #2 store] 
Configuration path: ?

[2025-05-11 11:58:59 #3 type] 
Type domain.Sala is not enhanced.

[2025-05-11 11:58:59 #4 type] 
Type domain.Sesion is not enhanced.

[2025-05-11 11:58:59 #5 type] 
Type domain.Reserva is not enhanced.

[2025-05-11 11:58:59 #6 type] 
Type domain.Socio is not enhanced.

[2025-05-11 11:58:59 #7 type] 
Type domain.Actividad is not enhanced.

[2025-05-11 11:58:59 #8 type] 
Type domain.Factura is not enhanced.

------------------------------------------------------------------------------------------------------------------------

[2025-05-11 12:05:32 #1 store] 
Database 'C:\Users\gaizk\Desktop\SI1\Workspace\PROJECTO\America.odb' is opened by 12140@Gaizka

[2025-05-11 12:05:32 #2 store] 
Configuration path: ?

[2025-05-11 12:05:32 #3 type] 
Type domain.Sala is not enhanced.

[2025-05-11 12:05:32 #4 type] 
Type domain.Sesion is not enhanced.

[2025-05-11 12:05:32 #5 type] 
Type domain.Reserva is not enhanced.

[2025-05-11 12:05:32 #6 type] 
Type domain.Socio is not enhanced.

[2025-05-11 12:05:32 #7 type] 
Type domain.Actividad is not enhanced.

[2025-05-11 12:05:32 #8 type] 
Type domain.Factura is not enhanced.

[2025-05-11 12:05:32 #9 store] 
Database 'C:\Users\gaizk\Desktop\SI1\Workspace\PROJECTO\America.odb' is closed by 12140@Gaizka

------------------------------------------------------------------------------------------------------------------------

[2025-05-11 12:05:40 #1 store] 
Database 'C:\Users\gaizk\Desktop\SI1\Workspace\PROJECTO\America.odb' is opened by 14068@Gaizka

[2025-05-11 12:05:40 #2 store] 
Configuration path: ?

[2025-05-11 12:05:40 #3 type] 
Type domain.Sala is not enhanced.

[2025-05-11 12:05:40 #4 type] 
Type domain.Sesion is not enhanced.

[2025-05-11 12:05:40 #5 type] 
Type domain.Reserva is not enhanced.

[2025-05-11 12:05:40 #6 type] 
Type domain.Socio is not enhanced.

[2025-05-11 12:05:40 #7 type] 
Type domain.Actividad is not enhanced.

[2025-05-11 12:05:40 #8 type] 
Type domain.Factura is not enhanced.

------------------------------------------------------------------------------------------------------------------------

[2025-05-11 12:17:28 #1 store] 
Database 'C:\Users\gaizk\Desktop\SI1\Workspace\PROJECTO\America.odb' is opened by 7648@Gaizka

[2025-05-11 12:17:28 #2 store] 
Configuration path: ?

[2025-05-11 12:17:28 #3 type] 
Type domain.Sala is not enhanced.

[2025-05-11 12:17:28 #4 type] 
Type domain.Sesion is not enhanced.

[2025-05-11 12:17:28 #5 type] 
Type domain.Reserva is not enhanced.

[2025-05-11 12:17:28 #6 type] 
Type domain.Socio is not enhanced.

[2025-05-11 12:17:28 #7 type] 
Type domain.Actividad is not enhanced.

[2025-05-11 12:17:28 #8 type] 
Type domain.Factura is not enhanced.

[2025-05-11 12:17:28 #9 store] 
Database 'C:\Users\gaizk\Desktop\SI1\Workspace\PROJECTO\America.odb' is closed by 7648@Gaizka

------------------------------------------------------------------------------------------------------------------------

[2025-05-11 12:17:35 #1 store] 
Database 'C:\Users\gaizk\Desktop\SI1\Workspace\PROJECTO\America.odb' is opened by 7660@Gaizka

[2025-05-11 12:17:35 #2 store] 
Configuration path: ?

[2025-05-11 12:17:35 #3 type] 
Type domain.Sala is not enhanced.

[2025-05-11 12:17:35 #4 type] 
Type domain.Sesion is not enhanced.

[2025-05-11 12:17:35 #5 type] 
Type domain.Reserva is not enhanced.

[2025-05-11 12:17:35 #6 type] 
Type domain.Socio is not enhanced.

[2025-05-11 12:17:35 #7 type] 
Type domain.Actividad is not enhanced.

[2025-05-11 12:17:35 #8 type] 
Type domain.Factura is not enhanced.

------------------------------------------------------------------------------------------------------------------------

[2025-05-11 12:33:24 #1 store] 
Database 'C:\Users\gaizk\Desktop\SI1\Workspace\PROJECTO\America.odb' is opened by 13240@Gaizka

[2025-05-11 12:33:24 #2 store] 
Configuration path: ?

[2025-05-11 12:33:24 #3 type] 
Type domain.Sala is not enhanced.

[2025-05-11 12:33:24 #4 type] 
Type domain.Sesion is not enhanced.

[2025-05-11 12:33:24 #5 type] 
Type domain.Reserva is not enhanced.

[2025-05-11 12:33:24 #6 type] 
Type domain.Socio is not enhanced.

[2025-05-11 12:33:24 #7 type] 
Type domain.Actividad is not enhanced.

[2025-05-11 12:33:24 #8 type] 
Type domain.Factura is not enhanced.

[2025-05-11 12:33:24 #9 store] 
Database 'C:\Users\gaizk\Desktop\SI1\Workspace\PROJECTO\America.odb' is closed by 13240@Gaizka

------------------------------------------------------------------------------------------------------------------------

[2025-05-11 12:33:30 #1 store] 
Database 'C:\Users\gaizk\Desktop\SI1\Workspace\PROJECTO\America.odb' is opened by 13904@Gaizka

[2025-05-11 12:33:30 #2 store] 
Configuration path: ?

[2025-05-11 12:33:30 #3 type] 
Type domain.Sala is not enhanced.

[2025-05-11 12:33:30 #4 type] 
Type domain.Sesion is not enhanced.

[2025-05-11 12:33:30 #5 type] 
Type domain.Reserva is not enhanced.

[2025-05-11 12:33:30 #6 type] 
Type domain.Socio is not enhanced.

[2025-05-11 12:33:30 #7 type] 
Type domain.Actividad is not enhanced.

[2025-05-11 12:33:30 #8 type] 
Type domain.Factura is not enhanced.

------------------------------------------------------------------------------------------------------------------------

[2025-05-11 12:34:48 #1 store] 
Database 'C:\Users\gaizk\Desktop\SI1\Workspace\PROJECTO\America.odb' is opened by 7708@Gaizka

[2025-05-11 12:34:48 #2 store] 
Configuration path: ?

[2025-05-11 12:34:48 #3 type] 
Type domain.Sala is not enhanced.

[2025-05-11 12:34:48 #4 type] 
Type domain.Sesion is not enhanced.

[2025-05-11 12:34:48 #5 type] 
Type domain.Reserva is not enhanced.

[2025-05-11 12:34:48 #6 type] 
Type domain.Socio is not enhanced.

[2025-05-11 12:34:48 #7 type] 
Type domain.Actividad is not enhanced.

[2025-05-11 12:34:48 #8 type] 
Type domain.Factura is not enhanced.

[2025-05-11 12:34:48 #9 store] 
Database 'C:\Users\gaizk\Desktop\SI1\Workspace\PROJECTO\America.odb' is closed by 7708@Gaizka

------------------------------------------------------------------------------------------------------------------------

[2025-05-11 12:34:54 #1 store] 
Database 'C:\Users\gaizk\Desktop\SI1\Workspace\PROJECTO\America.odb' is opened by 3024@Gaizka

[2025-05-11 12:34:54 #2 store] 
Configuration path: ?

[2025-05-11 12:34:54 #3 type] 
Type domain.Sala is not enhanced.

[2025-05-11 12:34:54 #4 type] 
Type domain.Sesion is not enhanced.

[2025-05-11 12:34:54 #5 type] 
Type domain.Reserva is not enhanced.

[2025-05-11 12:34:54 #6 type] 
Type domain.Socio is not enhanced.

[2025-05-11 12:34:54 #7 type] 
Type domain.Actividad is not enhanced.

[2025-05-11 12:34:54 #8 type] 
Type domain.Factura is not enhanced.

------------------------------------------------------------------------------------------------------------------------

[2025-05-11 12:43:15 #1 store] 
Database 'C:\Users\gaizk\Desktop\SI1\Workspace\PROJECTO\America.odb' is opened by 16320@Gaizka

[2025-05-11 12:43:15 #2 store] 
Configuration path: ?

[2025-05-11 12:43:15 #3 type] 
Type domain.Sala is not enhanced.

[2025-05-11 12:43:15 #4 type] 
Type domain.Sesion is not enhanced.

[2025-05-11 12:43:15 #5 type] 
Type domain.Reserva is not enhanced.

[2025-05-11 12:43:15 #6 type] 
Type domain.Socio is not enhanced.

[2025-05-11 12:43:15 #7 type] 
Type domain.Actividad is not enhanced.

[2025-05-11 12:43:15 #8 type] 
Type domain.Factura is not enhanced.

[2025-05-11 12:43:15 #9 store] 
Database 'C:\Users\gaizk\Desktop\SI1\Workspace\PROJECTO\America.odb' is closed by 16320@Gaizka

------------------------------------------------------------------------------------------------------------------------

[2025-05-11 12:43:25 #1 store] 
Database 'C:\Users\gaizk\Desktop\SI1\Workspace\PROJECTO\America.odb' is opened by 15076@Gaizka

[2025-05-11 12:43:25 #2 store] 
Configuration path: ?

[2025-05-11 12:43:25 #3 type] 
Type domain.Sala is not enhanced.

[2025-05-11 12:43:25 #4 type] 
Type domain.Sesion is not enhanced.

[2025-05-11 12:43:25 #5 type] 
Type domain.Reserva is not enhanced.

[2025-05-11 12:43:25 #6 type] 
Type domain.Socio is not enhanced.

[2025-05-11 12:43:25 #7 type] 
Type domain.Actividad is not enhanced.

[2025-05-11 12:43:25 #8 type] 
Type domain.Factura is not enhanced.

------------------------------------------------------------------------------------------------------------------------

[2025-05-11 12:44:55 #1 store] 
Database 'C:\Users\gaizk\Desktop\SI1\Workspace\PROJECTO\America.odb' is opened by 12124@Gaizka

[2025-05-11 12:44:55 #2 store] 
Configuration path: ?

[2025-05-11 12:44:55 #3 type] 
Type domain.Sala is not enhanced.

[2025-05-11 12:44:55 #4 type] 
Type domain.Sesion is not enhanced.

[2025-05-11 12:44:55 #5 type] 
Type domain.Reserva is not enhanced.

[2025-05-11 12:44:55 #6 type] 
Type domain.Socio is not enhanced.

[2025-05-11 12:44:55 #7 type] 
Type domain.Actividad is not enhanced.

[2025-05-11 12:44:55 #8 type] 
Type domain.Factura is not enhanced.

[2025-05-11 12:44:55 #9 store] 
Database 'C:\Users\gaizk\Desktop\SI1\Workspace\PROJECTO\America.odb' is closed by 12124@Gaizka

------------------------------------------------------------------------------------------------------------------------

[2025-05-11 12:47:07 #1 store] 
Database 'C:\Users\gaizk\Desktop\SI1\Workspace\PROJECTO\America.odb' is opened by 14020@Gaizka

[2025-05-11 12:47:07 #2 store] 
Configuration path: ?

[2025-05-11 12:47:07 #3 type] 
Type domain.Sesion is not enhanced.

[2025-05-11 12:47:07 #4 type] 
Type domain.Reserva is not enhanced.

[2025-05-11 12:47:07 #5 type] 
Type domain.Socio is not enhanced.

[2025-05-11 12:47:07 #6 type] 
Type domain.Actividad is not enhanced.

[2025-05-11 12:47:07 #7 type] 
Type domain.Sala is not enhanced.

[2025-05-11 12:47:07 #8 type] 
Type domain.Factura is not enhanced.

[2025-05-11 12:47:07 #9 store] 
Database 'C:\Users\gaizk\Desktop\SI1\Workspace\PROJECTO\America.odb' is closed by 14020@Gaizka

------------------------------------------------------------------------------------------------------------------------

[2025-05-11 12:47:13 #1 store] 
Database 'C:\Users\gaizk\Desktop\SI1\Workspace\PROJECTO\America.odb' is opened by 15120@Gaizka

[2025-05-11 12:47:13 #2 store] 
Configuration path: ?

[2025-05-11 12:47:13 #3 type] 
Type domain.Sesion is not enhanced.

[2025-05-11 12:47:13 #4 type] 
Type domain.Reserva is not enhanced.

[2025-05-11 12:47:13 #5 type] 
Type domain.Socio is not enhanced.

[2025-05-11 12:47:13 #6 type] 
Type domain.Actividad is not enhanced.

[2025-05-11 12:47:13 #7 type] 
Type domain.Sala is not enhanced.

[2025-05-11 12:47:13 #8 type] 
Type domain.Factura is not enhanced.

------------------------------------------------------------------------------------------------------------------------

[2025-05-11 12:54:11 #1 store] 
Database 'C:\Users\gaizk\Desktop\SI1\Workspace\PROJECTO\America.odb' is opened by 15444@Gaizka

[2025-05-11 12:54:11 #2 store] 
Configuration path: ?

[2025-05-11 12:54:11 #3 type] 
Type domain.Sesion is not enhanced.

[2025-05-11 12:54:11 #4 type] 
Type domain.Reserva is not enhanced.

[2025-05-11 12:54:11 #5 type] 
Type domain.Socio is not enhanced.

[2025-05-11 12:54:11 #6 type] 
Type domain.Actividad is not enhanced.

[2025-05-11 12:54:11 #7 type] 
Type domain.Sala is not enhanced.

[2025-05-11 12:54:11 #8 type] 
Type domain.Factura is not enhanced.

[2025-05-11 12:54:11 #9 store] 
Database 'C:\Users\gaizk\Desktop\SI1\Workspace\PROJECTO\America.odb' is closed by 15444@Gaizka

------------------------------------------------------------------------------------------------------------------------

[2025-05-11 12:54:17 #1 store] 
Database 'C:\Users\gaizk\Desktop\SI1\Workspace\PROJECTO\America.odb' is opened by 15276@Gaizka

[2025-05-11 12:54:17 #2 store] 
Configuration path: ?

[2025-05-11 12:54:17 #3 type] 
Type domain.Sesion is not enhanced.

[2025-05-11 12:54:17 #4 type] 
Type domain.Reserva is not enhanced.

[2025-05-11 12:54:17 #5 type] 
Type domain.Socio is not enhanced.

[2025-05-11 12:54:18 #6 type] 
Type domain.Actividad is not enhanced.

[2025-05-11 12:54:18 #7 type] 
Type domain.Sala is not enhanced.

[2025-05-11 12:54:18 #8 type] 
Type domain.Factura is not enhanced.

------------------------------------------------------------------------------------------------------------------------

[2025-05-11 12:56:40 #1 store] 
Database 'C:\Users\gaizk\Desktop\SI1\Workspace\PROJECTO\America.odb' is opened by 1656@Gaizka

[2025-05-11 12:56:40 #2 store] 
Configuration path: ?

[2025-05-11 12:56:40 #3 type] 
Type domain.Sesion is not enhanced.

[2025-05-11 12:56:40 #4 type] 
Type domain.Reserva is not enhanced.

[2025-05-11 12:56:40 #5 type] 
Type domain.Socio is not enhanced.

[2025-05-11 12:56:40 #6 type] 
Type domain.Actividad is not enhanced.

[2025-05-11 12:56:40 #7 type] 
Type domain.Sala is not enhanced.

[2025-05-11 12:56:40 #8 type] 
Type domain.Factura is not enhanced.

[2025-05-11 12:56:41 #9 store] 
Database 'C:\Users\gaizk\Desktop\SI1\Workspace\PROJECTO\America.odb' is closed by 1656@Gaizka

------------------------------------------------------------------------------------------------------------------------

[2025-05-11 12:56:46 #1 store] 
Database 'C:\Users\gaizk\Desktop\SI1\Workspace\PROJECTO\America.odb' is opened by 13708@Gaizka

[2025-05-11 12:56:47 #2 store] 
Configuration path: ?

[2025-05-11 12:56:47 #3 type] 
Type domain.Sesion is not enhanced.

[2025-05-11 12:56:47 #4 type] 
Type domain.Reserva is not enhanced.

[2025-05-11 12:56:47 #5 type] 
Type domain.Socio is not enhanced.

[2025-05-11 12:56:47 #6 type] 
Type domain.Actividad is not enhanced.

[2025-05-11 12:56:47 #7 type] 
Type domain.Sala is not enhanced.

[2025-05-11 12:56:47 #8 type] 
Type domain.Factura is not enhanced.

------------------------------------------------------------------------------------------------------------------------

[2025-05-11 12:57:27 #1 store] 
Database 'C:\Users\gaizk\Desktop\SI1\Workspace\PROJECTO\America.odb' is opened by 15292@Gaizka

[2025-05-11 12:57:27 #2 store] 
Configuration path: ?

[2025-05-11 12:57:27 #3 type] 
Type domain.Sesion is not enhanced.

[2025-05-11 12:57:27 #4 type] 
Type domain.Reserva is not enhanced.

[2025-05-11 12:57:27 #5 type] 
Type domain.Socio is not enhanced.

[2025-05-11 12:57:27 #6 type] 
Type domain.Actividad is not enhanced.

[2025-05-11 12:57:27 #7 type] 
Type domain.Sala is not enhanced.

[2025-05-11 12:57:27 #8 type] 
Type domain.Factura is not enhanced.

[2025-05-11 12:57:27 #9 store] 
Database 'C:\Users\gaizk\Desktop\SI1\Workspace\PROJECTO\America.odb' is closed by 15292@Gaizka

------------------------------------------------------------------------------------------------------------------------

[2025-05-11 12:57:34 #1 store] 
Database 'C:\Users\gaizk\Desktop\SI1\Workspace\PROJECTO\America.odb' is opened by 10620@Gaizka

[2025-05-11 12:57:34 #2 store] 
Configuration path: ?

[2025-05-11 12:57:34 #3 type] 
Type domain.Sesion is not enhanced.

[2025-05-11 12:57:34 #4 type] 
Type domain.Reserva is not enhanced.

[2025-05-11 12:57:34 #5 type] 
Type domain.Socio is not enhanced.

[2025-05-11 12:57:34 #6 type] 
Type domain.Actividad is not enhanced.

[2025-05-11 12:57:34 #7 type] 
Type domain.Sala is not enhanced.

[2025-05-11 12:57:34 #8 type] 
Type domain.Factura is not enhanced.

[2025-05-11 12:57:34 #9 store] 
Database 'C:\Users\gaizk\Desktop\SI1\Workspace\PROJECTO\America.odb' is closed by 10620@Gaizka

------------------------------------------------------------------------------------------------------------------------

[2025-05-11 12:57:50 #1 store] 
Database 'C:\Users\gaizk\Desktop\SI1\Workspace\PROJECTO\America.odb' is opened by 8364@Gaizka

[2025-05-11 12:57:50 #2 store] 
Configuration path: ?

[2025-05-11 12:57:50 #3 type] 
Type domain.Sesion is not enhanced.

[2025-05-11 12:57:50 #4 type] 
Type domain.Reserva is not enhanced.

[2025-05-11 12:57:50 #5 type] 
Type domain.Socio is not enhanced.

[2025-05-11 12:57:50 #6 type] 
Type domain.Actividad is not enhanced.

[2025-05-11 12:57:50 #7 type] 
Type domain.Sala is not enhanced.

[2025-05-11 12:57:50 #8 type] 
Type domain.Factura is not enhanced.

[2025-05-11 12:57:50 #9 store] 
Database 'C:\Users\gaizk\Desktop\SI1\Workspace\PROJECTO\America.odb' is closed by 8364@Gaizka

------------------------------------------------------------------------------------------------------------------------

[2025-05-11 12:57:57 #1 store] 
Database 'C:\Users\gaizk\Desktop\SI1\Workspace\PROJECTO\America.odb' is opened by 14372@Gaizka

[2025-05-11 12:57:57 #2 store] 
Configuration path: ?

[2025-05-11 12:57:57 #3 type] 
Type domain.Sesion is not enhanced.

[2025-05-11 12:57:57 #4 type] 
Type domain.Reserva is not enhanced.

[2025-05-11 12:57:57 #5 type] 
Type domain.Socio is not enhanced.

[2025-05-11 12:57:57 #6 type] 
Type domain.Actividad is not enhanced.

[2025-05-11 12:57:57 #7 type] 
Type domain.Sala is not enhanced.

[2025-05-11 12:57:57 #8 type] 
Type domain.Factura is not enhanced.

------------------------------------------------------------------------------------------------------------------------

[2025-05-11 12:58:28 #1 store] 
Database 'C:\Users\gaizk\Desktop\SI1\Workspace\PROJECTO\America.odb' is opened by 15412@Gaizka

[2025-05-11 12:58:28 #2 store] 
Configuration path: ?

[2025-05-11 12:58:28 #3 type] 
Type domain.Sesion is not enhanced.

[2025-05-11 12:58:28 #4 type] 
Type domain.Reserva is not enhanced.

[2025-05-11 12:58:28 #5 type] 
Type domain.Socio is not enhanced.

[2025-05-11 12:58:28 #6 type] 
Type domain.Actividad is not enhanced.

[2025-05-11 12:58:28 #7 type] 
Type domain.Sala is not enhanced.

[2025-05-11 12:58:28 #8 type] 
Type domain.Factura is not enhanced.

------------------------------------------------------------------------------------------------------------------------

[2025-05-11 18:27:00 #1 store] 
Database 'C:\Users\gaizk\Desktop\SI1\Workspace\PROJECTO\America.odb' is opened by 13128@Gaizka

[2025-05-11 18:27:00 #2 store] 
Configuration path: ?

[2025-05-11 18:27:00 #3 type] 
Type domain.Sesion is not enhanced.

[2025-05-11 18:27:00 #4 type] 
Type domain.Reserva is not enhanced.

[2025-05-11 18:27:00 #5 type] 
Type domain.Socio is not enhanced.

[2025-05-11 18:27:00 #6 type] 
Type domain.Actividad is not enhanced.

[2025-05-11 18:27:00 #7 type] 
Type domain.Sala is not enhanced.

[2025-05-11 18:27:00 #8 type] 
Type domain.Factura is not enhanced.

------------------------------------------------------------------------------------------------------------------------

[2025-05-11 18:27:52 #1 store] 
Database 'C:\Users\gaizk\Desktop\SI1\Workspace\PROJECTO\America.odb' is opened by 3672@Gaizka

[2025-05-11 18:27:52 #2 store] 
Configuration path: ?

[2025-05-11 18:27:52 #3 type] 
Type domain.Sesion is not enhanced.

[2025-05-11 18:27:52 #4 type] 
Type domain.Reserva is not enhanced.

[2025-05-11 18:27:52 #5 type] 
Type domain.Socio is not enhanced.

[2025-05-11 18:27:52 #6 type] 
Type domain.Actividad is not enhanced.

[2025-05-11 18:27:52 #7 type] 
Type domain.Sala is not enhanced.

[2025-05-11 18:27:52 #8 type] 
Type domain.Factura is not enhanced.

------------------------------------------------------------------------------------------------------------------------

[2025-05-11 18:33:40 #1 store] 
Database 'C:\Users\gaizk\Desktop\SI1\Workspace\PROJECTO\America.odb' is opened by 14940@Gaizka

[2025-05-11 18:33:40 #2 store] 
Configuration path: ?

[2025-05-11 18:33:40 #3 type] 
Type domain.Sesion is not enhanced.

[2025-05-11 18:33:40 #4 type] 
Type domain.Reserva is not enhanced.

[2025-05-11 18:33:40 #5 type] 
Type domain.Socio is not enhanced.

[2025-05-11 18:33:40 #6 type] 
Type domain.Actividad is not enhanced.

[2025-05-11 18:33:41 #7 type] 
Type domain.Sala is not enhanced.

[2025-05-11 18:33:41 #8 type] 
Type domain.Factura is not enhanced.

[2025-05-11 18:33:41 #9 store] 
Database 'C:\Users\gaizk\Desktop\SI1\Workspace\PROJECTO\America.odb' is closed by 14940@Gaizka

------------------------------------------------------------------------------------------------------------------------

[2025-05-11 18:33:55 #1 store] 
Database 'C:\Users\gaizk\Desktop\SI1\Workspace\PROJECTO\America.odb' is opened by 14688@Gaizka

[2025-05-11 18:33:55 #2 store] 
Configuration path: ?

[2025-05-11 18:33:55 #3 type] 
Type domain.Sesion is not enhanced.

[2025-05-11 18:33:55 #4 type] 
Type domain.Reserva is not enhanced.

[2025-05-11 18:33:55 #5 type] 
Type domain.Socio is not enhanced.

[2025-05-11 18:33:55 #6 type] 
Type domain.Actividad is not enhanced.

[2025-05-11 18:33:55 #7 type] 
Type domain.Sala is not enhanced.

[2025-05-11 18:33:55 #8 type] 
Type domain.Factura is not enhanced.

------------------------------------------------------------------------------------------------------------------------

[2025-05-11 19:10:15 #1 store] 
Database 'C:\Users\gaizk\Desktop\SI1\Workspace\PROJECTO\America.odb' has been recovered (tr. 8-8)

[2025-05-11 19:10:15 #2 store] 
Database 'C:\Users\gaizk\Desktop\SI1\Workspace\PROJECTO\America.odb' is opened by 12748@Gaizka

[2025-05-11 19:10:15 #3 store] 
Configuration path: ?

[2025-05-11 19:10:15 #4 type] 
Type domain.Sesion is not enhanced.

[2025-05-11 19:10:15 #5 type] 
Type domain.Reserva is not enhanced.

[2025-05-11 19:10:15 #6 type] 
Type domain.Socio is not enhanced.

[2025-05-11 19:10:15 #7 type] 
Type domain.Actividad is not enhanced.

[2025-05-11 19:10:15 #8 type] 
Type domain.Sala is not enhanced.

[2025-05-11 19:10:15 #9 type] 
Type domain.Factura is not enhanced.

------------------------------------------------------------------------------------------------------------------------

[2025-05-11 19:39:59 #1 store] 
Database 'C:\Users\gaizk\Desktop\SI1\Workspace\PROJECTO\America.odb' is opened by 15916@Gaizka

[2025-05-11 19:39:59 #2 store] 
Configuration path: ?

[2025-05-11 19:39:59 #3 type] 
Type domain.Sesion is not enhanced.

[2025-05-11 19:39:59 #4 type] 
Type domain.Reserva is not enhanced.

[2025-05-11 19:39:59 #5 type] 
Type domain.Socio is not enhanced.

[2025-05-11 19:40:00 #6 type] 
Type domain.Actividad is not enhanced.

[2025-05-11 19:40:00 #7 type] 
Type domain.Sala is not enhanced.

[2025-05-11 19:40:00 #8 type] 
Type domain.Factura is not enhanced.

------------------------------------------------------------------------------------------------------------------------

[2025-05-11 19:45:43 #1 store] 
Database 'C:\Users\gaizk\Desktop\SI1\Workspace\PROJECTO\America.odb' is opened by 9676@Gaizka

[2025-05-11 19:45:43 #2 store] 
Configuration path: ?

[2025-05-11 19:45:43 #3 type] 
Type domain.Sesion is not enhanced.

[2025-05-11 19:45:43 #4 type] 
Type domain.Reserva is not enhanced.

[2025-05-11 19:45:43 #5 type] 
Type domain.Socio is not enhanced.

[2025-05-11 19:45:43 #6 type] 
Type domain.Actividad is not enhanced.

[2025-05-11 19:45:43 #7 type] 
Type domain.Sala is not enhanced.

[2025-05-11 19:45:43 #8 type] 
Type domain.Factura is not enhanced.

------------------------------------------------------------------------------------------------------------------------

[2025-05-11 19:47:07 #1 store] 
Database 'C:\Users\gaizk\Desktop\SI1\Workspace\PROJECTO\America.odb' is opened by 5380@Gaizka

[2025-05-11 19:47:07 #2 store] 
Configuration path: ?

[2025-05-11 19:47:07 #3 type] 
Type domain.Sesion is not enhanced.

[2025-05-11 19:47:07 #4 type] 
Type domain.Reserva is not enhanced.

[2025-05-11 19:47:07 #5 type] 
Type domain.Socio is not enhanced.

[2025-05-11 19:47:07 #6 type] 
Type domain.Actividad is not enhanced.

[2025-05-11 19:47:07 #7 type] 
Type domain.Sala is not enhanced.

[2025-05-11 19:47:07 #8 type] 
Type domain.Factura is not enhanced.

------------------------------------------------------------------------------------------------------------------------

[2025-05-11 19:49:20 #1 store] 
Database 'C:\Users\gaizk\Desktop\SI1\Workspace\PROJECTO\America.odb' is opened by 14368@Gaizka

[2025-05-11 19:49:20 #2 store] 
Configuration path: ?

[2025-05-11 19:49:20 #3 type] 
Type domain.Sesion is not enhanced.

[2025-05-11 19:49:20 #4 type] 
Type domain.Reserva is not enhanced.

[2025-05-11 19:49:20 #5 type] 
Type domain.Socio is not enhanced.

[2025-05-11 19:49:20 #6 type] 
Type domain.Actividad is not enhanced.

[2025-05-11 19:49:20 #7 type] 
Type domain.Sala is not enhanced.

[2025-05-11 19:49:20 #8 type] 
Type domain.Factura is not enhanced.

------------------------------------------------------------------------------------------------------------------------

[2025-05-11 20:09:15 #1 store] 
Database 'C:\Users\gaizk\Desktop\SI1\Workspace\PROJECTO\America.odb' has been recovered (tr. 9-10)

[2025-05-11 20:09:15 #2 store] 
Database 'C:\Users\gaizk\Desktop\SI1\Workspace\PROJECTO\America.odb' is opened by 4956@Gaizka

[2025-05-11 20:09:15 #3 store] 
Configuration path: ?

[2025-05-11 20:09:16 #4 type] 
Type domain.Sesion is not enhanced.

[2025-05-11 20:09:16 #5 type] 
Type domain.Reserva is not enhanced.

[2025-05-11 20:09:16 #6 type] 
Type domain.Socio is not enhanced.

[2025-05-11 20:09:16 #7 type] 
Type domain.Actividad is not enhanced.

[2025-05-11 20:09:16 #8 type] 
Type domain.Sala is not enhanced.

[2025-05-11 20:09:16 #9 type] 
Type domain.Factura is not enhanced.

------------------------------------------------------------------------------------------------------------------------

[2025-05-11 20:47:58 #1 store] 
Database 'C:\Users\gaizk\Desktop\SI1\Workspace\PROJECTO\America.odb' is opened by 14472@Gaizka

[2025-05-11 20:47:58 #2 store] 
Configuration path: ?

[2025-05-11 20:47:58 #3 type] 
Type domain.Sesion is not enhanced.

[2025-05-11 20:47:58 #4 type] 
Type domain.Reserva is not enhanced.

[2025-05-11 20:47:58 #5 type] 
Type domain.Socio is not enhanced.

[2025-05-11 20:47:58 #6 type] 
Type domain.Actividad is not enhanced.

[2025-05-11 20:47:58 #7 type] 
Type domain.Sala is not enhanced.

[2025-05-11 20:47:58 #8 type] 
Type domain.Factura is not enhanced.

------------------------------------------------------------------------------------------------------------------------

[2025-05-11 20:48:26 #1 store] 
Database 'C:\Users\gaizk\Desktop\SI1\Workspace\PROJECTO\America.odb' is opened by 16184@Gaizka

[2025-05-11 20:48:26 #2 store] 
Configuration path: ?

[2025-05-11 20:48:26 #3 type] 
Type domain.Sesion is not enhanced.

[2025-05-11 20:48:26 #4 type] 
Type domain.Reserva is not enhanced.

[2025-05-11 20:48:26 #5 type] 
Type domain.Socio is not enhanced.

[2025-05-11 20:48:26 #6 type] 
Type domain.Actividad is not enhanced.

[2025-05-11 20:48:26 #7 type] 
Type domain.Sala is not enhanced.

[2025-05-11 20:48:26 #8 type] 
Type domain.Factura is not enhanced.

------------------------------------------------------------------------------------------------------------------------

[2025-05-11 20:49:23 #1 store] 
Database 'C:\Users\gaizk\Desktop\SI1\Workspace\PROJECTO\America.odb' is opened by 11700@Gaizka

[2025-05-11 20:49:23 #2 store] 
Configuration path: ?

[2025-05-11 20:49:24 #3 type] 
Type domain.Sesion is not enhanced.

[2025-05-11 20:49:24 #4 type] 
Type domain.Reserva is not enhanced.

[2025-05-11 20:49:24 #5 type] 
Type domain.Socio is not enhanced.

[2025-05-11 20:49:24 #6 type] 
Type domain.Actividad is not enhanced.

[2025-05-11 20:49:24 #7 type] 
Type domain.Sala is not enhanced.

[2025-05-11 20:49:24 #8 type] 
Type domain.Factura is not enhanced.

------------------------------------------------------------------------------------------------------------------------

[2025-05-11 20:50:21 #1 store] 
Database 'C:\Users\gaizk\Desktop\SI1\Workspace\PROJECTO\America.odb' is opened by 13400@Gaizka

[2025-05-11 20:50:21 #2 store] 
Configuration path: ?

[2025-05-11 20:50:21 #3 type] 
Type domain.Sesion is not enhanced.

[2025-05-11 20:50:21 #4 type] 
Type domain.Reserva is not enhanced.

[2025-05-11 20:50:21 #5 type] 
Type domain.Socio is not enhanced.

[2025-05-11 20:50:21 #6 type] 
Type domain.Actividad is not enhanced.

[2025-05-11 20:50:21 #7 type] 
Type domain.Sala is not enhanced.

[2025-05-11 20:50:21 #8 type] 
Type domain.Factura is not enhanced.

[2025-05-11 20:50:21 #9 store] 
Database 'C:\Users\gaizk\Desktop\SI1\Workspace\PROJECTO\America.odb' is closed by 13400@Gaizka

------------------------------------------------------------------------------------------------------------------------

[2025-05-11 20:50:24 #1 store] 
Database 'C:\Users\gaizk\Desktop\SI1\Workspace\PROJECTO\America.odb' is opened by 14836@Gaizka

[2025-05-11 20:50:24 #2 store] 
Configuration path: ?

[2025-05-11 20:50:24 #3 type] 
Type domain.Sesion is not enhanced.

[2025-05-11 20:50:24 #4 type] 
Type domain.Reserva is not enhanced.

[2025-05-11 20:50:24 #5 type] 
Type domain.Socio is not enhanced.

[2025-05-11 20:50:24 #6 type] 
Type domain.Actividad is not enhanced.

[2025-05-11 20:50:24 #7 type] 
Type domain.Sala is not enhanced.

[2025-05-11 20:50:24 #8 type] 
Type domain.Factura is not enhanced.

------------------------------------------------------------------------------------------------------------------------

[2025-05-11 20:51:03 #1 store] 
Database 'C:\Users\gaizk\Desktop\SI1\Workspace\PROJECTO\America.odb' has been recovered (tr. 8-8)

[2025-05-11 20:51:03 #2 store] 
Database 'C:\Users\gaizk\Desktop\SI1\Workspace\PROJECTO\America.odb' is opened by 14616@Gaizka

[2025-05-11 20:51:03 #3 store] 
Configuration path: ?

[2025-05-11 20:51:03 #4 type] 
Type domain.Sesion is not enhanced.

[2025-05-11 20:51:03 #5 type] 
Type domain.Reserva is not enhanced.

[2025-05-11 20:51:03 #6 type] 
Type domain.Socio is not enhanced.

[2025-05-11 20:51:03 #7 type] 
Type domain.Actividad is not enhanced.

[2025-05-11 20:51:03 #8 type] 
Type domain.Sala is not enhanced.

[2025-05-11 20:51:03 #9 type] 
Type domain.Factura is not enhanced.

------------------------------------------------------------------------------------------------------------------------

[2025-05-11 20:53:52 #1 store] 
Database 'C:\Users\gaizk\Desktop\SI1\Workspace\PROJECTO\America.odb' is opened by 10856@Gaizka

[2025-05-11 20:53:52 #2 store] 
Configuration path: ?

[2025-05-11 20:53:52 #3 type] 
Type domain.Sesion is not enhanced.

[2025-05-11 20:53:52 #4 type] 
Type domain.Reserva is not enhanced.

[2025-05-11 20:53:52 #5 type] 
Type domain.Socio is not enhanced.

[2025-05-11 20:53:52 #6 type] 
Type domain.Actividad is not enhanced.

[2025-05-11 20:53:52 #7 type] 
Type domain.Sala is not enhanced.

[2025-05-11 20:53:52 #8 type] 
Type domain.Factura is not enhanced.

------------------------------------------------------------------------------------------------------------------------

[2025-05-11 20:57:09 #1 store] 
Database 'C:\Users\gaizk\Desktop\SI1\Workspace\PROJECTO\America.odb' is opened by 15936@Gaizka

[2025-05-11 20:57:09 #2 store] 
Configuration path: ?

[2025-05-11 20:57:09 #3 type] 
Type domain.Sesion is not enhanced.

[2025-05-11 20:57:09 #4 type] 
Type domain.Reserva is not enhanced.

[2025-05-11 20:57:09 #5 type] 
Type domain.Socio is not enhanced.

[2025-05-11 20:57:09 #6 type] 
Type domain.Actividad is not enhanced.

[2025-05-11 20:57:09 #7 type] 
Type domain.Sala is not enhanced.

[2025-05-11 20:57:09 #8 type] 
Type domain.Factura is not enhanced.

------------------------------------------------------------------------------------------------------------------------

[2025-05-11 20:57:13 #1 store] 
Database 'C:\Users\gaizk\Desktop\SI1\Workspace\PROJECTO\America.odb' is opened by 6804@Gaizka

[2025-05-11 20:57:13 #2 store] 
Configuration path: ?

[2025-05-11 20:57:13 #3 type] 
Type domain.Sesion is not enhanced.

[2025-05-11 20:57:13 #4 type] 
Type domain.Reserva is not enhanced.

[2025-05-11 20:57:13 #5 type] 
Type domain.Socio is not enhanced.

[2025-05-11 20:57:13 #6 type] 
Type domain.Actividad is not enhanced.

[2025-05-11 20:57:13 #7 type] 
Type domain.Sala is not enhanced.

[2025-05-11 20:57:13 #8 type] 
Type domain.Factura is not enhanced.

------------------------------------------------------------------------------------------------------------------------

[2025-05-11 21:00:03 #1 store] 
Database 'C:\Users\gaizk\Desktop\SI1\Workspace\PROJECTO\America.odb' is opened by 10620@Gaizka

[2025-05-11 21:00:03 #2 store] 
Configuration path: ?

[2025-05-11 21:00:03 #3 type] 
Type domain.Sesion is not enhanced.

[2025-05-11 21:00:03 #4 type] 
Type domain.Reserva is not enhanced.

[2025-05-11 21:00:03 #5 type] 
Type domain.Socio is not enhanced.

[2025-05-11 21:00:03 #6 type] 
Type domain.Actividad is not enhanced.

[2025-05-11 21:00:03 #7 type] 
Type domain.Sala is not enhanced.

[2025-05-11 21:00:03 #8 type] 
Type domain.Factura is not enhanced.

------------------------------------------------------------------------------------------------------------------------

[2025-05-11 21:02:23 #1 store] 
Database 'C:\Users\gaizk\Desktop\SI1\Workspace\PROJECTO\America.odb' is opened by 14364@Gaizka

[2025-05-11 21:02:23 #2 store] 
Configuration path: ?

[2025-05-11 21:02:23 #3 type] 
Type domain.Sesion is not enhanced.

[2025-05-11 21:02:23 #4 type] 
Type domain.Reserva is not enhanced.

[2025-05-11 21:02:23 #5 type] 
Type domain.Socio is not enhanced.

[2025-05-11 21:02:23 #6 type] 
Type domain.Actividad is not enhanced.

[2025-05-11 21:02:23 #7 type] 
Type domain.Sala is not enhanced.

[2025-05-11 21:02:23 #8 type] 
Type domain.Factura is not enhanced.

------------------------------------------------------------------------------------------------------------------------

[2025-05-11 21:05:12 #1 store] 
Database 'C:\Users\gaizk\Desktop\SI1\Workspace\PROJECTO\America.odb' is opened by 10468@Gaizka

[2025-05-11 21:05:12 #2 store] 
Configuration path: ?

[2025-05-11 21:05:12 #3 type] 
Type domain.Sesion is not enhanced.

[2025-05-11 21:05:12 #4 type] 
Type domain.Reserva is not enhanced.

[2025-05-11 21:05:12 #5 type] 
Type domain.Socio is not enhanced.

[2025-05-11 21:05:12 #6 type] 
Type domain.Actividad is not enhanced.

[2025-05-11 21:05:12 #7 type] 
Type domain.Sala is not enhanced.

[2025-05-11 21:05:12 #8 type] 
Type domain.Factura is not enhanced.

------------------------------------------------------------------------------------------------------------------------

[2025-05-11 21:09:01 #1 store] 
Database 'C:\Users\gaizk\Desktop\SI1\Workspace\PROJECTO\America.odb' is opened by 9004@Gaizka

[2025-05-11 21:09:01 #2 store] 
Configuration path: ?

[2025-05-11 21:09:02 #3 type] 
Type domain.Sesion is not enhanced.

[2025-05-11 21:09:02 #4 type] 
Type domain.Reserva is not enhanced.

[2025-05-11 21:09:02 #5 type] 
Type domain.Socio is not enhanced.

[2025-05-11 21:09:02 #6 type] 
Type domain.Actividad is not enhanced.

[2025-05-11 21:09:02 #7 type] 
Type domain.Sala is not enhanced.

[2025-05-11 21:09:02 #8 type] 
Type domain.Factura is not enhanced.

------------------------------------------------------------------------------------------------------------------------

[2025-05-11 21:09:17 #1 store] 
Database 'C:\Users\gaizk\Desktop\SI1\Workspace\PROJECTO\America.odb' has been recovered (tr. 9-9)

[2025-05-11 21:09:17 #2 store] 
Database 'C:\Users\gaizk\Desktop\SI1\Workspace\PROJECTO\America.odb' is opened by 2656@Gaizka

[2025-05-11 21:09:17 #3 store] 
Configuration path: ?

[2025-05-11 21:09:17 #4 type] 
Type domain.Sesion is not enhanced.

[2025-05-11 21:09:17 #5 type] 
Type domain.Reserva is not enhanced.

[2025-05-11 21:09:17 #6 type] 
Type domain.Socio is not enhanced.

[2025-05-11 21:09:17 #7 type] 
Type domain.Actividad is not enhanced.

[2025-05-11 21:09:17 #8 type] 
Type domain.Sala is not enhanced.

[2025-05-11 21:09:17 #9 type] 
Type domain.Factura is not enhanced.

------------------------------------------------------------------------------------------------------------------------

[2025-05-11 21:10:50 #1 store] 
Database 'C:\Users\gaizk\Desktop\SI1\Workspace\PROJECTO\America.odb' has been recovered (tr. 10-10)

[2025-05-11 21:10:50 #2 store] 
Database 'C:\Users\gaizk\Desktop\SI1\Workspace\PROJECTO\America.odb' is opened by 12096@Gaizka

[2025-05-11 21:10:50 #3 store] 
Configuration path: ?

[2025-05-11 21:10:50 #4 type] 
Type domain.Sesion is not enhanced.

[2025-05-11 21:10:50 #5 type] 
Type domain.Reserva is not enhanced.

[2025-05-11 21:10:50 #6 type] 
Type domain.Socio is not enhanced.

[2025-05-11 21:10:50 #7 type] 
Type domain.Actividad is not enhanced.

[2025-05-11 21:10:50 #8 type] 
Type domain.Sala is not enhanced.

[2025-05-11 21:10:50 #9 type] 
Type domain.Factura is not enhanced.

------------------------------------------------------------------------------------------------------------------------

[2025-05-11 21:10:58 #1 store] 
Database 'C:\Users\gaizk\Desktop\SI1\Workspace\PROJECTO\America.odb' has been recovered (tr. 11-11)

[2025-05-11 21:10:58 #2 store] 
Database 'C:\Users\gaizk\Desktop\SI1\Workspace\PROJECTO\America.odb' is opened by 16244@Gaizka

[2025-05-11 21:10:58 #3 store] 
Configuration path: ?

[2025-05-11 21:10:58 #4 type] 
Type domain.Sesion is not enhanced.

[2025-05-11 21:10:58 #5 type] 
Type domain.Reserva is not enhanced.

[2025-05-11 21:10:58 #6 type] 
Type domain.Socio is not enhanced.

[2025-05-11 21:10:58 #7 type] 
Type domain.Actividad is not enhanced.

[2025-05-11 21:10:58 #8 type] 
Type domain.Sala is not enhanced.

[2025-05-11 21:10:58 #9 type] 
Type domain.Factura is not enhanced.

------------------------------------------------------------------------------------------------------------------------

[2025-05-11 21:11:45 #1 store] 
Database 'C:\Users\gaizk\Desktop\SI1\Workspace\PROJECTO\America.odb' is opened by 12976@Gaizka

[2025-05-11 21:11:45 #2 store] 
Configuration path: ?

[2025-05-11 21:11:45 #3 type] 
Type domain.Sesion is not enhanced.

[2025-05-11 21:11:45 #4 type] 
Type domain.Reserva is not enhanced.

[2025-05-11 21:11:45 #5 type] 
Type domain.Socio is not enhanced.

[2025-05-11 21:11:45 #6 type] 
Type domain.Actividad is not enhanced.

[2025-05-11 21:11:45 #7 type] 
Type domain.Sala is not enhanced.

[2025-05-11 21:11:45 #8 type] 
Type domain.Factura is not enhanced.

------------------------------------------------------------------------------------------------------------------------

[2025-05-11 21:12:17 #1 store] 
Database 'C:\Users\gaizk\Desktop\SI1\Workspace\PROJECTO\America.odb' has been recovered (tr. 12-13)

[2025-05-11 21:12:17 #2 store] 
Database 'C:\Users\gaizk\Desktop\SI1\Workspace\PROJECTO\America.odb' is opened by 14932@Gaizka

[2025-05-11 21:12:17 #3 store] 
Configuration path: ?

[2025-05-11 21:12:17 #4 type] 
Type domain.Sesion is not enhanced.

[2025-05-11 21:12:17 #5 type] 
Type domain.Reserva is not enhanced.

[2025-05-11 21:12:17 #6 type] 
Type domain.Socio is not enhanced.

[2025-05-11 21:12:17 #7 type] 
Type domain.Actividad is not enhanced.

[2025-05-11 21:12:17 #8 type] 
Type domain.Sala is not enhanced.

[2025-05-11 21:12:17 #9 type] 
Type domain.Factura is not enhanced.

------------------------------------------------------------------------------------------------------------------------

[2025-05-11 21:12:47 #1 store] 
Database 'C:\Users\gaizk\Desktop\SI1\Workspace\PROJECTO\America.odb' is opened by 14752@Gaizka

[2025-05-11 21:12:47 #2 store] 
Configuration path: ?

[2025-05-11 21:12:47 #3 type] 
Type domain.Sesion is not enhanced.

[2025-05-11 21:12:47 #4 type] 
Type domain.Reserva is not enhanced.

[2025-05-11 21:12:47 #5 type] 
Type domain.Socio is not enhanced.

[2025-05-11 21:12:47 #6 type] 
Type domain.Actividad is not enhanced.

[2025-05-11 21:12:48 #7 type] 
Type domain.Sala is not enhanced.

[2025-05-11 21:12:48 #8 type] 
Type domain.Factura is not enhanced.

[2025-05-11 21:12:48 #9 store] 
Database 'C:\Users\gaizk\Desktop\SI1\Workspace\PROJECTO\America.odb' is closed by 14752@Gaizka

------------------------------------------------------------------------------------------------------------------------

[2025-05-11 21:13:14 #1 store] 
Database 'C:\Users\gaizk\Desktop\SI1\Workspace\PROJECTO\America.odb' is opened by 15840@Gaizka

[2025-05-11 21:13:14 #2 store] 
Configuration path: ?

[2025-05-11 21:13:14 #3 type] 
Type domain.Sesion is not enhanced.

[2025-05-11 21:13:14 #4 type] 
Type domain.Reserva is not enhanced.

[2025-05-11 21:13:14 #5 type] 
Type domain.Socio is not enhanced.

[2025-05-11 21:13:14 #6 type] 
Type domain.Actividad is not enhanced.

[2025-05-11 21:13:14 #7 type] 
Type domain.Sala is not enhanced.

[2025-05-11 21:13:14 #8 type] 
Type domain.Factura is not enhanced.

------------------------------------------------------------------------------------------------------------------------

[2025-05-11 21:13:40 #1 store] 
Database 'C:\Users\gaizk\Desktop\SI1\Workspace\PROJECTO\America.odb' has been recovered (tr. 8-8)

[2025-05-11 21:13:41 #2 store] 
Database 'C:\Users\gaizk\Desktop\SI1\Workspace\PROJECTO\America.odb' is opened by 1552@Gaizka

[2025-05-11 21:13:41 #3 store] 
Configuration path: ?

[2025-05-11 21:13:41 #4 type] 
Type domain.Sesion is not enhanced.

[2025-05-11 21:13:41 #5 type] 
Type domain.Reserva is not enhanced.

[2025-05-11 21:13:41 #6 type] 
Type domain.Socio is not enhanced.

[2025-05-11 21:13:41 #7 type] 
Type domain.Actividad is not enhanced.

[2025-05-11 21:13:41 #8 type] 
Type domain.Sala is not enhanced.

[2025-05-11 21:13:41 #9 type] 
Type domain.Factura is not enhanced.

------------------------------------------------------------------------------------------------------------------------

[2025-05-11 21:18:02 #1 store] 
Database 'C:\Users\gaizk\Desktop\SI1\Workspace\PROJECTO\America.odb' has been recovered (tr. 9-9)

[2025-05-11 21:18:02 #2 store] 
Database 'C:\Users\gaizk\Desktop\SI1\Workspace\PROJECTO\America.odb' is opened by 11964@Gaizka

[2025-05-11 21:18:02 #3 store] 
Configuration path: ?

[2025-05-11 21:18:02 #4 type] 
Type domain.Sesion is not enhanced.

[2025-05-11 21:18:02 #5 type] 
Type domain.Reserva is not enhanced.

[2025-05-11 21:18:02 #6 type] 
Type domain.Socio is not enhanced.

[2025-05-11 21:18:02 #7 type] 
Type domain.Actividad is not enhanced.

[2025-05-11 21:18:02 #8 type] 
Type domain.Sala is not enhanced.

[2025-05-11 21:18:02 #9 type] 
Type domain.Factura is not enhanced.

[2025-05-11 21:18:02 #10 store] 
Database 'C:\Users\gaizk\Desktop\SI1\Workspace\PROJECTO\America.odb' is closed by 11964@Gaizka

------------------------------------------------------------------------------------------------------------------------

[2025-05-11 21:18:38 #1 store] 
Database 'C:\Users\gaizk\Desktop\SI1\Workspace\PROJECTO\America.odb' is opened by 12764@Gaizka

[2025-05-11 21:18:38 #2 store] 
Configuration path: ?

[2025-05-11 21:18:38 #3 type] 
Type domain.Sesion is not enhanced.

[2025-05-11 21:18:38 #4 type] 
Type domain.Reserva is not enhanced.

[2025-05-11 21:18:38 #5 type] 
Type domain.Socio is not enhanced.

[2025-05-11 21:18:38 #6 type] 
Type domain.Actividad is not enhanced.

[2025-05-11 21:18:38 #7 type] 
Type domain.Sala is not enhanced.

[2025-05-11 21:18:38 #8 type] 
Type domain.Factura is not enhanced.

[2025-05-11 21:18:39 #9 store] 
Database 'C:\Users\gaizk\Desktop\SI1\Workspace\PROJECTO\America.odb' is closed by 12764@Gaizka

------------------------------------------------------------------------------------------------------------------------

[2025-05-11 21:20:02 #1 store] 
Database 'C:\Users\gaizk\Desktop\SI1\Workspace\PROJECTO\America.odb' is opened by 9740@Gaizka

[2025-05-11 21:20:02 #2 store] 
Configuration path: ?

[2025-05-11 21:20:02 #3 type] 
Type domain.Sesion is not enhanced.

[2025-05-11 21:20:02 #4 type] 
Type domain.Reserva is not enhanced.

[2025-05-11 21:20:02 #5 type] 
Type domain.Socio is not enhanced.

[2025-05-11 21:20:02 #6 type] 
Type domain.Actividad is not enhanced.

[2025-05-11 21:20:02 #7 type] 
Type domain.Sala is not enhanced.

[2025-05-11 21:20:02 #8 type] 
Type domain.Factura is not enhanced.

[2025-05-11 21:20:02 #9 store] 
Database 'C:\Users\gaizk\Desktop\SI1\Workspace\PROJECTO\America.odb' is closed by 9740@Gaizka

------------------------------------------------------------------------------------------------------------------------

[2025-05-11 21:20:13 #1 store] 
Database 'C:\Users\gaizk\Desktop\SI1\Workspace\PROJECTO\America.odb' is opened by 15676@Gaizka

[2025-05-11 21:20:13 #2 store] 
Configuration path: ?

[2025-05-11 21:20:13 #3 type] 
Type domain.Sesion is not enhanced.

[2025-05-11 21:20:13 #4 type] 
Type domain.Reserva is not enhanced.

[2025-05-11 21:20:13 #5 type] 
Type domain.Socio is not enhanced.

[2025-05-11 21:20:13 #6 type] 
Type domain.Actividad is not enhanced.

[2025-05-11 21:20:13 #7 type] 
Type domain.Sala is not enhanced.

[2025-05-11 21:20:13 #8 type] 
Type domain.Factura is not enhanced.

------------------------------------------------------------------------------------------------------------------------

[2025-05-11 21:20:25 #1 store] 
Database 'C:\Users\gaizk\Desktop\SI1\Workspace\PROJECTO\America.odb' has been recovered (tr. 10-10)

[2025-05-11 21:20:25 #2 store] 
Database 'C:\Users\gaizk\Desktop\SI1\Workspace\PROJECTO\America.odb' is opened by 13260@Gaizka

[2025-05-11 21:20:25 #3 store] 
Configuration path: ?

[2025-05-11 21:20:25 #4 type] 
Type domain.Sesion is not enhanced.

[2025-05-11 21:20:25 #5 type] 
Type domain.Reserva is not enhanced.

[2025-05-11 21:20:25 #6 type] 
Type domain.Socio is not enhanced.

[2025-05-11 21:20:25 #7 type] 
Type domain.Actividad is not enhanced.

[2025-05-11 21:20:25 #8 type] 
Type domain.Sala is not enhanced.

[2025-05-11 21:20:25 #9 type] 
Type domain.Factura is not enhanced.

[2025-05-11 21:20:25 #10 store] 
Database 'C:\Users\gaizk\Desktop\SI1\Workspace\PROJECTO\America.odb' is closed by 13260@Gaizka

------------------------------------------------------------------------------------------------------------------------

[2025-05-11 21:20:31 #1 store] 
Database 'C:\Users\gaizk\Desktop\SI1\Workspace\PROJECTO\America.odb' is opened by 12452@Gaizka

[2025-05-11 21:20:31 #2 store] 
Configuration path: ?

[2025-05-11 21:20:31 #3 type] 
Type domain.Sesion is not enhanced.

[2025-05-11 21:20:31 #4 type] 
Type domain.Reserva is not enhanced.

[2025-05-11 21:20:31 #5 type] 
Type domain.Socio is not enhanced.

[2025-05-11 21:20:31 #6 type] 
Type domain.Actividad is not enhanced.

[2025-05-11 21:20:31 #7 type] 
Type domain.Sala is not enhanced.

[2025-05-11 21:20:31 #8 type] 
Type domain.Factura is not enhanced.

------------------------------------------------------------------------------------------------------------------------

[2025-05-11 21:20:37 #1 store] 
Database 'C:\Users\gaizk\Desktop\SI1\Workspace\PROJECTO\America.odb' has been recovered (tr. 11-11)

[2025-05-11 21:20:37 #2 store] 
Database 'C:\Users\gaizk\Desktop\SI1\Workspace\PROJECTO\America.odb' is opened by 2748@Gaizka

[2025-05-11 21:20:37 #3 store] 
Configuration path: ?

[2025-05-11 21:20:38 #4 type] 
Type domain.Sesion is not enhanced.

[2025-05-11 21:20:38 #5 type] 
Type domain.Reserva is not enhanced.

[2025-05-11 21:20:38 #6 type] 
Type domain.Socio is not enhanced.

[2025-05-11 21:20:38 #7 type] 
Type domain.Actividad is not enhanced.

[2025-05-11 21:20:38 #8 type] 
Type domain.Sala is not enhanced.

[2025-05-11 21:20:38 #9 type] 
Type domain.Factura is not enhanced.

[2025-05-11 21:20:38 #10 store] 
Database 'C:\Users\gaizk\Desktop\SI1\Workspace\PROJECTO\America.odb' is closed by 2748@Gaizka

------------------------------------------------------------------------------------------------------------------------

[2025-05-11 21:41:53 #1 store] 
Database 'C:\Users\gaizk\Desktop\SI1\Workspace\PROJECTO\America.odb' is opened by 9080@Gaizka

[2025-05-11 21:41:53 #2 store] 
Configuration path: ?

[2025-05-11 21:41:54 #3 type] 
Type domain.Sala is not enhanced.

[2025-05-11 21:41:54 #4 type] 
Type domain.Sesion is not enhanced.

[2025-05-11 21:41:54 #5 type] 
Type domain.Reserva is not enhanced.

[2025-05-11 21:41:54 #6 type] 
Type domain.Socio is not enhanced.

[2025-05-11 21:41:54 #7 type] 
Type domain.Actividad is not enhanced.

[2025-05-11 21:41:54 #8 type] 
Type domain.Factura is not enhanced.

[2025-05-11 21:41:54 #9 store] 
Database 'C:\Users\gaizk\Desktop\SI1\Workspace\PROJECTO\America.odb' is closed by 9080@Gaizka

------------------------------------------------------------------------------------------------------------------------

[2025-05-11 21:42:12 #1 store] 
Database 'C:\Users\gaizk\Desktop\SI1\Workspace\PROJECTO\America.odb' is opened by 364@Gaizka

[2025-05-11 21:42:12 #2 store] 
Configuration path: ?

[2025-05-11 21:42:12 #3 type] 
Type domain.Sala is not enhanced.

[2025-05-11 21:42:12 #4 type] 
Type domain.Sesion is not enhanced.

[2025-05-11 21:42:12 #5 type] 
Type domain.Reserva is not enhanced.

[2025-05-11 21:42:12 #6 type] 
Type domain.Socio is not enhanced.

[2025-05-11 21:42:12 #7 type] 
Type domain.Actividad is not enhanced.

[2025-05-11 21:42:12 #8 type] 
Type domain.Factura is not enhanced.

[2025-05-11 21:42:12 #9 store] 
Database 'C:\Users\gaizk\Desktop\SI1\Workspace\PROJECTO\America.odb' is closed by 364@Gaizka

------------------------------------------------------------------------------------------------------------------------

[2025-05-11 21:42:15 #1 store] 
Database 'C:\Users\gaizk\Desktop\SI1\Workspace\PROJECTO\America.odb' is opened by 4000@Gaizka

[2025-05-11 21:42:15 #2 store] 
Configuration path: ?

[2025-05-11 21:42:15 #3 type] 
Type domain.Sala is not enhanced.

[2025-05-11 21:42:15 #4 type] 
Type domain.Sesion is not enhanced.

[2025-05-11 21:42:15 #5 type] 
Type domain.Reserva is not enhanced.

[2025-05-11 21:42:15 #6 type] 
Type domain.Socio is not enhanced.

[2025-05-11 21:42:15 #7 type] 
Type domain.Actividad is not enhanced.

[2025-05-11 21:42:15 #8 type] 
Type domain.Factura is not enhanced.

------------------------------------------------------------------------------------------------------------------------

[2025-05-11 21:44:12 #1 store] 
Database 'C:\Users\gaizk\Desktop\SI1\Workspace\PROJECTO\America.odb' has been recovered (tr. 8-8)

[2025-05-11 21:44:12 #2 store] 
Database 'C:\Users\gaizk\Desktop\SI1\Workspace\PROJECTO\America.odb' is opened by 4328@Gaizka

[2025-05-11 21:44:12 #3 store] 
Configuration path: ?

[2025-05-11 21:44:12 #4 type] 
Type domain.Sala is not enhanced.

[2025-05-11 21:44:12 #5 type] 
Type domain.Sesion is not enhanced.

[2025-05-11 21:44:12 #6 type] 
Type domain.Reserva is not enhanced.

[2025-05-11 21:44:12 #7 type] 
Type domain.Socio is not enhanced.

[2025-05-11 21:44:12 #8 type] 
Type domain.Actividad is not enhanced.

[2025-05-11 21:44:12 #9 type] 
Type domain.Factura is not enhanced.

------------------------------------------------------------------------------------------------------------------------

[2025-05-11 21:45:35 #1 store] 
Database 'C:\Users\gaizk\Desktop\SI1\Workspace\PROJECTO\America.odb' has been recovered (tr. 9-9)

[2025-05-11 21:45:35 #2 store] 
Database 'C:\Users\gaizk\Desktop\SI1\Workspace\PROJECTO\America.odb' is opened by 16220@Gaizka

[2025-05-11 21:45:35 #3 store] 
Configuration path: ?

[2025-05-11 21:45:35 #4 type] 
Type domain.Sala is not enhanced.

[2025-05-11 21:45:35 #5 type] 
Type domain.Sesion is not enhanced.

[2025-05-11 21:45:35 #6 type] 
Type domain.Reserva is not enhanced.

[2025-05-11 21:45:35 #7 type] 
Type domain.Socio is not enhanced.

[2025-05-11 21:45:35 #8 type] 
Type domain.Actividad is not enhanced.

[2025-05-11 21:45:35 #9 type] 
Type domain.Factura is not enhanced.

[2025-05-11 21:45:35 #10 store] 
Database 'C:\Users\gaizk\Desktop\SI1\Workspace\PROJECTO\America.odb' is closed by 16220@Gaizka

------------------------------------------------------------------------------------------------------------------------

[2025-05-11 21:46:28 #1 store] 
Database 'C:\Users\gaizk\Desktop\SI1\Workspace\PROJECTO\America.odb' is opened by 13656@Gaizka

[2025-05-11 21:46:28 #2 store] 
Configuration path: ?

[2025-05-11 21:46:28 #3 type] 
Type domain.Sala is not enhanced.

[2025-05-11 21:46:28 #4 type] 
Type domain.Sesion is not enhanced.

[2025-05-11 21:46:28 #5 type] 
Type domain.Reserva is not enhanced.

[2025-05-11 21:46:28 #6 type] 
Type domain.Socio is not enhanced.

[2025-05-11 21:46:28 #7 type] 
Type domain.Actividad is not enhanced.

[2025-05-11 21:46:28 #8 type] 
Type domain.Factura is not enhanced.

[2025-05-11 21:46:28 #9 store] 
Database 'C:\Users\gaizk\Desktop\SI1\Workspace\PROJECTO\America.odb' is closed by 13656@Gaizka

------------------------------------------------------------------------------------------------------------------------

[2025-05-11 22:06:29 #1 store] 
Database 'C:\Users\gaizk\Desktop\SI1\Workspace\PROJECTO\America.odb' is opened by 11656@Gaizka

[2025-05-11 22:06:29 #2 store] 
Configuration path: ?

[2025-05-11 22:06:29 #3 type] 
Type domain.Sala is not enhanced.

[2025-05-11 22:06:29 #4 type] 
Type domain.Sesion is not enhanced.

[2025-05-11 22:06:29 #5 type] 
Type domain.Reserva is not enhanced.

[2025-05-11 22:06:29 #6 type] 
Type domain.Socio is not enhanced.

[2025-05-11 22:06:29 #7 type] 
Type domain.Actividad is not enhanced.

[2025-05-11 22:06:29 #8 type] 
Type domain.Factura is not enhanced.

[2025-05-11 22:06:29 #9 store] 
Database 'C:\Users\gaizk\Desktop\SI1\Workspace\PROJECTO\America.odb' is closed by 11656@Gaizka

------------------------------------------------------------------------------------------------------------------------

[2025-05-11 22:06:43 #1 store] 
Database 'C:\Users\gaizk\Desktop\SI1\Workspace\PROJECTO\America.odb' is opened by 12964@Gaizka

[2025-05-11 22:06:43 #2 store] 
Configuration path: ?

[2025-05-11 22:06:43 #3 type] 
Type domain.Sala is not enhanced.

[2025-05-11 22:06:43 #4 type] 
Type domain.Sesion is not enhanced.

[2025-05-11 22:06:43 #5 type] 
Type domain.Reserva is not enhanced.

[2025-05-11 22:06:43 #6 type] 
Type domain.Socio is not enhanced.

[2025-05-11 22:06:43 #7 type] 
Type domain.Actividad is not enhanced.

[2025-05-11 22:06:43 #8 type] 
Type domain.Factura is not enhanced.

[2025-05-11 22:06:43 #9 store] 
Database 'C:\Users\gaizk\Desktop\SI1\Workspace\PROJECTO\America.odb' is closed by 12964@Gaizka

------------------------------------------------------------------------------------------------------------------------

[2025-05-11 22:06:49 #1 store] 
Database 'C:\Users\gaizk\Desktop\SI1\Workspace\PROJECTO\America.odb' is opened by 11732@Gaizka

[2025-05-11 22:06:49 #2 store] 
Configuration path: ?

[2025-05-11 22:06:50 #3 type] 
Type domain.Sala is not enhanced.

[2025-05-11 22:06:50 #4 type] 
Type domain.Sesion is not enhanced.

[2025-05-11 22:06:50 #5 type] 
Type domain.Reserva is not enhanced.

[2025-05-11 22:06:50 #6 type] 
Type domain.Socio is not enhanced.

[2025-05-11 22:06:50 #7 type] 
Type domain.Actividad is not enhanced.

[2025-05-11 22:06:50 #8 type] 
Type domain.Factura is not enhanced.

[2025-05-11 22:06:50 #9 store] 
Database 'C:\Users\gaizk\Desktop\SI1\Workspace\PROJECTO\America.odb' is closed by 11732@Gaizka

------------------------------------------------------------------------------------------------------------------------

[2025-05-11 22:06:53 #1 store] 
Database 'C:\Users\gaizk\Desktop\SI1\Workspace\PROJECTO\America.odb' is opened by 15832@Gaizka

[2025-05-11 22:06:53 #2 store] 
Configuration path: ?

[2025-05-11 22:06:53 #3 type] 
Type domain.Sala is not enhanced.

[2025-05-11 22:06:53 #4 type] 
Type domain.Sesion is not enhanced.

[2025-05-11 22:06:53 #5 type] 
Type domain.Reserva is not enhanced.

[2025-05-11 22:06:53 #6 type] 
Type domain.Socio is not enhanced.

[2025-05-11 22:06:53 #7 type] 
Type domain.Actividad is not enhanced.

[2025-05-11 22:06:53 #8 type] 
Type domain.Factura is not enhanced.

------------------------------------------------------------------------------------------------------------------------

[2025-05-11 22:10:10 #1 store] 
Database 'C:\Users\gaizk\Desktop\SI1\Workspace\PROJECTO\America.odb' has been recovered (tr. 8-8)

[2025-05-11 22:10:10 #2 store] 
Database 'C:\Users\gaizk\Desktop\SI1\Workspace\PROJECTO\America.odb' is opened by 12940@Gaizka

[2025-05-11 22:10:10 #3 store] 
Configuration path: ?

[2025-05-11 22:10:10 #4 type] 
Type domain.Sala is not enhanced.

[2025-05-11 22:10:10 #5 type] 
Type domain.Sesion is not enhanced.

[2025-05-11 22:10:10 #6 type] 
Type domain.Reserva is not enhanced.

[2025-05-11 22:10:10 #7 type] 
Type domain.Socio is not enhanced.

[2025-05-11 22:10:10 #8 type] 
Type domain.Actividad is not enhanced.

[2025-05-11 22:10:10 #9 type] 
Type domain.Factura is not enhanced.

[2025-05-11 22:10:10 #10 store] 
Database 'C:\Users\gaizk\Desktop\SI1\Workspace\PROJECTO\America.odb' is closed by 12940@Gaizka

