------------------------------------------------------------------------------------------------------------------------

[2025-05-07 11:18:42 #1 store] 
Database 'C:\Users\gaizk\Desktop\SI1\Workspace\PROJECTO\America.odb' is opened by 8756@Gaizka

[2025-05-07 11:18:42 #2 store] 
Configuration path: ?

[2025-05-07 11:18:43 #3 type] 
Type domain.Sala is not enhanced.

[2025-05-07 11:18:43 #4 type] 
Type domain.Sesion is not enhanced.

[2025-05-07 11:18:43 #5 type] 
Type domain.Reserva is not enhanced.

[2025-05-07 11:18:43 #6 type] 
Type domain.Socio is not enhanced.

[2025-05-07 11:18:43 #7 type] 
Type domain.Actividad is not enhanced.

[2025-05-07 11:18:43 #8 type] 
Type domain.Factura is not enhanced.

------------------------------------------------------------------------------------------------------------------------

[2025-05-07 11:22:27 #1 store] 
Database 'C:\Users\gaizk\Desktop\SI1\Workspace\PROJECTO\America.odb' is opened by 4916@Gaizka

[2025-05-07 11:22:27 #2 store] 
Configuration path: ?

[2025-05-07 11:22:27 #3 type] 
Type domain.Sala is not enhanced.

[2025-05-07 11:22:27 #4 type] 
Type domain.Sesion is not enhanced.

[2025-05-07 11:22:27 #5 type] 
Type domain.Reserva is not enhanced.

[2025-05-07 11:22:27 #6 type] 
Type domain.Socio is not enhanced.

[2025-05-07 11:22:27 #7 type] 
Type domain.Actividad is not enhanced.

[2025-05-07 11:22:27 #8 type] 
Type domain.Factura is not enhanced.

------------------------------------------------------------------------------------------------------------------------

[2025-05-07 11:23:08 #1 store] 
Database 'C:\Users\gaizk\Desktop\SI1\Workspace\PROJECTO\America.odb' is opened by 9096@Gaizka

[2025-05-07 11:23:08 #2 store] 
Configuration path: ?

[2025-05-07 11:23:08 #3 type] 
Type domain.Sala is not enhanced.

[2025-05-07 11:23:08 #4 type] 
Type domain.Sesion is not enhanced.

[2025-05-07 11:23:08 #5 type] 
Type domain.Reserva is not enhanced.

[2025-05-07 11:23:08 #6 type] 
Type domain.Socio is not enhanced.

[2025-05-07 11:23:08 #7 type] 
Type domain.Actividad is not enhanced.

[2025-05-07 11:23:08 #8 type] 
Type domain.Factura is not enhanced.

------------------------------------------------------------------------------------------------------------------------

[2025-05-07 11:37:36 #1 store] 
Database 'C:\Users\gaizk\Desktop\SI1\Workspace\PROJECTO\America.odb' is opened by 4264@Gaizka

[2025-05-07 11:37:36 #2 store] 
Configuration path: ?

[2025-05-07 11:37:36 #3 type] 
Type domain.Sala is not enhanced.

[2025-05-07 11:37:36 #4 type] 
Type domain.Sesion is not enhanced.

[2025-05-07 11:37:36 #5 type] 
Type domain.Reserva is not enhanced.

[2025-05-07 11:37:36 #6 type] 
Type domain.Socio is not enhanced.

[2025-05-07 11:37:36 #7 type] 
Type domain.Actividad is not enhanced.

[2025-05-07 11:37:36 #8 type] 
Type domain.Factura is not enhanced.

------------------------------------------------------------------------------------------------------------------------

[2025-05-07 11:38:10 #1 store] 
Database 'C:\Users\gaizk\Desktop\SI1\Workspace\PROJECTO\America.odb' is opened by 10796@Gaizka

[2025-05-07 11:38:10 #2 store] 
Configuration path: ?

[2025-05-07 11:38:11 #3 type] 
Type domain.Sala is not enhanced.

[2025-05-07 11:38:11 #4 type] 
Type domain.Sesion is not enhanced.

[2025-05-07 11:38:11 #5 type] 
Type domain.Reserva is not enhanced.

[2025-05-07 11:38:11 #6 type] 
Type domain.Socio is not enhanced.

[2025-05-07 11:38:11 #7 type] 
Type domain.Actividad is not enhanced.

[2025-05-07 11:38:11 #8 type] 
Type domain.Factura is not enhanced.

------------------------------------------------------------------------------------------------------------------------

[2025-05-07 11:44:23 #1 store] 
Database 'C:\Users\gaizk\Desktop\SI1\Workspace\PROJECTO\America.odb' is opened by 7180@Gaizka

[2025-05-07 11:44:23 #2 store] 
Configuration path: ?

[2025-05-07 11:44:23 #3 type] 
Type domain.Sala is not enhanced.

[2025-05-07 11:44:23 #4 type] 
Type domain.Sesion is not enhanced.

[2025-05-07 11:44:23 #5 type] 
Type domain.Reserva is not enhanced.

[2025-05-07 11:44:23 #6 type] 
Type domain.Socio is not enhanced.

[2025-05-07 11:44:23 #7 type] 
Type domain.Actividad is not enhanced.

[2025-05-07 11:44:23 #8 type] 
Type domain.Factura is not enhanced.

------------------------------------------------------------------------------------------------------------------------

[2025-05-07 11:50:24 #1 store] 
Database 'C:\Users\gaizk\Desktop\SI1\Workspace\PROJECTO\America.odb' is opened by 8472@Gaizka

[2025-05-07 11:50:24 #2 store] 
Configuration path: ?

[2025-05-07 11:50:25 #3 type] 
Type domain.Sala is not enhanced.

[2025-05-07 11:50:25 #4 type] 
Type domain.Sesion is not enhanced.

[2025-05-07 11:50:25 #5 type] 
Type domain.Reserva is not enhanced.

[2025-05-07 11:50:25 #6 type] 
Type domain.Socio is not enhanced.

[2025-05-07 11:50:25 #7 type] 
Type domain.Actividad is not enhanced.

[2025-05-07 11:50:25 #8 type] 
Type domain.Factura is not enhanced.

------------------------------------------------------------------------------------------------------------------------

[2025-05-07 12:07:37 #1 store] 
Database 'C:\Users\gaizk\Desktop\SI1\Workspace\PROJECTO\America.odb' is opened by 10340@Gaizka

[2025-05-07 12:07:37 #2 store] 
Configuration path: ?

[2025-05-07 12:07:38 #3 type] 
Type domain.Sala is not enhanced.

[2025-05-07 12:07:38 #4 type] 
Type domain.Sesion is not enhanced.

[2025-05-07 12:07:38 #5 type] 
Type domain.Reserva is not enhanced.

[2025-05-07 12:07:38 #6 type] 
Type domain.Socio is not enhanced.

[2025-05-07 12:07:38 #7 type] 
Type domain.Actividad is not enhanced.

[2025-05-07 12:07:38 #8 type] 
Type domain.Factura is not enhanced.

[2025-05-07 12:07:38 #9 store] 
Database 'C:\Users\gaizk\Desktop\SI1\Workspace\PROJECTO\America.odb' is closed by 10340@Gaizka

------------------------------------------------------------------------------------------------------------------------

[2025-05-07 12:08:16 #1 store] 
Database 'C:\Users\gaizk\Desktop\SI1\Workspace\PROJECTO\America.odb' is opened by 6688@Gaizka

[2025-05-07 12:08:16 #2 store] 
Configuration path: ?

[2025-05-07 12:08:16 #3 type] 
Type domain.Sala is not enhanced.

[2025-05-07 12:08:16 #4 type] 
Type domain.Sesion is not enhanced.

[2025-05-07 12:08:16 #5 type] 
Type domain.Reserva is not enhanced.

[2025-05-07 12:08:16 #6 type] 
Type domain.Socio is not enhanced.

[2025-05-07 12:08:16 #7 type] 
Type domain.Actividad is not enhanced.

[2025-05-07 12:08:16 #8 type] 
Type domain.Factura is not enhanced.

[2025-05-07 12:08:16 #9 store] 
Database 'C:\Users\gaizk\Desktop\SI1\Workspace\PROJECTO\America.odb' is closed by 6688@Gaizka

------------------------------------------------------------------------------------------------------------------------

[2025-05-07 12:08:36 #1 store] 
Database 'C:\Users\gaizk\Desktop\SI1\Workspace\PROJECTO\America.odb' is opened by 4368@Gaizka

[2025-05-07 12:08:36 #2 store] 
Configuration path: ?

[2025-05-07 12:08:36 #3 type] 
Type domain.Sala is not enhanced.

[2025-05-07 12:08:36 #4 type] 
Type domain.Sesion is not enhanced.

[2025-05-07 12:08:36 #5 type] 
Type domain.Reserva is not enhanced.

[2025-05-07 12:08:36 #6 type] 
Type domain.Socio is not enhanced.

[2025-05-07 12:08:36 #7 type] 
Type domain.Actividad is not enhanced.

[2025-05-07 12:08:36 #8 type] 
Type domain.Factura is not enhanced.

------------------------------------------------------------------------------------------------------------------------

[2025-05-07 12:12:31 #1 store] 
Database 'C:\Users\gaizk\Desktop\SI1\Workspace\PROJECTO\America.odb' is opened by 12104@Gaizka

[2025-05-07 12:12:31 #2 store] 
Configuration path: ?

[2025-05-07 12:12:31 #3 type] 
Type domain.Sala is not enhanced.

[2025-05-07 12:12:31 #4 type] 
Type domain.Sesion is not enhanced.

[2025-05-07 12:12:31 #5 type] 
Type domain.Reserva is not enhanced.

[2025-05-07 12:12:32 #6 type] 
Type domain.Socio is not enhanced.

[2025-05-07 12:12:32 #7 type] 
Type domain.Actividad is not enhanced.

[2025-05-07 12:12:32 #8 type] 
Type domain.Factura is not enhanced.

[2025-05-07 12:12:32 #9 store] 
Database 'C:\Users\gaizk\Desktop\SI1\Workspace\PROJECTO\America.odb' is closed by 12104@Gaizka

------------------------------------------------------------------------------------------------------------------------

[2025-05-07 12:12:46 #1 store] 
Database 'C:\Users\gaizk\Desktop\SI1\Workspace\PROJECTO\America.odb' is opened by 2176@Gaizka

[2025-05-07 12:12:46 #2 store] 
Configuration path: ?

[2025-05-07 12:12:46 #3 type] 
Type domain.Sala is not enhanced.

[2025-05-07 12:12:46 #4 type] 
Type domain.Sesion is not enhanced.

[2025-05-07 12:12:46 #5 type] 
Type domain.Reserva is not enhanced.

[2025-05-07 12:12:46 #6 type] 
Type domain.Socio is not enhanced.

[2025-05-07 12:12:46 #7 type] 
Type domain.Actividad is not enhanced.

[2025-05-07 12:12:46 #8 type] 
Type domain.Factura is not enhanced.

------------------------------------------------------------------------------------------------------------------------

[2025-05-07 12:18:15 #1 store] 
Database 'C:\Users\gaizk\Desktop\SI1\Workspace\PROJECTO\America.odb' is opened by 7964@Gaizka

[2025-05-07 12:18:15 #2 store] 
Configuration path: ?

[2025-05-07 12:18:15 #3 type] 
Type domain.Sala is not enhanced.

[2025-05-07 12:18:15 #4 type] 
Type domain.Sesion is not enhanced.

[2025-05-07 12:18:15 #5 type] 
Type domain.Reserva is not enhanced.

[2025-05-07 12:18:15 #6 type] 
Type domain.Socio is not enhanced.

[2025-05-07 12:18:15 #7 type] 
Type domain.Actividad is not enhanced.

[2025-05-07 12:18:15 #8 type] 
Type domain.Factura is not enhanced.

[2025-05-07 12:18:15 #9 store] 
Database 'C:\Users\gaizk\Desktop\SI1\Workspace\PROJECTO\America.odb' is closed by 7964@Gaizka

------------------------------------------------------------------------------------------------------------------------

[2025-05-07 12:18:24 #1 store] 
Database 'C:\Users\gaizk\Desktop\SI1\Workspace\PROJECTO\America.odb' is opened by 2980@Gaizka

[2025-05-07 12:18:24 #2 store] 
Configuration path: ?

[2025-05-07 12:18:25 #3 type] 
Type domain.Sala is not enhanced.

[2025-05-07 12:18:25 #4 type] 
Type domain.Sesion is not enhanced.

[2025-05-07 12:18:25 #5 type] 
Type domain.Reserva is not enhanced.

[2025-05-07 12:18:25 #6 type] 
Type domain.Socio is not enhanced.

[2025-05-07 12:18:25 #7 type] 
Type domain.Actividad is not enhanced.

[2025-05-07 12:18:25 #8 type] 
Type domain.Factura is not enhanced.

------------------------------------------------------------------------------------------------------------------------

[2025-05-07 12:24:23 #1 store] 
Database 'C:\Users\gaizk\Desktop\SI1\Workspace\PROJECTO\America.odb' is opened by 11184@Gaizka

[2025-05-07 12:24:23 #2 store] 
Configuration path: ?

[2025-05-07 12:24:24 #3 type] 
Type domain.Sala is not enhanced.

[2025-05-07 12:24:24 #4 type] 
Type domain.Sesion is not enhanced.

[2025-05-07 12:24:24 #5 type] 
Type domain.Reserva is not enhanced.

[2025-05-07 12:24:24 #6 type] 
Type domain.Socio is not enhanced.

[2025-05-07 12:24:24 #7 type] 
Type domain.Actividad is not enhanced.

[2025-05-07 12:24:24 #8 type] 
Type domain.Factura is not enhanced.

[2025-05-07 12:24:24 #9 store] 
Database 'C:\Users\gaizk\Desktop\SI1\Workspace\PROJECTO\America.odb' is closed by 11184@Gaizka

------------------------------------------------------------------------------------------------------------------------

[2025-05-07 12:24:47 #1 store] 
Database 'C:\Users\gaizk\Desktop\SI1\Workspace\PROJECTO\America.odb' is opened by 7720@Gaizka

[2025-05-07 12:24:47 #2 store] 
Configuration path: ?

[2025-05-07 12:24:47 #3 type] 
Type domain.Sala is not enhanced.

[2025-05-07 12:24:47 #4 type] 
Type domain.Sesion is not enhanced.

[2025-05-07 12:24:47 #5 type] 
Type domain.Reserva is not enhanced.

[2025-05-07 12:24:47 #6 type] 
Type domain.Socio is not enhanced.

[2025-05-07 12:24:47 #7 type] 
Type domain.Actividad is not enhanced.

[2025-05-07 12:24:47 #8 type] 
Type domain.Factura is not enhanced.

------------------------------------------------------------------------------------------------------------------------

[2025-05-07 17:57:39 #1 store] 
Database 'C:\Users\gaizk\Desktop\SI1\Workspace\PROJECTO\America.odb' is opened by 13764@Gaizka

[2025-05-07 17:57:39 #2 store] 
Configuration path: ?

[2025-05-07 17:57:39 #3 type] 
Type domain.Sala is not enhanced.

[2025-05-07 17:57:39 #4 type] 
Type domain.Sesion is not enhanced.

[2025-05-07 17:57:39 #5 type] 
Type domain.Reserva is not enhanced.

[2025-05-07 17:57:39 #6 type] 
Type domain.Socio is not enhanced.

[2025-05-07 17:57:39 #7 type] 
Type domain.Actividad is not enhanced.

[2025-05-07 17:57:39 #8 type] 
Type domain.Factura is not enhanced.

[2025-05-07 17:57:39 #9 store] 
Database 'C:\Users\gaizk\Desktop\SI1\Workspace\PROJECTO\America.odb' is closed by 13764@Gaizka

------------------------------------------------------------------------------------------------------------------------

[2025-05-07 17:57:54 #1 store] 
Database 'C:\Users\gaizk\Desktop\SI1\Workspace\PROJECTO\America.odb' is opened by 10472@Gaizka

[2025-05-07 17:57:54 #2 store] 
Configuration path: ?

[2025-05-07 17:57:54 #3 type] 
Type domain.Sala is not enhanced.

[2025-05-07 17:57:54 #4 type] 
Type domain.Sesion is not enhanced.

[2025-05-07 17:57:54 #5 type] 
Type domain.Reserva is not enhanced.

[2025-05-07 17:57:54 #6 type] 
Type domain.Socio is not enhanced.

[2025-05-07 17:57:54 #7 type] 
Type domain.Actividad is not enhanced.

[2025-05-07 17:57:54 #8 type] 
Type domain.Factura is not enhanced.

------------------------------------------------------------------------------------------------------------------------

[2025-05-07 17:58:32 #1 store] 
Database 'C:\Users\gaizk\Desktop\SI1\Workspace\PROJECTO\America.odb' is opened by 12900@Gaizka

[2025-05-07 17:58:32 #2 store] 
Configuration path: ?

[2025-05-07 17:58:32 #3 type] 
Type domain.Sala is not enhanced.

[2025-05-07 17:58:32 #4 type] 
Type domain.Sesion is not enhanced.

[2025-05-07 17:58:32 #5 type] 
Type domain.Reserva is not enhanced.

[2025-05-07 17:58:32 #6 type] 
Type domain.Socio is not enhanced.

[2025-05-07 17:58:32 #7 type] 
Type domain.Actividad is not enhanced.

[2025-05-07 17:58:32 #8 type] 
Type domain.Factura is not enhanced.

------------------------------------------------------------------------------------------------------------------------

[2025-05-07 18:09:25 #1 store] 
Database 'C:\Users\gaizk\Desktop\SI1\Workspace\PROJECTO\America.odb' is opened by 1252@Gaizka

[2025-05-07 18:09:25 #2 store] 
Configuration path: ?

[2025-05-07 18:09:25 #3 type] 
Type domain.Sala is not enhanced.

[2025-05-07 18:09:25 #4 type] 
Type domain.Sesion is not enhanced.

[2025-05-07 18:09:25 #5 type] 
Type domain.Reserva is not enhanced.

[2025-05-07 18:09:25 #6 type] 
Type domain.Socio is not enhanced.

[2025-05-07 18:09:25 #7 type] 
Type domain.Actividad is not enhanced.

[2025-05-07 18:09:25 #8 type] 
Type domain.Factura is not enhanced.

[2025-05-07 18:09:26 #9 store] 
Database 'C:\Users\gaizk\Desktop\SI1\Workspace\PROJECTO\America.odb' is closed by 1252@Gaizka

------------------------------------------------------------------------------------------------------------------------

[2025-05-07 18:09:38 #1 store] 
Database 'C:\Users\gaizk\Desktop\SI1\Workspace\PROJECTO\America.odb' is opened by 3792@Gaizka

[2025-05-07 18:09:38 #2 store] 
Configuration path: ?

[2025-05-07 18:09:38 #3 type] 
Type domain.Sala is not enhanced.

[2025-05-07 18:09:38 #4 type] 
Type domain.Sesion is not enhanced.

[2025-05-07 18:09:38 #5 type] 
Type domain.Reserva is not enhanced.

[2025-05-07 18:09:38 #6 type] 
Type domain.Socio is not enhanced.

[2025-05-07 18:09:38 #7 type] 
Type domain.Actividad is not enhanced.

[2025-05-07 18:09:38 #8 type] 
Type domain.Factura is not enhanced.

------------------------------------------------------------------------------------------------------------------------

[2025-05-07 18:10:06 #1 store] 
Database 'C:\Users\gaizk\Desktop\SI1\Workspace\PROJECTO\America.odb' is opened by 14748@Gaizka

[2025-05-07 18:10:06 #2 store] 
Configuration path: ?

[2025-05-07 18:10:06 #3 type] 
Type domain.Sala is not enhanced.

[2025-05-07 18:10:06 #4 type] 
Type domain.Sesion is not enhanced.

[2025-05-07 18:10:06 #5 type] 
Type domain.Reserva is not enhanced.

[2025-05-07 18:10:06 #6 type] 
Type domain.Socio is not enhanced.

[2025-05-07 18:10:06 #7 type] 
Type domain.Actividad is not enhanced.

[2025-05-07 18:10:06 #8 type] 
Type domain.Factura is not enhanced.

------------------------------------------------------------------------------------------------------------------------

[2025-05-07 18:23:50 #1 store] 
Database 'C:\Users\gaizk\Desktop\SI1\Workspace\PROJECTO\America.odb' is opened by 11932@Gaizka

[2025-05-07 18:23:50 #2 store] 
Configuration path: ?

[2025-05-07 18:23:50 #3 type] 
Type domain.Sala is not enhanced.

[2025-05-07 18:23:50 #4 type] 
Type domain.Sesion is not enhanced.

[2025-05-07 18:23:50 #5 type] 
Type domain.Reserva is not enhanced.

[2025-05-07 18:23:50 #6 type] 
Type domain.Socio is not enhanced.

[2025-05-07 18:23:50 #7 type] 
Type domain.Actividad is not enhanced.

[2025-05-07 18:23:50 #8 type] 
Type domain.Factura is not enhanced.

------------------------------------------------------------------------------------------------------------------------

[2025-05-07 18:29:41 #1 store] 
Database 'C:\Users\gaizk\Desktop\SI1\Workspace\PROJECTO\America.odb' is opened by 14100@Gaizka

[2025-05-07 18:29:41 #2 store] 
Configuration path: ?

[2025-05-07 18:29:41 #3 type] 
Type domain.Sala is not enhanced.

[2025-05-07 18:29:41 #4 type] 
Type domain.Sesion is not enhanced.

[2025-05-07 18:29:41 #5 type] 
Type domain.Reserva is not enhanced.

[2025-05-07 18:29:41 #6 type] 
Type domain.Socio is not enhanced.

[2025-05-07 18:29:41 #7 type] 
Type domain.Actividad is not enhanced.

[2025-05-07 18:29:41 #8 type] 
Type domain.Factura is not enhanced.

[2025-05-07 18:29:41 #9 store] 
Database 'C:\Users\gaizk\Desktop\SI1\Workspace\PROJECTO\America.odb' is closed by 14100@Gaizka

------------------------------------------------------------------------------------------------------------------------

[2025-05-07 18:29:54 #1 store] 
Database 'C:\Users\gaizk\Desktop\SI1\Workspace\PROJECTO\America.odb' is opened by 4036@Gaizka

[2025-05-07 18:29:54 #2 store] 
Configuration path: ?

[2025-05-07 18:29:54 #3 type] 
Type domain.Sala is not enhanced.

[2025-05-07 18:29:54 #4 type] 
Type domain.Sesion is not enhanced.

[2025-05-07 18:29:54 #5 type] 
Type domain.Reserva is not enhanced.

[2025-05-07 18:29:54 #6 type] 
Type domain.Socio is not enhanced.

[2025-05-07 18:29:54 #7 type] 
Type domain.Actividad is not enhanced.

[2025-05-07 18:29:54 #8 type] 
Type domain.Factura is not enhanced.

------------------------------------------------------------------------------------------------------------------------

[2025-05-07 18:30:36 #1 store] 
Database 'C:\Users\gaizk\Desktop\SI1\Workspace\PROJECTO\America.odb' has been recovered (tr. 6-6)

[2025-05-07 18:30:36 #2 store] 
Database 'C:\Users\gaizk\Desktop\SI1\Workspace\PROJECTO\America.odb' is opened by 5104@Gaizka

[2025-05-07 18:30:36 #3 store] 
Configuration path: ?

[2025-05-07 18:30:36 #4 type] 
Type domain.Sala is not enhanced.

[2025-05-07 18:30:36 #5 type] 
Type domain.Sesion is not enhanced.

[2025-05-07 18:30:36 #6 type] 
Type domain.Reserva is not enhanced.

[2025-05-07 18:30:36 #7 type] 
Type domain.Socio is not enhanced.

[2025-05-07 18:30:36 #8 type] 
Type domain.Actividad is not enhanced.

[2025-05-07 18:30:36 #9 type] 
Type domain.Factura is not enhanced.

------------------------------------------------------------------------------------------------------------------------

[2025-05-07 18:39:28 #1 store] 
Database 'C:\Users\gaizk\Desktop\SI1\Workspace\PROJECTO\America.odb' is opened by 9844@Gaizka

[2025-05-07 18:39:28 #2 store] 
Configuration path: ?

[2025-05-07 18:39:28 #3 type] 
Type domain.Sala is not enhanced.

[2025-05-07 18:39:28 #4 type] 
Type domain.Sesion is not enhanced.

[2025-05-07 18:39:28 #5 type] 
Type domain.Reserva is not enhanced.

[2025-05-07 18:39:28 #6 type] 
Type domain.Socio is not enhanced.

[2025-05-07 18:39:28 #7 type] 
Type domain.Actividad is not enhanced.

[2025-05-07 18:39:28 #8 type] 
Type domain.Factura is not enhanced.

[2025-05-07 18:39:28 #9 store] 
Database 'C:\Users\gaizk\Desktop\SI1\Workspace\PROJECTO\America.odb' is closed by 9844@Gaizka

------------------------------------------------------------------------------------------------------------------------

[2025-05-07 18:39:47 #1 store] 
Database 'C:\Users\gaizk\Desktop\SI1\Workspace\PROJECTO\America.odb' is opened by 8240@Gaizka

[2025-05-07 18:39:47 #2 store] 
Configuration path: ?

[2025-05-07 18:39:47 #3 type] 
Type domain.Sala is not enhanced.

[2025-05-07 18:39:47 #4 type] 
Type domain.Sesion is not enhanced.

[2025-05-07 18:39:47 #5 type] 
Type domain.Reserva is not enhanced.

[2025-05-07 18:39:47 #6 type] 
Type domain.Socio is not enhanced.

[2025-05-07 18:39:47 #7 type] 
Type domain.Actividad is not enhanced.

[2025-05-07 18:39:47 #8 type] 
Type domain.Factura is not enhanced.

------------------------------------------------------------------------------------------------------------------------

[2025-05-07 18:42:11 #1 store] 
Database 'C:\Users\gaizk\Desktop\SI1\Workspace\PROJECTO\America.odb' is opened by 14316@Gaizka

[2025-05-07 18:42:11 #2 store] 
Configuration path: ?

[2025-05-07 18:42:11 #3 type] 
Type domain.Sala is not enhanced.

[2025-05-07 18:42:11 #4 type] 
Type domain.Sesion is not enhanced.

[2025-05-07 18:42:11 #5 type] 
Type domain.Reserva is not enhanced.

[2025-05-07 18:42:11 #6 type] 
Type domain.Socio is not enhanced.

[2025-05-07 18:42:11 #7 type] 
Type domain.Actividad is not enhanced.

[2025-05-07 18:42:11 #8 type] 
Type domain.Factura is not enhanced.

[2025-05-07 18:42:11 #9 store] 
Database 'C:\Users\gaizk\Desktop\SI1\Workspace\PROJECTO\America.odb' is closed by 14316@Gaizka

------------------------------------------------------------------------------------------------------------------------

[2025-05-07 18:42:26 #1 store] 
Database 'C:\Users\gaizk\Desktop\SI1\Workspace\PROJECTO\America.odb' is opened by 13676@Gaizka

[2025-05-07 18:42:26 #2 store] 
Configuration path: ?

[2025-05-07 18:42:26 #3 type] 
Type domain.Sala is not enhanced.

[2025-05-07 18:42:26 #4 type] 
Type domain.Sesion is not enhanced.

[2025-05-07 18:42:26 #5 type] 
Type domain.Reserva is not enhanced.

[2025-05-07 18:42:26 #6 type] 
Type domain.Socio is not enhanced.

[2025-05-07 18:42:26 #7 type] 
Type domain.Actividad is not enhanced.

[2025-05-07 18:42:26 #8 type] 
Type domain.Factura is not enhanced.

------------------------------------------------------------------------------------------------------------------------

[2025-05-07 18:45:25 #1 store] 
Database 'C:\Users\gaizk\Desktop\SI1\Workspace\PROJECTO\America.odb' is opened by 8240@Gaizka

[2025-05-07 18:45:25 #2 store] 
Configuration path: ?

[2025-05-07 18:45:25 #3 type] 
Type domain.Sala is not enhanced.

[2025-05-07 18:45:25 #4 type] 
Type domain.Sesion is not enhanced.

[2025-05-07 18:45:25 #5 type] 
Type domain.Reserva is not enhanced.

[2025-05-07 18:45:25 #6 type] 
Type domain.Socio is not enhanced.

[2025-05-07 18:45:25 #7 type] 
Type domain.Actividad is not enhanced.

[2025-05-07 18:45:25 #8 type] 
Type domain.Factura is not enhanced.

[2025-05-07 18:45:25 #9 store] 
Database 'C:\Users\gaizk\Desktop\SI1\Workspace\PROJECTO\America.odb' is closed by 8240@Gaizka

------------------------------------------------------------------------------------------------------------------------

[2025-05-07 18:46:35 #1 store] 
Database 'C:\Users\gaizk\Desktop\SI1\Workspace\PROJECTO\America.odb' is opened by 8748@Gaizka

[2025-05-07 18:46:35 #2 store] 
Configuration path: ?

[2025-05-07 18:46:35 #3 type] 
Type domain.Sala is not enhanced.

[2025-05-07 18:46:35 #4 type] 
Type domain.Sesion is not enhanced.

[2025-05-07 18:46:35 #5 type] 
Type domain.Reserva is not enhanced.

[2025-05-07 18:46:35 #6 type] 
Type domain.Socio is not enhanced.

[2025-05-07 18:46:35 #7 type] 
Type domain.Actividad is not enhanced.

[2025-05-07 18:46:35 #8 type] 
Type domain.Factura is not enhanced.

------------------------------------------------------------------------------------------------------------------------

[2025-05-07 18:47:25 #1 store] 
Database 'C:\Users\gaizk\Desktop\SI1\Workspace\PROJECTO\America.odb' is opened by 6852@Gaizka

[2025-05-07 18:47:25 #2 store] 
Configuration path: ?

[2025-05-07 18:47:25 #3 type] 
Type domain.Sala is not enhanced.

[2025-05-07 18:47:25 #4 type] 
Type domain.Sesion is not enhanced.

[2025-05-07 18:47:25 #5 type] 
Type domain.Reserva is not enhanced.

[2025-05-07 18:47:25 #6 type] 
Type domain.Socio is not enhanced.

[2025-05-07 18:47:25 #7 type] 
Type domain.Actividad is not enhanced.

[2025-05-07 18:47:25 #8 type] 
Type domain.Factura is not enhanced.

[2025-05-07 18:47:25 #9 store] 
Database 'C:\Users\gaizk\Desktop\SI1\Workspace\PROJECTO\America.odb' is closed by 6852@Gaizka

------------------------------------------------------------------------------------------------------------------------

[2025-05-07 18:47:33 #1 store] 
Database 'C:\Users\gaizk\Desktop\SI1\Workspace\PROJECTO\America.odb' is opened by 9772@Gaizka

[2025-05-07 18:47:33 #2 store] 
Configuration path: ?

[2025-05-07 18:47:33 #3 type] 
Type domain.Sala is not enhanced.

[2025-05-07 18:47:33 #4 type] 
Type domain.Sesion is not enhanced.

[2025-05-07 18:47:33 #5 type] 
Type domain.Reserva is not enhanced.

[2025-05-07 18:47:33 #6 type] 
Type domain.Socio is not enhanced.

[2025-05-07 18:47:33 #7 type] 
Type domain.Actividad is not enhanced.

[2025-05-07 18:47:33 #8 type] 
Type domain.Factura is not enhanced.

------------------------------------------------------------------------------------------------------------------------

[2025-05-07 19:01:25 #1 store] 
Database 'C:\Users\gaizk\Desktop\SI1\Workspace\PROJECTO\America.odb' is opened by 14328@Gaizka

[2025-05-07 19:01:25 #2 store] 
Configuration path: ?

[2025-05-07 19:01:25 #3 type] 
Type domain.Sala is not enhanced.

[2025-05-07 19:01:26 #4 type] 
Type domain.Sesion is not enhanced.

[2025-05-07 19:01:26 #5 type] 
Type domain.Reserva is not enhanced.

[2025-05-07 19:01:26 #6 type] 
Type domain.Socio is not enhanced.

[2025-05-07 19:01:26 #7 type] 
Type domain.Actividad is not enhanced.

[2025-05-07 19:01:26 #8 type] 
Type domain.Factura is not enhanced.

[2025-05-07 19:01:26 #9 store] 
Database 'C:\Users\gaizk\Desktop\SI1\Workspace\PROJECTO\America.odb' is closed by 14328@Gaizka

------------------------------------------------------------------------------------------------------------------------

[2025-05-07 19:03:02 #1 store] 
Database 'C:\Users\gaizk\Desktop\SI1\Workspace\PROJECTO\America.odb' is opened by 13308@Gaizka

[2025-05-07 19:03:02 #2 store] 
Configuration path: ?

[2025-05-07 19:03:02 #3 type] 
Type domain.Sala is not enhanced.

[2025-05-07 19:03:02 #4 type] 
Type domain.Sesion is not enhanced.

[2025-05-07 19:03:02 #5 type] 
Type domain.Reserva is not enhanced.

[2025-05-07 19:03:02 #6 type] 
Type domain.Socio is not enhanced.

[2025-05-07 19:03:02 #7 type] 
Type domain.Actividad is not enhanced.

[2025-05-07 19:03:02 #8 type] 
Type domain.Factura is not enhanced.

------------------------------------------------------------------------------------------------------------------------

[2025-05-07 19:05:24 #1 store] 
Database 'C:\Users\gaizk\Desktop\SI1\Workspace\PROJECTO\America.odb' is opened by 4548@Gaizka

[2025-05-07 19:05:24 #2 store] 
Configuration path: ?

[2025-05-07 19:05:24 #3 type] 
Type domain.Actividad is not enhanced.

[2025-05-07 19:05:24 #4 type] 
Type domain.Sesion is not enhanced.

[2025-05-07 19:05:24 #5 type] 
Type domain.Reserva is not enhanced.

[2025-05-07 19:05:24 #6 type] 
Type domain.Socio is not enhanced.

[2025-05-07 19:05:24 #7 type] 
Type domain.Sala is not enhanced.

[2025-05-07 19:05:24 #8 type] 
Type domain.Factura is not enhanced.

------------------------------------------------------------------------------------------------------------------------

[2025-05-07 19:08:53 #1 store] 
Database 'C:\Users\gaizk\Desktop\SI1\Workspace\PROJECTO\America.odb' has been recovered (tr. 1-3)

[2025-05-07 19:08:53 #2 store] 
Database 'C:\Users\gaizk\Desktop\SI1\Workspace\PROJECTO\America.odb' is opened by 14732@Gaizka

[2025-05-07 19:08:53 #3 store] 
Configuration path: ?

[2025-05-07 19:08:53 #4 type] 
Type domain.Actividad is not enhanced.

[2025-05-07 19:08:53 #5 type] 
Type domain.Sesion is not enhanced.

[2025-05-07 19:08:53 #6 type] 
Type domain.Reserva is not enhanced.

[2025-05-07 19:08:53 #7 type] 
Type domain.Socio is not enhanced.

[2025-05-07 19:08:53 #8 type] 
Type domain.Sala is not enhanced.

[2025-05-07 19:08:53 #9 type] 
Type domain.Factura is not enhanced.

------------------------------------------------------------------------------------------------------------------------

[2025-05-07 19:19:25 #1 store] 
Database 'C:\Users\gaizk\Desktop\SI1\Workspace\PROJECTO\America.odb' has been recovered (tr. 4-5)

[2025-05-07 19:19:25 #2 store] 
Database 'C:\Users\gaizk\Desktop\SI1\Workspace\PROJECTO\America.odb' is opened by 15296@Gaizka

[2025-05-07 19:19:25 #3 store] 
Configuration path: ?

[2025-05-07 19:19:25 #4 type] 
Type domain.Actividad is not enhanced.

[2025-05-07 19:19:25 #5 type] 
Type domain.Sesion is not enhanced.

[2025-05-07 19:19:25 #6 type] 
Type domain.Reserva is not enhanced.

[2025-05-07 19:19:25 #7 type] 
Type domain.Socio is not enhanced.

[2025-05-07 19:19:25 #8 type] 
Type domain.Sala is not enhanced.

[2025-05-07 19:19:25 #9 type] 
Type domain.Factura is not enhanced.

[2025-05-07 19:19:25 #10 store] 
Database 'C:\Users\gaizk\Desktop\SI1\Workspace\PROJECTO\America.odb' is closed by 15296@Gaizka

------------------------------------------------------------------------------------------------------------------------

[2025-05-07 19:19:46 #1 store] 
Database 'C:\Users\gaizk\Desktop\SI1\Workspace\PROJECTO\America.odb' is opened by 14244@Gaizka

[2025-05-07 19:19:46 #2 store] 
Configuration path: ?

[2025-05-07 19:19:46 #3 type] 
Type domain.Actividad is not enhanced.

[2025-05-07 19:19:46 #4 type] 
Type domain.Sesion is not enhanced.

[2025-05-07 19:19:46 #5 type] 
Type domain.Reserva is not enhanced.

[2025-05-07 19:19:46 #6 type] 
Type domain.Socio is not enhanced.

[2025-05-07 19:19:46 #7 type] 
Type domain.Sala is not enhanced.

[2025-05-07 19:19:46 #8 type] 
Type domain.Factura is not enhanced.

[2025-05-07 19:19:46 #9 store] 
Database 'C:\Users\gaizk\Desktop\SI1\Workspace\PROJECTO\America.odb' is closed by 14244@Gaizka

------------------------------------------------------------------------------------------------------------------------

[2025-05-07 19:21:33 #1 store] 
Database 'C:\Users\gaizk\Desktop\SI1\Workspace\PROJECTO\America.odb' is opened by 7964@Gaizka

[2025-05-07 19:21:33 #2 store] 
Configuration path: ?

[2025-05-07 19:21:33 #3 type] 
Type domain.Actividad is not enhanced.

[2025-05-07 19:21:33 #4 type] 
Type domain.Sesion is not enhanced.

[2025-05-07 19:21:33 #5 type] 
Type domain.Reserva is not enhanced.

[2025-05-07 19:21:33 #6 type] 
Type domain.Socio is not enhanced.

[2025-05-07 19:21:33 #7 type] 
Type domain.Sala is not enhanced.

[2025-05-07 19:21:33 #8 type] 
Type domain.Factura is not enhanced.

[2025-05-07 19:21:33 #9 store] 
Database 'C:\Users\gaizk\Desktop\SI1\Workspace\PROJECTO\America.odb' is closed by 7964@Gaizka

------------------------------------------------------------------------------------------------------------------------

[2025-05-07 19:22:40 #1 store] 
Database 'C:\Users\gaizk\Desktop\SI1\Workspace\PROJECTO\America.odb' is opened by 12408@Gaizka

[2025-05-07 19:22:40 #2 store] 
Configuration path: ?

[2025-05-07 19:22:40 #3 type] 
Type domain.Sala is not enhanced.

[2025-05-07 19:22:41 #4 type] 
Type domain.Sesion is not enhanced.

[2025-05-07 19:22:41 #5 type] 
Type domain.Reserva is not enhanced.

[2025-05-07 19:22:41 #6 type] 
Type domain.Socio is not enhanced.

[2025-05-07 19:22:41 #7 type] 
Type domain.Actividad is not enhanced.

[2025-05-07 19:22:41 #8 type] 
Type domain.Factura is not enhanced.

[2025-05-07 19:22:41 #9 store] 
Database 'C:\Users\gaizk\Desktop\SI1\Workspace\PROJECTO\America.odb' is closed by 12408@Gaizka

------------------------------------------------------------------------------------------------------------------------

[2025-05-07 19:23:13 #1 store] 
Database 'C:\Users\gaizk\Desktop\SI1\Workspace\PROJECTO\America.odb' is opened by 11016@Gaizka

[2025-05-07 19:23:13 #2 store] 
Configuration path: ?

[2025-05-07 19:23:13 #3 type] 
Type domain.Sala is not enhanced.

[2025-05-07 19:23:13 #4 type] 
Type domain.Sesion is not enhanced.

[2025-05-07 19:23:13 #5 type] 
Type domain.Reserva is not enhanced.

[2025-05-07 19:23:13 #6 type] 
Type domain.Socio is not enhanced.

[2025-05-07 19:23:13 #7 type] 
Type domain.Actividad is not enhanced.

[2025-05-07 19:23:13 #8 type] 
Type domain.Factura is not enhanced.

[2025-05-07 19:23:13 #9 store] 
Database 'C:\Users\gaizk\Desktop\SI1\Workspace\PROJECTO\America.odb' is closed by 11016@Gaizka

------------------------------------------------------------------------------------------------------------------------

[2025-05-07 19:23:40 #1 store] 
Database 'C:\Users\gaizk\Desktop\SI1\Workspace\PROJECTO\America.odb' is opened by 13028@Gaizka

[2025-05-07 19:23:40 #2 store] 
Configuration path: ?

[2025-05-07 19:23:41 #3 type] 
Type domain.Sala is not enhanced.

[2025-05-07 19:23:41 #4 type] 
Type domain.Sesion is not enhanced.

[2025-05-07 19:23:41 #5 type] 
Type domain.Reserva is not enhanced.

[2025-05-07 19:23:41 #6 type] 
Type domain.Socio is not enhanced.

[2025-05-07 19:23:41 #7 type] 
Type domain.Actividad is not enhanced.

[2025-05-07 19:23:41 #8 type] 
Type domain.Factura is not enhanced.

------------------------------------------------------------------------------------------------------------------------

[2025-05-07 19:23:48 #1 store] 
Database 'C:\Users\gaizk\Desktop\SI1\Workspace\PROJECTO\America.odb' has been recovered (tr. 6-6)

[2025-05-07 19:23:48 #2 store] 
Database 'C:\Users\gaizk\Desktop\SI1\Workspace\PROJECTO\America.odb' is opened by 4048@Gaizka

[2025-05-07 19:23:48 #3 store] 
Configuration path: ?

[2025-05-07 19:23:48 #4 type] 
Type domain.Sala is not enhanced.

[2025-05-07 19:23:48 #5 type] 
Type domain.Sesion is not enhanced.

[2025-05-07 19:23:48 #6 type] 
Type domain.Reserva is not enhanced.

[2025-05-07 19:23:48 #7 type] 
Type domain.Socio is not enhanced.

[2025-05-07 19:23:48 #8 type] 
Type domain.Actividad is not enhanced.

[2025-05-07 19:23:48 #9 type] 
Type domain.Factura is not enhanced.

[2025-05-07 19:23:48 #10 store] 
Database 'C:\Users\gaizk\Desktop\SI1\Workspace\PROJECTO\America.odb' is closed by 4048@Gaizka

------------------------------------------------------------------------------------------------------------------------

[2025-05-07 19:24:20 #1 store] 
Database 'C:\Users\gaizk\Desktop\SI1\Workspace\PROJECTO\America.odb' is opened by 8756@Gaizka

[2025-05-07 19:24:20 #2 store] 
Configuration path: ?

[2025-05-07 19:24:20 #3 type] 
Type domain.Sala is not enhanced.

[2025-05-07 19:24:20 #4 type] 
Type domain.Sesion is not enhanced.

[2025-05-07 19:24:20 #5 type] 
Type domain.Reserva is not enhanced.

[2025-05-07 19:24:20 #6 type] 
Type domain.Socio is not enhanced.

[2025-05-07 19:24:20 #7 type] 
Type domain.Actividad is not enhanced.

[2025-05-07 19:24:20 #8 type] 
Type domain.Factura is not enhanced.

------------------------------------------------------------------------------------------------------------------------

[2025-05-07 19:24:30 #1 store] 
Database 'C:\Users\gaizk\Desktop\SI1\Workspace\PROJECTO\America.odb' has been recovered (tr. 7-7)

[2025-05-07 19:24:30 #2 store] 
Database 'C:\Users\gaizk\Desktop\SI1\Workspace\PROJECTO\America.odb' is opened by 10752@Gaizka

[2025-05-07 19:24:30 #3 store] 
Configuration path: ?

[2025-05-07 19:24:30 #4 type] 
Type domain.Sala is not enhanced.

[2025-05-07 19:24:30 #5 type] 
Type domain.Sesion is not enhanced.

[2025-05-07 19:24:30 #6 type] 
Type domain.Reserva is not enhanced.

[2025-05-07 19:24:30 #7 type] 
Type domain.Socio is not enhanced.

[2025-05-07 19:24:30 #8 type] 
Type domain.Actividad is not enhanced.

[2025-05-07 19:24:30 #9 type] 
Type domain.Factura is not enhanced.

[2025-05-07 19:24:30 #10 store] 
Database 'C:\Users\gaizk\Desktop\SI1\Workspace\PROJECTO\America.odb' is closed by 10752@Gaizka

------------------------------------------------------------------------------------------------------------------------

[2025-05-07 19:24:48 #1 store] 
Database 'C:\Users\gaizk\Desktop\SI1\Workspace\PROJECTO\America.odb' is opened by 10620@Gaizka

[2025-05-07 19:24:48 #2 store] 
Configuration path: ?

[2025-05-07 19:24:48 #3 type] 
Type domain.Sala is not enhanced.

[2025-05-07 19:24:48 #4 type] 
Type domain.Sesion is not enhanced.

[2025-05-07 19:24:48 #5 type] 
Type domain.Reserva is not enhanced.

[2025-05-07 19:24:48 #6 type] 
Type domain.Socio is not enhanced.

[2025-05-07 19:24:48 #7 type] 
Type domain.Actividad is not enhanced.

[2025-05-07 19:24:48 #8 type] 
Type domain.Factura is not enhanced.

