------------------------------------------------------------------------------------------------------------------------

[2025-05-06 18:42:03 #1 store] 
Database 'C:\Users\gaizk\Desktop\SI1\Workspace\PROJECTO\America.odb' is opened by 13544@Gaizka

[2025-05-06 18:42:03 #2 store] 
Configuration path: ?

[2025-05-06 18:42:03 #3 type] 
Type domain.Country is not enhanced.

[2025-05-06 18:42:03 #4 type] 
Type domain.President is not enhanced.

[2025-05-06 18:42:03 #5 type] 
Type domain.City is not enhanced.

[2025-05-06 18:42:03 #6 type] 
Type domain.Sala is not enhanced.

[2025-05-06 18:42:03 #7 type] 
Type domain.Sesion is not enhanced.

[2025-05-06 18:42:03 #8 type] 
Type domain.Reserva is not enhanced.

[2025-05-06 18:42:03 #9 type] 
Type domain.Socio is not enhanced.

[2025-05-06 18:42:03 #10 type] 
Type domain.Actividad is not enhanced.

[2025-05-06 18:42:04 #11 type] 
Type domain.Factura is not enhanced.

[2025-05-06 18:42:04 #12 store] 
Database 'C:\Users\gaizk\Desktop\SI1\Workspace\PROJECTO\America.odb' is closed by 13544@Gaizka

------------------------------------------------------------------------------------------------------------------------

[2025-05-06 18:59:34 #1 store] 
Database 'C:\Users\gaizk\Desktop\SI1\Workspace\PROJECTO\America.odb' is opened by 14312@Gaizka

[2025-05-06 18:59:34 #2 store] 
Configuration path: ?

[2025-05-06 18:59:34 #3 type] 
Type domain.Country is not enhanced.

[2025-05-06 18:59:34 #4 type] 
Type domain.President is not enhanced.

[2025-05-06 18:59:34 #5 type] 
Type domain.City is not enhanced.

[2025-05-06 18:59:34 #6 type] 
Type domain.Sala is not enhanced.

[2025-05-06 18:59:34 #7 type] 
Type domain.Sesion is not enhanced.

[2025-05-06 18:59:34 #8 type] 
Type domain.Reserva is not enhanced.

[2025-05-06 18:59:34 #9 type] 
Type domain.Socio is not enhanced.

[2025-05-06 18:59:34 #10 type] 
Type domain.Actividad is not enhanced.

[2025-05-06 18:59:34 #11 type] 
Type domain.Factura is not enhanced.

[2025-05-06 18:59:34 #12 store] 
Database 'C:\Users\gaizk\Desktop\SI1\Workspace\PROJECTO\America.odb' is closed by 14312@Gaizka

------------------------------------------------------------------------------------------------------------------------

[2025-05-06 19:03:12 #1 store] 
Database 'C:\Users\gaizk\Desktop\SI1\Workspace\PROJECTO\America.odb' is opened by 13096@Gaizka

[2025-05-06 19:03:12 #2 store] 
Configuration path: ?

[2025-05-06 19:03:12 #3 type] 
Type domain.Country is not enhanced.

[2025-05-06 19:03:12 #4 type] 
Type domain.President is not enhanced.

[2025-05-06 19:03:12 #5 type] 
Type domain.City is not enhanced.

[2025-05-06 19:03:12 #6 type] 
Type domain.Sala is not enhanced.

[2025-05-06 19:03:12 #7 type] 
Type domain.Sesion is not enhanced.

[2025-05-06 19:03:12 #8 type] 
Type domain.Reserva is not enhanced.

[2025-05-06 19:03:12 #9 type] 
Type domain.Socio is not enhanced.

[2025-05-06 19:03:12 #10 type] 
Type domain.Actividad is not enhanced.

[2025-05-06 19:03:12 #11 type] 
Type domain.Factura is not enhanced.

------------------------------------------------------------------------------------------------------------------------

[2025-05-06 19:07:06 #1 store] 
Database 'C:\Users\gaizk\Desktop\SI1\Workspace\PROJECTO\America.odb' is opened by 7384@Gaizka

[2025-05-06 19:07:06 #2 store] 
Configuration path: ?

[2025-05-06 19:07:06 #3 type] 
Type domain.Country is not enhanced.

[2025-05-06 19:07:06 #4 type] 
Type domain.President is not enhanced.

[2025-05-06 19:07:06 #5 type] 
Type domain.City is not enhanced.

[2025-05-06 19:07:06 #6 type] 
Type domain.Sala is not enhanced.

[2025-05-06 19:07:06 #7 type] 
Type domain.Sesion is not enhanced.

[2025-05-06 19:07:06 #8 type] 
Type domain.Reserva is not enhanced.

[2025-05-06 19:07:06 #9 type] 
Type domain.Socio is not enhanced.

[2025-05-06 19:07:06 #10 type] 
Type domain.Actividad is not enhanced.

[2025-05-06 19:07:06 #11 type] 
Type domain.Factura is not enhanced.

------------------------------------------------------------------------------------------------------------------------

[2025-05-06 19:10:55 #1 store] 
Database 'C:\Users\gaizk\Desktop\SI1\Workspace\PROJECTO\America.odb' is opened by 9812@Gaizka

[2025-05-06 19:10:55 #2 store] 
Configuration path: ?

[2025-05-06 19:10:55 #3 type] 
Type domain.Country is not enhanced.

[2025-05-06 19:10:55 #4 type] 
Type domain.President is not enhanced.

[2025-05-06 19:10:55 #5 type] 
Type domain.City is not enhanced.

[2025-05-06 19:10:55 #6 type] 
Type domain.Sala is not enhanced.

[2025-05-06 19:10:55 #7 type] 
Type domain.Sesion is not enhanced.

[2025-05-06 19:10:55 #8 type] 
Type domain.Reserva is not enhanced.

[2025-05-06 19:10:55 #9 type] 
Type domain.Socio is not enhanced.

[2025-05-06 19:10:55 #10 type] 
Type domain.Actividad is not enhanced.

[2025-05-06 19:10:55 #11 type] 
Type domain.Factura is not enhanced.

------------------------------------------------------------------------------------------------------------------------

[2025-05-06 19:11:45 #1 store] 
Database 'C:\Users\gaizk\Desktop\SI1\Workspace\PROJECTO\America.odb' is opened by 2216@Gaizka

[2025-05-06 19:11:45 #2 store] 
Configuration path: ?

[2025-05-06 19:11:45 #3 type] 
Type domain.Country is not enhanced.

[2025-05-06 19:11:45 #4 type] 
Type domain.President is not enhanced.

[2025-05-06 19:11:45 #5 type] 
Type domain.City is not enhanced.

[2025-05-06 19:11:45 #6 type] 
Type domain.Sala is not enhanced.

[2025-05-06 19:11:45 #7 type] 
Type domain.Sesion is not enhanced.

[2025-05-06 19:11:45 #8 type] 
Type domain.Reserva is not enhanced.

[2025-05-06 19:11:45 #9 type] 
Type domain.Socio is not enhanced.

[2025-05-06 19:11:45 #10 type] 
Type domain.Actividad is not enhanced.

[2025-05-06 19:11:45 #11 type] 
Type domain.Factura is not enhanced.

------------------------------------------------------------------------------------------------------------------------

[2025-05-06 19:15:04 #1 store] 
Database 'C:\Users\gaizk\Desktop\SI1\Workspace\PROJECTO\America.odb' is opened by 6492@Gaizka

[2025-05-06 19:15:04 #2 store] 
Configuration path: ?

[2025-05-06 19:15:04 #3 type] 
Type domain.Country is not enhanced.

[2025-05-06 19:15:04 #4 type] 
Type domain.President is not enhanced.

[2025-05-06 19:15:04 #5 type] 
Type domain.City is not enhanced.

[2025-05-06 19:15:04 #6 type] 
Type domain.Sala is not enhanced.

[2025-05-06 19:15:05 #7 type] 
Type domain.Sesion is not enhanced.

[2025-05-06 19:15:05 #8 type] 
Type domain.Reserva is not enhanced.

[2025-05-06 19:15:05 #9 type] 
Type domain.Socio is not enhanced.

[2025-05-06 19:15:05 #10 type] 
Type domain.Actividad is not enhanced.

[2025-05-06 19:15:05 #11 type] 
Type domain.Factura is not enhanced.

------------------------------------------------------------------------------------------------------------------------

[2025-05-06 19:17:07 #1 store] 
Database 'C:\Users\gaizk\Desktop\SI1\Workspace\PROJECTO\America.odb' is opened by 1920@Gaizka

[2025-05-06 19:17:07 #2 store] 
Configuration path: ?

[2025-05-06 19:17:07 #3 type] 
Type domain.Country is not enhanced.

[2025-05-06 19:17:07 #4 type] 
Type domain.President is not enhanced.

[2025-05-06 19:17:07 #5 type] 
Type domain.City is not enhanced.

[2025-05-06 19:17:07 #6 type] 
Type domain.Sala is not enhanced.

[2025-05-06 19:17:07 #7 type] 
Type domain.Sesion is not enhanced.

[2025-05-06 19:17:07 #8 type] 
Type domain.Reserva is not enhanced.

[2025-05-06 19:17:07 #9 type] 
Type domain.Socio is not enhanced.

[2025-05-06 19:17:07 #10 type] 
Type domain.Actividad is not enhanced.

[2025-05-06 19:17:08 #11 type] 
Type domain.Factura is not enhanced.

------------------------------------------------------------------------------------------------------------------------

[2025-05-06 19:20:32 #1 store] 
Database 'C:\Users\gaizk\Desktop\SI1\Workspace\PROJECTO\America.odb' is opened by 10588@Gaizka

[2025-05-06 19:20:32 #2 store] 
Configuration path: ?

[2025-05-06 19:20:32 #3 type] 
Type domain.Country is not enhanced.

[2025-05-06 19:20:32 #4 type] 
Type domain.President is not enhanced.

[2025-05-06 19:20:32 #5 type] 
Type domain.City is not enhanced.

[2025-05-06 19:20:32 #6 type] 
Type domain.Sala is not enhanced.

[2025-05-06 19:20:32 #7 type] 
Type domain.Sesion is not enhanced.

[2025-05-06 19:20:32 #8 type] 
Type domain.Reserva is not enhanced.

[2025-05-06 19:20:32 #9 type] 
Type domain.Socio is not enhanced.

[2025-05-06 19:20:32 #10 type] 
Type domain.Actividad is not enhanced.

[2025-05-06 19:20:32 #11 type] 
Type domain.Factura is not enhanced.

------------------------------------------------------------------------------------------------------------------------

[2025-05-06 19:22:09 #1 store] 
Database 'C:\Users\gaizk\Desktop\SI1\Workspace\PROJECTO\America.odb' is opened by 10792@Gaizka

[2025-05-06 19:22:09 #2 store] 
Configuration path: ?

[2025-05-06 19:22:09 #3 type] 
Type domain.Country is not enhanced.

[2025-05-06 19:22:09 #4 type] 
Type domain.President is not enhanced.

[2025-05-06 19:22:09 #5 type] 
Type domain.City is not enhanced.

[2025-05-06 19:22:09 #6 type] 
Type domain.Sala is not enhanced.

[2025-05-06 19:22:09 #7 type] 
Type domain.Sesion is not enhanced.

[2025-05-06 19:22:09 #8 type] 
Type domain.Reserva is not enhanced.

[2025-05-06 19:22:09 #9 type] 
Type domain.Socio is not enhanced.

[2025-05-06 19:22:09 #10 type] 
Type domain.Actividad is not enhanced.

[2025-05-06 19:22:10 #11 type] 
Type domain.Factura is not enhanced.

------------------------------------------------------------------------------------------------------------------------

[2025-05-06 19:24:31 #1 store] 
Database 'C:\Users\gaizk\Desktop\SI1\Workspace\PROJECTO\America.odb' is opened by 14208@Gaizka

[2025-05-06 19:24:31 #2 store] 
Configuration path: ?

[2025-05-06 19:24:31 #3 type] 
Type domain.Country is not enhanced.

[2025-05-06 19:24:31 #4 type] 
Type domain.President is not enhanced.

[2025-05-06 19:24:31 #5 type] 
Type domain.City is not enhanced.

[2025-05-06 19:24:31 #6 type] 
Type domain.Sala is not enhanced.

[2025-05-06 19:24:31 #7 type] 
Type domain.Sesion is not enhanced.

[2025-05-06 19:24:31 #8 type] 
Type domain.Reserva is not enhanced.

[2025-05-06 19:24:31 #9 type] 
Type domain.Socio is not enhanced.

[2025-05-06 19:24:31 #10 type] 
Type domain.Actividad is not enhanced.

[2025-05-06 19:24:31 #11 type] 
Type domain.Factura is not enhanced.

[2025-05-06 19:24:31 #12 store] 
Database 'C:\Users\gaizk\Desktop\SI1\Workspace\PROJECTO\America.odb' is closed by 14208@Gaizka

------------------------------------------------------------------------------------------------------------------------

[2025-05-06 19:27:56 #1 server] 
Server on port 6136 has started by 2660@Gaizka

------------------------------------------------------------------------------------------------------------------------

[2025-05-06 19:28:27 #1 server] 
java.net.BindException: Address already in use: JVM_Bind
	at java.net.DualStackPlainSocketImpl.bind0(Native Method)
	at java.net.DualStackPlainSocketImpl.socketBind(Unknown Source)
	at java.net.AbstractPlainSocketImpl.bind(Unknown Source)
	at java.net.PlainSocketImpl.bind(Unknown Source)
	at java.net.ServerSocket.bind(Unknown Source)
	at java.net.ServerSocket.<init>(Unknown Source)
	at java.net.ServerSocket.<init>(Unknown Source)
	at com.objectdb.o.SMR.o(SMR.java:260)
	at com.objectdb.o.SMR.f(SMR.java:160)
	at com.objectdb.o.TOL.run(TOL.java:117)
	at com.objectdb.Server.runCommand(Server.java:193)
	at com.objectdb.Server.run(Server.java:102)
	at com.objectdb.ServerRunner.main(ServerRunner.java:31)

------------------------------------------------------------------------------------------------------------------------

[2025-05-06 19:31:32 #1 store] 
Database 'C:\Users\gaizk\Desktop\SI1\Workspace\PROJECTO\America.odb' is opened by 356@Gaizka

[2025-05-06 19:31:32 #2 store] 
Configuration path: ?

[2025-05-06 19:31:32 #3 type] 
Type domain.Country is not enhanced.

[2025-05-06 19:31:32 #4 type] 
Type domain.President is not enhanced.

[2025-05-06 19:31:32 #5 type] 
Type domain.City is not enhanced.

[2025-05-06 19:31:32 #6 type] 
Type domain.Sala is not enhanced.

[2025-05-06 19:31:32 #7 type] 
Type domain.Sesion is not enhanced.

[2025-05-06 19:31:32 #8 type] 
Type domain.Reserva is not enhanced.

[2025-05-06 19:31:32 #9 type] 
Type domain.Socio is not enhanced.

[2025-05-06 19:31:32 #10 type] 
Type domain.Actividad is not enhanced.

[2025-05-06 19:31:32 #11 type] 
Type domain.Factura is not enhanced.

[2025-05-06 19:31:32 #12 store] 
Database 'C:\Users\gaizk\Desktop\SI1\Workspace\PROJECTO\America.odb' is closed by 356@Gaizka

------------------------------------------------------------------------------------------------------------------------

[2025-05-06 19:31:54 #1 store] 
Database 'C:\Users\gaizk\Desktop\SI1\Workspace\PROJECTO\America.odb' is opened by 13992@Gaizka

[2025-05-06 19:31:54 #2 store] 
Configuration path: ?

[2025-05-06 19:31:54 #3 type] 
Type domain.Country is not enhanced.

[2025-05-06 19:31:54 #4 type] 
Type domain.President is not enhanced.

[2025-05-06 19:31:54 #5 type] 
Type domain.City is not enhanced.

[2025-05-06 19:31:54 #6 type] 
Type domain.Sala is not enhanced.

[2025-05-06 19:31:54 #7 type] 
Type domain.Sesion is not enhanced.

[2025-05-06 19:31:54 #8 type] 
Type domain.Reserva is not enhanced.

[2025-05-06 19:31:54 #9 type] 
Type domain.Socio is not enhanced.

[2025-05-06 19:31:54 #10 type] 
Type domain.Actividad is not enhanced.

[2025-05-06 19:31:54 #11 type] 
Type domain.Factura is not enhanced.

[2025-05-06 19:31:54 #12 store] 
Database 'C:\Users\gaizk\Desktop\SI1\Workspace\PROJECTO\America.odb' is closed by 13992@Gaizka

------------------------------------------------------------------------------------------------------------------------

[2025-05-06 19:35:17 #1 store] 
Database 'C:\Users\gaizk\Desktop\SI1\Workspace\PROJECTO\America.odb' is opened by 13836@Gaizka

[2025-05-06 19:35:17 #2 store] 
Configuration path: ?

[2025-05-06 19:35:17 #3 type] 
Type domain.Country is not enhanced.

[2025-05-06 19:35:17 #4 type] 
Type domain.President is not enhanced.

[2025-05-06 19:35:17 #5 type] 
Type domain.City is not enhanced.

[2025-05-06 19:35:17 #6 type] 
Type domain.Sala is not enhanced.

[2025-05-06 19:35:17 #7 type] 
Type domain.Sesion is not enhanced.

[2025-05-06 19:35:17 #8 type] 
Type domain.Reserva is not enhanced.

[2025-05-06 19:35:17 #9 type] 
Type domain.Socio is not enhanced.

[2025-05-06 19:35:17 #10 type] 
Type domain.Actividad is not enhanced.

[2025-05-06 19:35:17 #11 type] 
Type domain.Factura is not enhanced.

------------------------------------------------------------------------------------------------------------------------

[2025-05-06 19:35:38 #1 store] 
Database 'C:\Users\gaizk\Desktop\SI1\Workspace\PROJECTO\America.odb' is opened by 12588@Gaizka

[2025-05-06 19:35:38 #2 store] 
Configuration path: ?

[2025-05-06 19:35:38 #3 type] 
Type domain.Country is not enhanced.

[2025-05-06 19:35:38 #4 type] 
Type domain.President is not enhanced.

[2025-05-06 19:35:38 #5 type] 
Type domain.City is not enhanced.

[2025-05-06 19:35:38 #6 type] 
Type domain.Sala is not enhanced.

[2025-05-06 19:35:38 #7 type] 
Type domain.Sesion is not enhanced.

[2025-05-06 19:35:38 #8 type] 
Type domain.Reserva is not enhanced.

[2025-05-06 19:35:38 #9 type] 
Type domain.Socio is not enhanced.

[2025-05-06 19:35:38 #10 type] 
Type domain.Actividad is not enhanced.

[2025-05-06 19:35:38 #11 type] 
Type domain.Factura is not enhanced.

[2025-05-06 19:35:38 #12 store] 
Database 'C:\Users\gaizk\Desktop\SI1\Workspace\PROJECTO\America.odb' is closed by 12588@Gaizka

------------------------------------------------------------------------------------------------------------------------

[2025-05-06 19:36:09 #1 store] 
Database 'C:\Users\gaizk\Desktop\SI1\Workspace\PROJECTO\America.odb' is opened by 5736@Gaizka

[2025-05-06 19:36:09 #2 store] 
Configuration path: ?

[2025-05-06 19:36:09 #3 type] 
Type domain.Country is not enhanced.

[2025-05-06 19:36:09 #4 type] 
Type domain.President is not enhanced.

[2025-05-06 19:36:09 #5 type] 
Type domain.City is not enhanced.

[2025-05-06 19:36:09 #6 type] 
Type domain.Sala is not enhanced.

[2025-05-06 19:36:09 #7 type] 
Type domain.Sesion is not enhanced.

[2025-05-06 19:36:09 #8 type] 
Type domain.Reserva is not enhanced.

[2025-05-06 19:36:09 #9 type] 
Type domain.Socio is not enhanced.

[2025-05-06 19:36:09 #10 type] 
Type domain.Actividad is not enhanced.

[2025-05-06 19:36:09 #11 type] 
Type domain.Factura is not enhanced.

[2025-05-06 19:36:09 #12 store] 
Database 'C:\Users\gaizk\Desktop\SI1\Workspace\PROJECTO\America.odb' is closed by 5736@Gaizka

------------------------------------------------------------------------------------------------------------------------

[2025-05-06 19:36:58 #1 store] 
Database 'C:\Users\gaizk\Desktop\SI1\Workspace\PROJECTO\America.odb' is opened by 7892@Gaizka

[2025-05-06 19:36:58 #2 store] 
Configuration path: ?

[2025-05-06 19:36:58 #3 type] 
Type domain.Country is not enhanced.

[2025-05-06 19:36:58 #4 type] 
Type domain.President is not enhanced.

[2025-05-06 19:36:58 #5 type] 
Type domain.City is not enhanced.

[2025-05-06 19:36:58 #6 type] 
Type domain.Sala is not enhanced.

[2025-05-06 19:36:58 #7 type] 
Type domain.Sesion is not enhanced.

[2025-05-06 19:36:58 #8 type] 
Type domain.Reserva is not enhanced.

[2025-05-06 19:36:58 #9 type] 
Type domain.Socio is not enhanced.

[2025-05-06 19:36:58 #10 type] 
Type domain.Actividad is not enhanced.

[2025-05-06 19:36:58 #11 type] 
Type domain.Factura is not enhanced.

[2025-05-06 19:36:58 #12 store] 
Database 'C:\Users\gaizk\Desktop\SI1\Workspace\PROJECTO\America.odb' is closed by 7892@Gaizka

------------------------------------------------------------------------------------------------------------------------

[2025-05-06 19:37:59 #1 store] 
Database 'C:\Users\gaizk\Desktop\SI1\Workspace\PROJECTO\America.odb' is opened by 5760@Gaizka

[2025-05-06 19:37:59 #2 store] 
Configuration path: ?

[2025-05-06 19:37:59 #3 type] 
Type domain.Country is not enhanced.

[2025-05-06 19:37:59 #4 type] 
Type domain.President is not enhanced.

[2025-05-06 19:37:59 #5 type] 
Type domain.City is not enhanced.

[2025-05-06 19:37:59 #6 type] 
Type domain.Sala is not enhanced.

[2025-05-06 19:37:59 #7 type] 
Type domain.Sesion is not enhanced.

[2025-05-06 19:37:59 #8 type] 
Type domain.Reserva is not enhanced.

[2025-05-06 19:37:59 #9 type] 
Type domain.Socio is not enhanced.

[2025-05-06 19:37:59 #10 type] 
Type domain.Actividad is not enhanced.

[2025-05-06 19:37:59 #11 type] 
Type domain.Factura is not enhanced.

[2025-05-06 19:37:59 #12 store] 
Database 'C:\Users\gaizk\Desktop\SI1\Workspace\PROJECTO\America.odb' is closed by 5760@Gaizka

------------------------------------------------------------------------------------------------------------------------

[2025-05-06 19:38:26 #1 store] 
Database 'C:\Users\gaizk\Desktop\SI1\Workspace\PROJECTO\America.odb' is opened by 11228@Gaizka

[2025-05-06 19:38:26 #2 store] 
Configuration path: ?

[2025-05-06 19:38:26 #3 type] 
Type domain.Country is not enhanced.

[2025-05-06 19:38:26 #4 type] 
Type domain.President is not enhanced.

[2025-05-06 19:38:26 #5 type] 
Type domain.City is not enhanced.

[2025-05-06 19:38:26 #6 type] 
Type domain.Sala is not enhanced.

[2025-05-06 19:38:26 #7 type] 
Type domain.Sesion is not enhanced.

[2025-05-06 19:38:26 #8 type] 
Type domain.Reserva is not enhanced.

[2025-05-06 19:38:26 #9 type] 
Type domain.Socio is not enhanced.

[2025-05-06 19:38:26 #10 type] 
Type domain.Actividad is not enhanced.

[2025-05-06 19:38:26 #11 type] 
Type domain.Factura is not enhanced.

[2025-05-06 19:38:27 #12 store] 
Database 'C:\Users\gaizk\Desktop\SI1\Workspace\PROJECTO\America.odb' is closed by 11228@Gaizka

------------------------------------------------------------------------------------------------------------------------

[2025-05-06 19:41:26 #1 store] 
Database 'C:\Users\gaizk\Desktop\SI1\Workspace\PROJECTO\America.odb' is opened by 8704@Gaizka

[2025-05-06 19:41:26 #2 store] 
Configuration path: ?

[2025-05-06 19:41:26 #3 type] 
Type domain.Country is not enhanced.

[2025-05-06 19:41:26 #4 type] 
Type domain.President is not enhanced.

[2025-05-06 19:41:26 #5 type] 
Type domain.City is not enhanced.

[2025-05-06 19:41:26 #6 type] 
Type domain.Sala is not enhanced.

[2025-05-06 19:41:26 #7 type] 
Type domain.Sesion is not enhanced.

[2025-05-06 19:41:26 #8 type] 
Type domain.Reserva is not enhanced.

[2025-05-06 19:41:26 #9 type] 
Type domain.Socio is not enhanced.

[2025-05-06 19:41:26 #10 type] 
Type domain.Actividad is not enhanced.

[2025-05-06 19:41:26 #11 type] 
Type domain.Factura is not enhanced.

[2025-05-06 19:41:26 #12 store] 
Database 'C:\Users\gaizk\Desktop\SI1\Workspace\PROJECTO\America.odb' is closed by 8704@Gaizka

------------------------------------------------------------------------------------------------------------------------

[2025-05-06 19:46:05 #1 store] 
Database 'C:\Users\gaizk\Desktop\SI1\Workspace\PROJECTO\America.odb' is opened by 1284@Gaizka

[2025-05-06 19:46:05 #2 store] 
Configuration path: ?

[2025-05-06 19:46:05 #3 type] 
Type domain.Country is not enhanced.

[2025-05-06 19:46:05 #4 type] 
Type domain.President is not enhanced.

[2025-05-06 19:46:05 #5 type] 
Type domain.City is not enhanced.

[2025-05-06 19:46:05 #6 type] 
Type domain.Sala is not enhanced.

[2025-05-06 19:46:05 #7 type] 
Type domain.Sesion is not enhanced.

[2025-05-06 19:46:05 #8 type] 
Type domain.Reserva is not enhanced.

[2025-05-06 19:46:05 #9 type] 
Type domain.Socio is not enhanced.

[2025-05-06 19:46:05 #10 type] 
Type domain.Actividad is not enhanced.

[2025-05-06 19:46:06 #11 type] 
Type domain.Factura is not enhanced.

[2025-05-06 19:46:06 #12 store] 
Database 'C:\Users\gaizk\Desktop\SI1\Workspace\PROJECTO\America.odb' is closed by 1284@Gaizka

------------------------------------------------------------------------------------------------------------------------

[2025-05-06 19:46:33 #1 store] 
Database 'C:\Users\gaizk\Desktop\SI1\Workspace\PROJECTO\America.odb' is opened by 428@Gaizka

[2025-05-06 19:46:33 #2 store] 
Configuration path: ?

[2025-05-06 19:46:33 #3 type] 
Type domain.Country is not enhanced.

[2025-05-06 19:46:33 #4 type] 
Type domain.President is not enhanced.

[2025-05-06 19:46:33 #5 type] 
Type domain.City is not enhanced.

[2025-05-06 19:46:33 #6 type] 
Type domain.Sala is not enhanced.

[2025-05-06 19:46:33 #7 type] 
Type domain.Sesion is not enhanced.

[2025-05-06 19:46:33 #8 type] 
Type domain.Reserva is not enhanced.

[2025-05-06 19:46:33 #9 type] 
Type domain.Socio is not enhanced.

[2025-05-06 19:46:33 #10 type] 
Type domain.Actividad is not enhanced.

[2025-05-06 19:46:33 #11 type] 
Type domain.Factura is not enhanced.

[2025-05-06 19:46:33 #12 store] 
Database 'C:\Users\gaizk\Desktop\SI1\Workspace\PROJECTO\America.odb' is closed by 428@Gaizka

------------------------------------------------------------------------------------------------------------------------

[2025-05-06 19:49:37 #1 store] 
Database 'C:\Users\gaizk\Desktop\SI1\Workspace\PROJECTO\America.odb' is opened by 8156@Gaizka

[2025-05-06 19:49:37 #2 store] 
Configuration path: ?

[2025-05-06 19:49:38 #3 type] 
Type domain.Sala is not enhanced.

[2025-05-06 19:49:38 #4 type] 
Type domain.Sesion is not enhanced.

[2025-05-06 19:49:38 #5 type] 
Type domain.Reserva is not enhanced.

[2025-05-06 19:49:38 #6 type] 
Type domain.Socio is not enhanced.

[2025-05-06 19:49:38 #7 type] 
Type domain.Actividad is not enhanced.

[2025-05-06 19:49:38 #8 type] 
Type domain.Factura is not enhanced.

[2025-05-06 19:49:38 #9 store] 
Database 'C:\Users\gaizk\Desktop\SI1\Workspace\PROJECTO\America.odb' is closed by 8156@Gaizka

