------------------------------------------------------------------------------------------------------------------------

[2025-02-17 15:48:31 #1 store] 
Database 'C:\Users\gaizk\Desktop\Workspace\Lab2db4o\America.odb' is opened by 1892@Gaizka

[2025-02-17 15:48:31 #2 type] 
Type domain.Country is not enhanced.

[2025-02-17 15:48:31 #3 type] 
Type domain.President is not enhanced.

[2025-02-17 15:48:31 #4 type] 
Type domain.City is not enhanced.

------------------------------------------------------------------------------------------------------------------------

[2025-02-17 15:49:18 #1 store] 
Database 'C:\Users\gaizk\Desktop\Workspace\Lab2db4o\America.odb' is opened by 1404@Gaizka

[2025-02-17 15:49:18 #2 type] 
Type domain.Country is not enhanced.

[2025-02-17 15:49:18 #3 type] 
Type domain.President is not enhanced.

[2025-02-17 15:49:18 #4 type] 
Type domain.City is not enhanced.

------------------------------------------------------------------------------------------------------------------------

[2025-02-17 15:55:12 #1 store] 
Database 'C:\Users\gaizk\Desktop\Workspace\Lab2db4o\America.odb' is opened by 7912@Gaizka

[2025-02-17 15:55:12 #2 type] 
Type domain.Country is not enhanced.

[2025-02-17 15:55:12 #3 type] 
Type domain.President is not enhanced.

[2025-02-17 15:55:12 #4 type] 
Type domain.City is not enhanced.

------------------------------------------------------------------------------------------------------------------------

[2025-02-17 15:56:53 #1 store] 
Database 'C:\Users\gaizk\Desktop\Workspace\Lab2db4o\America.odb' has been recovered (tr. 41-41)

[2025-02-17 15:56:53 #2 store] 
Database 'C:\Users\gaizk\Desktop\Workspace\Lab2db4o\America.odb' is opened by 5044@Gaizka

[2025-02-17 15:56:53 #3 type] 
Type domain.Country is not enhanced.

[2025-02-17 15:56:53 #4 type] 
Type domain.President is not enhanced.

[2025-02-17 15:56:53 #5 type] 
Type domain.City is not enhanced.

------------------------------------------------------------------------------------------------------------------------

[2025-02-17 15:58:45 #1 store] 
Database 'C:\Users\gaizk\Desktop\Workspace\Lab2db4o\America.odb' has been recovered (tr. 42-42)

[2025-02-17 15:58:45 #2 store] 
Database 'C:\Users\gaizk\Desktop\Workspace\Lab2db4o\America.odb' is opened by 5552@Gaizka

[2025-02-17 15:58:46 #3 type] 
Type domain.Country is not enhanced.

[2025-02-17 15:58:46 #4 type] 
Type domain.President is not enhanced.

[2025-02-17 15:58:46 #5 type] 
Type domain.City is not enhanced.

------------------------------------------------------------------------------------------------------------------------

[2025-02-17 16:00:17 #1 store] 
Database 'C:\Users\gaizk\Desktop\Workspace\Lab2db4o\America.odb' has been recovered (tr. 43-43)

[2025-02-17 16:00:17 #2 store] 
Database 'C:\Users\gaizk\Desktop\Workspace\Lab2db4o\America.odb' is opened by 3044@Gaizka

[2025-02-17 16:00:17 #3 type] 
Type domain.Country is not enhanced.

[2025-02-17 16:00:17 #4 type] 
Type domain.President is not enhanced.

[2025-02-17 16:00:17 #5 type] 
Type domain.City is not enhanced.

------------------------------------------------------------------------------------------------------------------------

[2025-02-17 16:04:15 #1 store] 
Database 'C:\Users\gaizk\Desktop\Workspace\Lab2db4o\America.odb' is opened by 6128@Gaizka

[2025-02-17 16:04:16 #2 type] 
Type domain.Country is not enhanced.

[2025-02-17 16:04:16 #3 type] 
Type domain.President is not enhanced.

[2025-02-17 16:04:16 #4 type] 
Type domain.City is not enhanced.

------------------------------------------------------------------------------------------------------------------------

[2025-02-17 16:20:55 #1 store] 
Database 'C:\Users\gaizk\Desktop\Workspace\Lab2db4o\America.odb' is opened by 2384@Gaizka

[2025-02-17 16:20:55 #2 type] 
Type domain.Country is not enhanced.

[2025-02-17 16:20:55 #3 type] 
Type domain.President is not enhanced.

[2025-02-17 16:20:55 #4 type] 
Type domain.City is not enhanced.

------------------------------------------------------------------------------------------------------------------------

[2025-02-17 16:25:15 #1 store] 
Database 'C:\Users\gaizk\Desktop\Workspace\Lab2db4o\America.odb' has been recovered (tr. 44-44)

[2025-02-17 16:25:15 #2 store] 
Database 'C:\Users\gaizk\Desktop\Workspace\Lab2db4o\America.odb' is opened by 5204@Gaizka

[2025-02-17 16:25:16 #3 type] 
Type domain.Country is not enhanced.

[2025-02-17 16:25:16 #4 type] 
Type domain.President is not enhanced.

[2025-02-17 16:25:16 #5 type] 
Type domain.City is not enhanced.

------------------------------------------------------------------------------------------------------------------------

[2025-02-17 16:26:53 #1 store] 
Database 'C:\Users\gaizk\Desktop\Workspace\Lab2db4o\America.odb' is opened by 11436@Gaizka

[2025-02-17 16:26:54 #2 type] 
Type domain.Country is not enhanced.

[2025-02-17 16:26:54 #3 type] 
Type domain.President is not enhanced.

[2025-02-17 16:26:54 #4 type] 
Type domain.City is not enhanced.

------------------------------------------------------------------------------------------------------------------------

[2025-02-17 16:28:37 #1 store] 
Database 'C:\Users\gaizk\Desktop\Workspace\Lab2db4o\America.odb' has been recovered (tr. 45-45)

[2025-02-17 16:28:37 #2 store] 
Database 'C:\Users\gaizk\Desktop\Workspace\Lab2db4o\America.odb' is opened by 9008@Gaizka

[2025-02-17 16:28:37 #3 type] 
Type domain.Country is not enhanced.

[2025-02-17 16:28:37 #4 type] 
Type domain.President is not enhanced.

[2025-02-17 16:28:37 #5 type] 
Type domain.City is not enhanced.

------------------------------------------------------------------------------------------------------------------------

[2025-02-17 16:33:41 #1 store] 
Database 'C:\Users\gaizk\Desktop\Workspace\Lab2db4o\America.odb' has been recovered (tr. 46-46)

[2025-02-17 16:33:42 #2 store] 
Database 'C:\Users\gaizk\Desktop\Workspace\Lab2db4o\America.odb' is opened by 11136@Gaizka

[2025-02-17 16:33:42 #3 type] 
Type domain.Country is not enhanced.

[2025-02-17 16:33:42 #4 type] 
Type domain.President is not enhanced.

[2025-02-17 16:33:42 #5 type] 
Type domain.City is not enhanced.

------------------------------------------------------------------------------------------------------------------------

[2025-02-17 16:35:01 #1 server] 
Server on port 6136 has started by 7352@Gaizka

------------------------------------------------------------------------------------------------------------------------

[2025-02-17 16:35:13 #1 server] 
java.net.BindException: Address already in use: JVM_Bind
	at java.net.DualStackPlainSocketImpl.bind0(Native Method)
	at java.net.DualStackPlainSocketImpl.socketBind(Unknown Source)
	at java.net.AbstractPlainSocketImpl.bind(Unknown Source)
	at java.net.PlainSocketImpl.bind(Unknown Source)
	at java.net.ServerSocket.bind(Unknown Source)
	at java.net.ServerSocket.<init>(Unknown Source)
	at java.net.ServerSocket.<init>(Unknown Source)
	at com.objectdb.o.SMR.I(SMR.java:259)
	at com.objectdb.o.SMR.n(SMR.java:159)
	at com.objectdb.o.TOL.run(TOL.java:116)
	at com.objectdb.Server.runCommand(Server.java:193)
	at com.objectdb.Server.run(Server.java:102)
	at com.objectdb.ServerRunner.main(ServerRunner.java:31)

[2025-02-17 16:35:37 #2 server] 
Server on port 6136 has stopped by 7352@Gaizka

------------------------------------------------------------------------------------------------------------------------

[2025-02-17 16:44:27 #1 store] 
Database 'C:\Users\gaizk\Desktop\Workspace\Lab2db4o\America.odb' is opened by 4932@Gaizka

[2025-02-17 16:44:28 #2 type] 
Type domain.Country is not enhanced.

[2025-02-17 16:44:28 #3 type] 
Type domain.President is not enhanced.

[2025-02-17 16:44:28 #4 type] 
Type domain.City is not enhanced.

------------------------------------------------------------------------------------------------------------------------

[2025-02-17 16:46:34 #1 store] 
Database 'C:\Users\gaizk\Desktop\Workspace\Lab2db4o\America.odb' is opened by 5952@Gaizka

[2025-02-17 16:46:34 #2 type] 
Type domain.Country is not enhanced.

[2025-02-17 16:46:34 #3 type] 
Type domain.President is not enhanced.

[2025-02-17 16:46:34 #4 type] 
Type domain.City is not enhanced.

------------------------------------------------------------------------------------------------------------------------

[2025-02-17 18:00:33 #1 store] 
Database 'C:\Users\gaizk\Desktop\Workspace\Lab2db4o\America.odb' has been recovered (tr. 51-51)

[2025-02-17 18:00:33 #2 store] 
Database 'C:\Users\gaizk\Desktop\Workspace\Lab2db4o\America.odb' is opened by 12440@Gaizka

[2025-02-17 18:00:33 #3 type] 
Type domain.Country is not enhanced.

[2025-02-17 18:00:33 #4 type] 
Type domain.President is not enhanced.

[2025-02-17 18:00:33 #5 type] 
Type domain.City is not enhanced.

------------------------------------------------------------------------------------------------------------------------

[2025-02-17 18:08:47 #1 store] 
Database 'C:\Users\gaizk\Desktop\Workspace\Lab2db4o\America.odb' is opened by 4304@Gaizka

[2025-02-17 18:08:47 #2 type] 
Type domain.Country is not enhanced.

[2025-02-17 18:08:47 #3 type] 
Type domain.President is not enhanced.

[2025-02-17 18:08:47 #4 type] 
Type domain.City is not enhanced.

------------------------------------------------------------------------------------------------------------------------

[2025-02-17 18:41:02 #1 store] 
Database 'C:\Users\gaizk\Desktop\Workspace\Lab2db4o\America.odb' is opened by 6884@Gaizka

[2025-02-17 18:41:02 #2 type] 
Type domain.Country is not enhanced.

[2025-02-17 18:41:02 #3 type] 
Type domain.President is not enhanced.

[2025-02-17 18:41:02 #4 type] 
Type domain.City is not enhanced.

------------------------------------------------------------------------------------------------------------------------

[2025-02-17 19:11:32 #1 store] 
Database 'C:\Users\gaizk\Desktop\Workspace\Lab2db4o\America.odb' is opened by 1492@Gaizka

[2025-02-17 19:11:32 #2 type] 
Type domain.Country is not enhanced.

[2025-02-17 19:11:32 #3 type] 
Type domain.President is not enhanced.

[2025-02-17 19:11:32 #4 type] 
Type domain.City is not enhanced.

------------------------------------------------------------------------------------------------------------------------

[2025-02-17 19:11:44 #1 store] 
Database 'C:\Users\gaizk\Desktop\Workspace\Lab2db4o\America.odb' is opened by 12532@Gaizka

[2025-02-17 19:11:44 #2 type] 
Type domain.Country is not enhanced.

[2025-02-17 19:11:44 #3 type] 
Type domain.President is not enhanced.

[2025-02-17 19:11:44 #4 type] 
Type domain.City is not enhanced.

------------------------------------------------------------------------------------------------------------------------

[2025-02-17 19:21:14 #1 store] 
Database 'C:\Users\gaizk\Desktop\Workspace\Lab2db4o\America.odb' is opened by 9160@Gaizka

[2025-02-17 19:21:15 #2 type] 
Type domain.Country is not enhanced.

[2025-02-17 19:21:15 #3 type] 
Type domain.President is not enhanced.

[2025-02-17 19:21:15 #4 type] 
Type domain.City is not enhanced.

